<?xml version="1.0" encoding="UTF-8"?>
<testsuite name="dev.fastcampus.kafka.ReactiveKafkaConsumerTest" tests="1" skipped="0" failures="0" errors="0" timestamp="2023-07-12T04:48:58" hostname="ONE1000084N005" time="0.206">
  <properties/>
  <testcase name="basic" classname="dev.fastcampus.kafka.ReactiveKafkaConsumerTest" time="0.206"/>
  <system-out><![CDATA[13:48:54.779 [Test worker @coroutine#2] INFO org.springframework.test.context.support.AnnotationConfigContextLoaderUtils -- Could not detect default configuration classes for test class [dev.fastcampus.kafka.ReactiveKafkaConsumerTest]: ReactiveKafkaConsumerTest does not declare any static, non-private, non-final, nested classes annotated with @Configuration.
13:48:54.868 [Test worker @coroutine#2] INFO org.springframework.boot.test.context.SpringBootTestContextBootstrapper -- Found @SpringBootConfiguration dev.fastcampus.kafka.ReactiveKafkaConsumer for test class dev.fastcampus.kafka.ReactiveKafkaConsumerTest

  .   ____          _            __ _ _
 /\\ / ___'_ __ _ _(_)_ __  __ _ \ \ \ \
( ( )\___ | '_ | '_| | '_ \/ _` | \ \ \ \
 \\/  ___)| |_)| | | | | || (_| |  ) ) ) )
  '  |____| .__|_| |_|_| |_\__, | / / / /
 =========|_|==============|___/=/_/_/_/
 :: Spring Boot ::                (v3.1.1)

13:48:55.362|?[34mINFO ?[0;39m|?[32mTest worker @coroutine#2?[0;39m|?[34m(Logging.scala:31)?[0;39m|Registered kafka:type=kafka.Log4jController MBean
13:48:55.380|?[34mINFO ?[0;39m|?[32mTest worker @coroutine#2?[0;39m|?[34m(ZookeeperBanner.java:42)?[0;39m|
13:48:55.380|?[34mINFO ?[0;39m|?[32mTest worker @coroutine#2?[0;39m|?[34m(ZookeeperBanner.java:42)?[0;39m|  ______                  _                                          
13:48:55.380|?[34mINFO ?[0;39m|?[32mTest worker @coroutine#2?[0;39m|?[34m(ZookeeperBanner.java:42)?[0;39m| |___  /                 | |                                         
13:48:55.380|?[34mINFO ?[0;39m|?[32mTest worker @coroutine#2?[0;39m|?[34m(ZookeeperBanner.java:42)?[0;39m|    / /    ___     ___   | | __   ___    ___   _ __     ___   _ __   
13:48:55.380|?[34mINFO ?[0;39m|?[32mTest worker @coroutine#2?[0;39m|?[34m(ZookeeperBanner.java:42)?[0;39m|   / /    / _ \   / _ \  | |/ /  / _ \  / _ \ | '_ \   / _ \ | '__|
13:48:55.380|?[34mINFO ?[0;39m|?[32mTest worker @coroutine#2?[0;39m|?[34m(ZookeeperBanner.java:42)?[0;39m|  / /__  | (_) | | (_) | |   <  |  __/ |  __/ | |_) | |  __/ | |    
13:48:55.381|?[34mINFO ?[0;39m|?[32mTest worker @coroutine#2?[0;39m|?[34m(ZookeeperBanner.java:42)?[0;39m| /_____|  \___/   \___/  |_|\_\  \___|  \___| | .__/   \___| |_|
13:48:55.381|?[34mINFO ?[0;39m|?[32mTest worker @coroutine#2?[0;39m|?[34m(ZookeeperBanner.java:42)?[0;39m|                                              | |                     
13:48:55.381|?[34mINFO ?[0;39m|?[32mTest worker @coroutine#2?[0;39m|?[34m(ZookeeperBanner.java:42)?[0;39m|                                              |_|                     
13:48:55.381|?[34mINFO ?[0;39m|?[32mTest worker @coroutine#2?[0;39m|?[34m(ZookeeperBanner.java:42)?[0;39m|
13:48:55.388|?[34mINFO ?[0;39m|?[32mTest worker @coroutine#2?[0;39m|?[34m(Environment.java:98)?[0;39m|Server environment:zookeeper.version=3.6.4--d65253dcf68e9097c6e95a126463fd5fdeb4521c, built on 12/18/2022 18:10 GMT
13:48:55.388|?[34mINFO ?[0;39m|?[32mTest worker @coroutine#2?[0;39m|?[34m(Environment.java:98)?[0;39m|Server environment:host.name=host.docker.internal
13:48:55.388|?[34mINFO ?[0;39m|?[32mTest worker @coroutine#2?[0;39m|?[34m(Environment.java:98)?[0;39m|Server environment:java.version=17.0.7
13:48:55.389|?[34mINFO ?[0;39m|?[32mTest worker @coroutine#2?[0;39m|?[34m(Environment.java:98)?[0;39m|Server environment:java.vendor=GraalVM Community
13:48:55.389|?[34mINFO ?[0;39m|?[32mTest worker @coroutine#2?[0;39m|?[34m(Environment.java:98)?[0;39m|Server environment:java.home=C:\Users\1000084\.jdks\graalvm-ce-java17-22.3.2
13:48:55.389|?[34mINFO ?[0;39m|?[32mTest worker @coroutine#2?[0;39m|?[34m(Environment.java:98)?[0;39m|Server environment:java.class.path=C:\\Users\\1000084\\.gradle\\caches\\8.1.1\\workerMain\\gradle-worker.jar;C:\\NIDE\\workspace\\study-spring\\kafka\\v04.consumer-reactive\\build\\classes\\kotlin\\test;C:\\NIDE\\workspace\\study-spring\\kafka\\v04.consumer-reactive\\build\\classes\\kotlin\\main;C:\\NIDE\\workspace\\study-spring\\kafka\\v04.consumer-reactive\\build\\resources\\main;C:\\Users\\1000084\\.gradle\\caches\\modules-2\\files-2.1\\io.kotest.extensions\\kotest-extensions-spring\\1.1.3\\d2a5f770931a19134f27197da81be5745d5951dd\\kotest-extensions-spring-1.1.3.jar;C:\\Users\\1000084\\.gradle\\caches\\modules-2\\files-2.1\\org.jetbrains.kotlinx\\kotlinx-coroutines-reactive\\1.6.4\\e35b77a7cb75319cc59d4a174c58739887c4aafc\\kotlinx-coroutines-reactive-1.6.4.jar;C:\\Users\\1000084\\.gradle\\caches\\modules-2\\files-2.1\\io.kotest\\kotest-runner-junit5-jvm\\5.6.1\\4b195280056ed9f65f44711e8847199fc1264109\\kotest-runner-junit5-jvm-5.6.1.jar;C:\\Users\\1000084\\.gradle\\caches\\modules-2\\files-2.1\\io.kotest\\kotest-assertions-core-jvm\\5.6.1\\5a9a77e73ac99fe02764b8352c47be79aa9c1892\\kotest-assertions-core-jvm-5.6.1.jar;C:\\Users\\1000084\\.gradle\\caches\\modules-2\\files-2.1\\io.kotest\\kotest-extensions-jvm\\5.6.1\\6b922bb3dde5b9addb13205c1222e0b2a3114bb0\\kotest-extensions-jvm-5.6.1.jar;C:\\Users\\1000084\\.gradle\\caches\\modules-2\\files-2.1\\io.kotest\\kotest-framework-engine-jvm\\5.6.1\\49a6062333f6f899f629b7d59f9697063dd1c8d3\\kotest-framework-engine-jvm-5.6.1.jar;C:\\Users\\1000084\\.gradle\\caches\\modules-2\\files-2.1\\io.kotest\\kotest-framework-concurrency-jvm\\5.6.1\\76beb9d59d4387e5998738811e63cac95fc34a06\\kotest-framework-concurrency-jvm-5.6.1.jar;C:\\Users\\1000084\\.gradle\\caches\\modules-2\\files-2.1\\io.kotest\\kotest-framework-api-jvm\\5.6.1\\d308da8a76add318f4c003851a20c6ea4d941d23\\kotest-framework-api-jvm-5.6.1.jar;C:\\Users\\1000084\\.gradle\\caches\\modules-2\\files-2.1\\io.kotest\\kotest-assertions-shared-jvm\\5.6.1\\5238bd7d3ae8a0801536602a5c27e1b368abb2d0\\kotest-assertions-shared-jvm-5.6.1.jar;C:\\Users\\1000084\\.gradle\\caches\\modules-2\\files-2.1\\org.jetbrains.kotlinx\\kotlinx-coroutines-jdk8\\1.6.4\\5bc4b0bf6fd90fc190fd2f17e919c74c6274cb71\\kotlinx-coroutines-jdk8-1.6.4.jar;C:\\Users\\1000084\\.gradle\\caches\\modules-2\\files-2.1\\io.kotest\\kotest-framework-discovery-jvm\\5.6.1\\53f53deed06d3e29a9f489a7edb6a3a2ed53bff4\\kotest-framework-discovery-jvm-5.6.1.jar;C:\\Users\\1000084\\.gradle\\caches\\modules-2\\files-2.1\\io.kotest\\kotest-common-jvm\\5.6.1\\22f699f33f633dc58a6aa9372869bca6869dbf88\\kotest-common-jvm-5.6.1.jar;C:\\Users\\1000084\\.gradle\\caches\\modules-2\\files-2.1\\org.jetbrains.kotlinx\\kotlinx-coroutines-debug\\1.6.4\\44285dd6fcec4bad505400d075f2783d18a46a11\\kotlinx-coroutines-debug-1.6.4.jar;C:\\Users\\1000084\\.gradle\\caches\\modules-2\\files-2.1\\org.jetbrains.kotlinx\\kotlinx-coroutines-test-jvm\\1.6.4\\27cee4a22d4149a86095bb1b4f4c5f10fbd3be97\\kotlinx-coroutines-test-jvm-1.6.4.jar;C:\\Users\\1000084\\.gradle\\caches\\modules-2\\files-2.1\\org.jetbrains.kotlinx\\kotlinx-coroutines-core-jvm\\1.6.4\\2c997cd1c0ef33f3e751d3831929aeff1390cb30\\kotlinx-coroutines-core-jvm-1.6.4.jar;C:\\Users\\1000084\\.gradle\\caches\\modules-2\\files-2.1\\org.jetbrains.kotlinx\\kotlinx-coroutines-reactor\\1.7.1\\cc10dad1d920cf09b9c88458bc4a17e26bdb5bf\\kotlinx-coroutines-reactor-1.7.1.jar;C:\\Users\\1000084\\.gradle\\caches\\modules-2\\files-2.1\\io.github.microutils\\kotlin-logging-jvm\\3.0.5\\82f2256aeedccfd9c27ea585274a50bf06517383\\kotlin-logging-jvm-3.0.5.jar;C:\\Users\\1000084\\.gradle\\caches\\modules-2\\files-2.1\\io.kotest\\kotest-assertions-api-jvm\\5.6.1\\38eb14f47f6add08ae2f9927adb1d3af6abb4aad\\kotest-assertions-api-jvm-5.6.1.jar;C:\\Users\\1000084\\.gradle\\caches\\modules-2\\files-2.1\\org.jetbrains.kotlin\\kotlin-stdlib-jdk8\\1.8.22\\b25c86d47d6b962b9cf0f8c3f320c8a10eea3dd1\\kotlin-stdlib-jdk8-1.8.22.jar;C:\\Users\\1000084\\.gradle\\caches\\modules-2\\files-2.1\\org.redisson\\redisson-spring-boot-starter\\3.21.3\\fa818e8f5b67da0f81379f236c6ae0b3800246fe\\redisson-spring-boot-starter-3.21.3.jar;C:\\Users\\1000084\\.gradle\\caches\\modules-2\\files-2.1\\io.projectreactor.addons\\reactor-extra\\3.5.1\\227cd47421ca0571c662f67428903c5c54777ef1\\reactor-extra-3.5.1.jar;C:\\Users\\1000084\\.gradle\\caches\\modules-2\\files-2.1\\org.testcontainers\\kafka\\1.17.6\\1975b93708e99340690690177a9c7bbf5aabc823\\kafka-1.17.6.jar;C:\\Users\\1000084\\.gradle\\caches\\modules-2\\files-2.1\\org.springframework.kafka\\spring-kafka-test\\3.0.8\\2336184ab2cebf24b90fdb82d0d0f0bf74236c4c\\spring-kafka-test-3.0.8.jar;C:\\Users\\1000084\\.gradle\\caches\\modules-2\\files-2.1\\org.apache.kafka\\kafka-streams-test-utils\\3.4.1\\d734d418ea7f354aeb794e4213f2a9ac01c421e6\\kafka-streams-test-utils-3.4.1.jar;C:\\Users\\1000084\\.gradle\\caches\\modules-2\\files-2.1\\org.apache.kafka\\kafka-streams\\3.4.1\\34a015ffb1d600f348ae1c3fd3a64dcbc9314c30\\kafka-streams-3.4.1.jar;C:\\Users\\1000084\\.gradle\\caches\\modules-2\\files-2.1\\org.redisson\\redisson-spring-data-30\\3.21.3\\a1b2e4df4e2fa5836fb7690859255c45e8738569\\redisson-spring-data-30-3.21.3.jar;C:\\Users\\1000084\\.gradle\\caches\\modules-2\\files-2.1\\org.redisson\\redisson\\3.21.3\\46beeaa2114c16fb67f22d6571af677b8bd8d923\\redisson-3.21.3.jar;C:\\Users\\1000084\\.gradle\\caches\\modules-2\\files-2.1\\org.apache.kafka\\kafka_2.13\\3.4.1\\abdaaefcae89fd0dd202be18093e04ddfc53d5b2\\kafka_2.13-3.4.1.jar;C:\\Users\\1000084\\.gradle\\caches\\modules-2\\files-2.1\\org.apache.kafka\\kafka_2.13\\3.4.1\\4a1223ed7bd937076bdeab65c61bb635f6905dc6\\kafka_2.13-3.4.1-test.jar;C:\\Users\\1000084\\.gradle\\caches\\modules-2\\files-2.1\\org.apache.kafka\\kafka-metadata\\3.4.1\\e91063c1fc7e555fbe199d1b6cce340e04f90136\\kafka-metadata-3.4.1.jar;C:\\Users\\1000084\\.gradle\\caches\\modules-2\\files-2.1\\org.springframework.boot\\spring-boot-starter-actuator\\3.1.1\\1493894a71ca54bd1c2ea35292222feeb3195a9f\\spring-boot-starter-actuator-3.1.1.jar;C:\\Users\\1000084\\.gradle\\caches\\modules-2\\files-2.1\\org.springframework.boot\\spring-boot-actuator-autoconfigure\\3.1.1\\f18262b3d9c0d2e11e1318e4761b7a7b26a39728\\spring-boot-actuator-autoconfigure-3.1.1.jar;C:\\Users\\1000084\\.gradle\\caches\\modules-2\\files-2.1\\com.fasterxml.jackson.dataformat\\jackson-dataformat-yaml\\2.15.2\\58194ff9f51915ad6bf6b6f24818232d7566418a\\jackson-dataformat-yaml-2.15.2.jar;C:\\Users\\1000084\\.gradle\\caches\\modules-2\\files-2.1\\org.apache.kafka\\kafka-raft\\3.4.1\\3c8a3290386a7a3be488db0d0507706770c7c4f6\\kafka-raft-3.4.1.jar;C:\\Users\\1000084\\.gradle\\caches\\modules-2\\files-2.1\\org.apache.kafka\\kafka-storage\\3.4.1\\a057dc62339f6b2bc0ebc5bd728d0055c6e2c160\\kafka-storage-3.4.1.jar;C:\\Users\\1000084\\.gradle\\caches\\modules-2\\files-2.1\\com.fasterxml.jackson.datatype\\jackson-datatype-jdk8\\2.15.2\\66a50e089cfd2f93896b9b6f7a734cea7bcf2f31\\jackson-datatype-jdk8-2.15.2.jar;C:\\Users\\1000084\\.gradle\\caches\\modules-2\\files-2.1\\com.fasterxml.jackson.module\\jackson-module-scala_2.13\\2.15.2\\405653902e735adbd95c323f68e6a787f0c55c45\\jackson-module-scala_2.13-2.15.2.jar;C:\\Users\\1000084\\.gradle\\caches\\modules-2\\files-2.1\\com.fasterxml.jackson.dataformat\\jackson-dataformat-csv\\2.15.2\\2de7d1c43f3e99526a5debdf26fc6b1192e811f0\\jackson-dataformat-csv-2.15.2.jar;C:\\Users\\1000084\\.gradle\\caches\\modules-2\\files-2.1\\com.fasterxml.jackson.core\\jackson-databind\\2.15.2\\9353b021f10c307c00328f52090de2bdb4b6ff9c\\jackson-databind-2.15.2.jar;C:\\Users\\1000084\\.gradle\\caches\\modules-2\\files-2.1\\org.testcontainers\\junit-jupiter\\1.17.6\\94e9894bc665909e208959390ea6540309ce231e\\junit-jupiter-1.17.6.jar;C:\\Users\\1000084\\.gradle\\caches\\modules-2\\files-2.1\\org.testcontainers\\testcontainers\\1.18.3\\a82f6258f92d50d278b9c67bdf5eabcaa5c08654\\testcontainers-1.18.3.jar;C:\\Users\\1000084\\.gradle\\caches\\modules-2\\files-2.1\\com.github.docker-java\\docker-java-api\\3.3.0\\67a002d74f20f81c8639317404eb147556caeda7\\docker-java-api-3.3.0.jar;C:\\Users\\1000084\\.gradle\\caches\\modules-2\\files-2.1\\com.fasterxml.jackson.core\\jackson-annotations\\2.15.2\\4724a65ac8e8d156a24898d50fd5dbd3642870b8\\jackson-annotations-2.15.2.jar;C:\\Users\\1000084\\.gradle\\caches\\modules-2\\files-2.1\\com.fasterxml.jackson.core\\jackson-core\\2.15.2\\a6fe1836469a69b3ff66037c324d75fc66ef137c\\jackson-core-2.15.2.jar;C:\\Users\\1000084\\.gradle\\caches\\modules-2\\files-2.1\\com.fasterxml.jackson.datatype\\jackson-datatype-jsr310\\2.15.2\\30d16ec2aef6d8094c5e2dce1d95034ca8b6cb42\\jackson-datatype-jsr310-2.15.2.jar;C:\\Users\\1000084\\.gradle\\caches\\modules-2\\files-2.1\\io.projectreactor.kafka\\reactor-kafka\\1.3.18\\7e9fd9657ac952f32491434bf271fd69d203f35a\\reactor-kafka-1.3.18.jar;C:\\Users\\1000084\\.gradle\\caches\\modules-2\\files-2.1\\org.springframework.boot\\spring-boot-starter-test\\3.1.1\\6e69181686ec1c9af137f038ddf6cd1830a2af19\\spring-boot-starter-test-3.1.1.jar;C:\\Users\\1000084\\.gradle\\caches\\modules-2\\files-2.1\\org.springframework.boot\\spring-boot-starter-data-redis\\3.1.1\\d2caeff2e6af5871f92c51b07e19d66198e86899\\spring-boot-starter-data-redis-3.1.1.jar;C:\\Users\\1000084\\.gradle\\caches\\modules-2\\files-2.1\\org.springframework.boot\\spring-boot-starter\\3.1.1\\cf74eeaef5a265c75dd89fea829391bf08efdb6c\\spring-boot-starter-3.1.1.jar;C:\\Users\\1000084\\.gradle\\caches\\modules-2\\files-2.1\\org.jetbrains.kotlin\\kotlin-reflect\\1.8.22\\b52be44bc57cb6fd2169a29aefa4507c4e49c858\\kotlin-reflect-1.8.22.jar;C:\\Users\\1000084\\.gradle\\caches\\modules-2\\files-2.1\\org.springframework.kafka\\spring-kafka\\3.0.8\\5414e0e12541429e19cb8f120bb7479d0b79f4e9\\spring-kafka-3.0.8.jar;C:\\Users\\1000084\\.gradle\\caches\\modules-2\\files-2.1\\org.jetbrains.kotlin\\kotlin-stdlib-jdk7\\1.8.22\\4dabb8248310d833bb6a8b516024a91fd3d275c\\kotlin-stdlib-jdk7-1.8.22.jar;C:\\Users\\1000084\\.gradle\\caches\\modules-2\\files-2.1\\com.github.ajalt\\mordant\\1.2.1\\6cbab1a74ab6dafbf81b7706733d4c2fbaff2e0b\\mordant-1.2.1.jar;C:\\Users\\1000084\\.gradle\\caches\\modules-2\\files-2.1\\com.github.ajalt\\colormath\\1.2.0\\c62f49b31f34588dbbfb477c08fd56bc3026d202\\colormath-1.2.0.jar;C:\\Users\\1000084\\.gradle\\caches\\modules-2\\files-2.1\\org.jetbrains.kotlin\\kotlin-stdlib\\1.8.22\\636bf8b320e7627482771bbac9ed7246773c02bd\\kotlin-stdlib-1.8.22.jar;C:\\Users\\1000084\\.gradle\\caches\\modules-2\\files-2.1\\io.projectreactor\\reactor-core\\3.5.7\\e6c6027d106da0140c266c72cd41b066a4b84802\\reactor-core-3.5.7.jar;C:\\Users\\1000084\\.gradle\\caches\\modules-2\\files-2.1\\org.apache.kafka\\kafka-group-coordinator\\3.4.1\\efff581581a27ccab79032551a4a14f05c70d937\\kafka-group-coordinator-3.4.1.jar;C:\\Users\\1000084\\.gradle\\caches\\modules-2\\files-2.1\\org.apache.kafka\\kafka-server-common\\3.4.1\\a6053b5de69e61af7c397e71a30f444be41031f0\\kafka-server-common-3.4.1.jar;C:\\Users\\1000084\\.gradle\\caches\\modules-2\\files-2.1\\org.apache.kafka\\kafka-storage-api\\3.4.1\\e79aac2d3d1a5765bcb1e842e35b2eef8e688020\\kafka-storage-api-3.4.1.jar;C:\\Users\\1000084\\.gradle\\caches\\modules-2\\files-2.1\\org.apache.kafka\\kafka-clients\\3.4.1\\a2f55251deb3d31a21903a0cfbd4d1fa6b7463ca\\kafka-clients-3.4.1.jar;C:\\Users\\1000084\\.gradle\\caches\\modules-2\\files-2.1\\org.apache.kafka\\kafka-clients\\3.4.1\\eccad2d7f67d58a9d28b34e6fe63cd78767bb6af\\kafka-clients-3.4.1-test.jar;C:\\Users\\1000084\\.gradle\\caches\\modules-2\\files-2.1\\org.springframework.boot\\spring-boot-test-autoconfigure\\3.1.1\\4d6b05666438577e2fa7a1cbad6f58956bee34d7\\spring-boot-test-autoconfigure-3.1.1.jar;C:\\Users\\1000084\\.gradle\\caches\\modules-2\\files-2.1\\org.springframework.boot\\spring-boot-autoconfigure\\3.1.1\\618ec717eef4ba2ff347c7713150aac8e73fe233\\spring-boot-autoconfigure-3.1.1.jar;C:\\Users\\1000084\\.gradle\\caches\\modules-2\\files-2.1\\org.springframework.boot\\spring-boot-test\\3.1.1\\8481164eedc07955e903cb4442dc23a868eecb8d\\spring-boot-test-3.1.1.jar;C:\\Users\\1000084\\.gradle\\caches\\modules-2\\files-2.1\\org.springframework.boot\\spring-boot-actuator\\3.1.1\\bf97ee56143a4614fbf90a8a845c2b930e71c3fa\\spring-boot-actuator-3.1.1.jar;C:\\Users\\1000084\\.gradle\\caches\\modules-2\\files-2.1\\org.springframework.boot\\spring-boot\\3.1.1\\f8f80c1453c8fe0e08a6235f983d8daf571d3e3\\spring-boot-3.1.1.jar;C:\\Users\\1000084\\.gradle\\caches\\modules-2\\files-2.1\\org.springframework.boot\\spring-boot-starter-logging\\3.1.1\\53bb456e4bf8f751de5a6ce154707b052946fd43\\spring-boot-starter-logging-3.1.1.jar;C:\\Users\\1000084\\.gradle\\caches\\modules-2\\files-2.1\\jakarta.annotation\\jakarta.annotation-api\\2.1.1\\48b9bda22b091b1f48b13af03fe36db3be6e1ae3\\jakarta.annotation-api-2.1.1.jar;C:\\Users\\1000084\\.gradle\\caches\\modules-2\\files-2.1\\org.springframework.data\\spring-data-redis\\3.1.1\\cafb1d24ddf242b30743481636e474e0312d3b1d\\spring-data-redis-3.1.1.jar;C:\\Users\\1000084\\.gradle\\caches\\modules-2\\files-2.1\\org.springframework.data\\spring-data-keyvalue\\3.1.1\\13f235717b82e31f9d62ab8cf0dea07ee735a3\\spring-data-keyvalue-3.1.1.jar;C:\\Users\\1000084\\.gradle\\caches\\modules-2\\files-2.1\\org.springframework\\spring-context-support\\6.0.10\\e17f092cc4d25252a0703e7a5bc8c18af4ce03c2\\spring-context-support-6.0.10.jar;C:\\Users\\1000084\\.gradle\\caches\\modules-2\\files-2.1\\org.springframework\\spring-context\\6.0.10\\e2bd59f05c95647a274b7719d419cf8fde6f25a0\\spring-context-6.0.10.jar;C:\\Users\\1000084\\.gradle\\caches\\modules-2\\files-2.1\\org.springframework\\spring-messaging\\6.0.10\\4854409bad759c2e65456b421604acf97e0237fc\\spring-messaging-6.0.10.jar;C:\\Users\\1000084\\.gradle\\caches\\modules-2\\files-2.1\\org.springframework\\spring-tx\\6.0.10\\459698d22aadc881afe425934cca79cc1f6bce91\\spring-tx-6.0.10.jar;C:\\Users\\1000084\\.gradle\\caches\\modules-2\\files-2.1\\org.springframework\\spring-test\\6.0.10\\8773ebcd0e6822e2e5a816752cbe2419d7b1b4b4\\spring-test-6.0.10.jar;C:\\Users\\1000084\\.gradle\\caches\\modules-2\\files-2.1\\org.springframework\\spring-aop\\6.0.10\\cc309a306fa759018b107dea9a208c758af0297\\spring-aop-6.0.10.jar;C:\\Users\\1000084\\.gradle\\caches\\modules-2\\files-2.1\\org.springframework\\spring-oxm\\6.0.10\\fc055653d017fc692c51df2176694eacf023f42b\\spring-oxm-6.0.10.jar;C:\\Users\\1000084\\.gradle\\caches\\modules-2\\files-2.1\\org.springframework.data\\spring-data-commons\\3.1.1\\cfc10ccc41910b7b6e83cf27debaac73229572e0\\spring-data-commons-3.1.1.jar;C:\\Users\\1000084\\.gradle\\caches\\modules-2\\files-2.1\\org.springframework\\spring-beans\\6.0.10\\8fc0684773cc1598edd810660f57d9e9c8ae6055\\spring-beans-6.0.10.jar;C:\\Users\\1000084\\.gradle\\caches\\modules-2\\files-2.1\\org.springframework\\spring-expression\\6.0.10\\bd8c93e473e713fe9150a772487507a8e600d5f1\\spring-expression-6.0.10.jar;C:\\Users\\1000084\\.gradle\\caches\\modules-2\\files-2.1\\org.springframework\\spring-core\\6.0.10\\889aa214b6607763ddeb6bd391d682cd71681b36\\spring-core-6.0.10.jar;C:\\Users\\1000084\\.gradle\\caches\\modules-2\\files-2.1\\org.yaml\\snakeyaml\\1.33\\2cd0a87ff7df953f810c344bdf2fe3340b954c69\\snakeyaml-1.33.jar;C:\\Users\\1000084\\.gradle\\caches\\modules-2\\files-2.1\\com.jayway.jsonpath\\json-path\\2.8.0\\b4ab3b7a9e425655a0ca65487bbbd6d7ddb75160\\json-path-2.8.0.jar;C:\\Users\\1000084\\.gradle\\caches\\modules-2\\files-2.1\\com.github.docker-java\\docker-java-transport-zerodep\\3.3.0\\fe977c85281b5c779406497d90e2913f51a1e9ea\\docker-java-transport-zerodep-3.3.0.jar;C:\\Users\\1000084\\.gradle\\caches\\modules-2\\files-2.1\\ch.qos.logback\\logback-classic\\1.4.8\\f00ba91d993e4d14301b11968d3cacc3be7ef3e1\\logback-classic-1.4.8.jar;C:\\Users\\1000084\\.gradle\\caches\\modules-2\\files-2.1\\org.apache.logging.log4j\\log4j-to-slf4j\\2.20.0\\d37f81f8978e2672bc32c82712ab4b3f66624adc\\log4j-to-slf4j-2.20.0.jar;C:\\Users\\1000084\\.gradle\\caches\\modules-2\\files-2.1\\org.slf4j\\jul-to-slf4j\\2.0.7\\a48f44aeaa8a5ddc347007298a28173ac1fbbd8b\\jul-to-slf4j-2.0.7.jar;C:\\Users\\1000084\\.gradle\\caches\\modules-2\\files-2.1\\com.yammer.metrics\\metrics-core\\2.2.0\\f82c035cfa786d3cbec362c38c22a5f5b1bc8724\\metrics-core-2.2.0.jar;C:\\Users\\1000084\\.gradle\\caches\\modules-2\\files-2.1\\org.apache.zookeeper\\zookeeper\\3.6.4\\7c035d7130a0dcb55e9566ba304ebda4763b002d\\zookeeper-3.6.4.jar;C:\\Users\\1000084\\.gradle\\caches\\modules-2\\files-2.1\\org.bitbucket.b_c\\jose4j\\0.9.3\\9670e11587194cb6b1b2edcaa688a3fab85b4148\\jose4j-0.9.3.jar;C:\\Users\\1000084\\.gradle\\caches\\modules-2\\files-2.1\\com.typesafe.scala-logging\\scala-logging_2.13\\3.9.4\\e5838ddcf8c1c2b612a7956b9f80423a508675db\\scala-logging_2.13-3.9.4.jar;C:\\Users\\1000084\\.gradle\\caches\\modules-2\\files-2.1\\io.dropwizard.metrics\\metrics-core\\4.2.19\\d32b4c3f3e733bf4cb239ca4204fbed8464973a5\\metrics-core-4.2.19.jar;C:\\Users\\1000084\\.gradle\\caches\\modules-2\\files-2.1\\org.slf4j\\slf4j-api\\2.0.7\\41eb7184ea9d556f23e18b5cb99cad1f8581fc00\\slf4j-api-2.0.7.jar;C:\\Users\\1000084\\.gradle\\caches\\modules-2\\files-2.1\\org.rocksdb\\rocksdbjni\\7.1.2\\ffe87d1c5d5b3a46d065cc4cf5311f18d8233a6b\\rocksdbjni-7.1.2.jar;C:\\Users\\1000084\\.gradle\\caches\\modules-2\\files-2.1\\org.springframework.retry\\spring-retry\\2.0.2\\bd0d8859447e4311c0e0e4bfb5d571d57d9011cf\\spring-retry-2.0.2.jar;C:\\Users\\1000084\\.gradle\\caches\\modules-2\\files-2.1\\io.micrometer\\micrometer-core\\1.11.1\\931e247d08dd2749e8b999e104a1cee6b9ab4026\\micrometer-core-1.11.1.jar;C:\\Users\\1000084\\.gradle\\caches\\modules-2\\files-2.1\\io.micrometer\\micrometer-observation\\1.11.1\\9027a35892c7e08ea8affce87b3662b6ceca122c\\micrometer-observation-1.11.1.jar;C:\\Users\\1000084\\.gradle\\caches\\modules-2\\files-2.1\\com.google.code.findbugs\\jsr305\\3.0.2\\25ea2e8b0c338a877313bd4672d3fe056ea78f0d\\jsr305-3.0.2.jar;C:\\Users\\1000084\\.gradle\\caches\\modules-2\\files-2.1\\org.junit.platform\\junit-platform-launcher\\1.9.3\\485650bfe2a2f39b606a6ca013285afda2eaee79\\junit-platform-launcher-1.9.3.jar;C:\\Users\\1000084\\.gradle\\caches\\modules-2\\files-2.1\\org.junit.jupiter\\junit-jupiter-engine\\5.9.3\\355322b03bf39306a183162cd06626c206f0286b\\junit-jupiter-engine-5.9.3.jar;C:\\Users\\1000084\\.gradle\\caches\\modules-2\\files-2.1\\org.junit.platform\\junit-platform-engine\\1.9.3\\8616734a190f8d307376aeb7353dba0a2c037a09\\junit-platform-engine-1.9.3.jar;C:\\Users\\1000084\\.gradle\\caches\\modules-2\\files-2.1\\org.junit.platform\\junit-platform-suite-api\\1.9.3\\4cabe88369cb7977072701bbb6df2c8db1f0570f\\junit-platform-suite-api-1.9.3.jar;C:\\Users\\1000084\\.gradle\\caches\\modules-2\\files-2.1\\org.junit.platform\\junit-platform-commons\\1.9.3\\36b2e26a90c41603be7f0094bee80e3f8a2cd4d4\\junit-platform-commons-1.9.3.jar;C:\\Users\\1000084\\.gradle\\caches\\modules-2\\files-2.1\\org.junit.jupiter\\junit-jupiter-params\\5.9.3\\9e2a4bf6016a1975f408a73523392875cff7c26f\\junit-jupiter-params-5.9.3.jar;C:\\Users\\1000084\\.gradle\\caches\\modules-2\\files-2.1\\org.junit.jupiter\\junit-jupiter\\5.9.3\\72e840501e1550e9799c9a5cc9483d7d6b29e0ba\\junit-jupiter-5.9.3.jar;C:\\Users\\1000084\\.gradle\\caches\\modules-2\\files-2.1\\org.mockito\\mockito-junit-jupiter\\5.3.1\\d6ac0f6d54addf02def4ba1213f73a15ae6c2308\\mockito-junit-jupiter-5.3.1.jar;C:\\Users\\1000084\\.gradle\\caches\\modules-2\\files-2.1\\org.junit.jupiter\\junit-jupiter-api\\5.9.3\\815818ad6ffcc8d320d8fbdf3d748c753cf83201\\junit-jupiter-api-5.9.3.jar;C:\\Users\\1000084\\.gradle\\caches\\modules-2\\files-2.1\\org.assertj\\assertj-core\\3.24.2\\ebbf338e33f893139459ce5df023115971c2786f\\assertj-core-3.24.2.jar;C:\\Users\\1000084\\.gradle\\caches\\modules-2\\files-2.1\\org.mockito\\mockito-core\\5.3.1\\7cac313592a29ae5e29c52c22b15c3ae5ab561b2\\mockito-core-5.3.1.jar;C:\\Users\\1000084\\.gradle\\caches\\modules-2\\files-2.1\\net.bytebuddy\\byte-buddy\\1.14.5\\28a424c0c4f362568e904d992c239c996cf7adc7\\byte-buddy-1.14.5.jar;C:\\Users\\1000084\\.gradle\\caches\\modules-2\\files-2.1\\jakarta.xml.bind\\jakarta.xml.bind-api\\4.0.0\\bbb399208d288b15ec101fa4fcfc4bd77cedc97a\\jakarta.xml.bind-api-4.0.0.jar;C:\\Users\\1000084\\.gradle\\caches\\modules-2\\files-2.1\\net.minidev\\json-smart\\2.4.11\\cc5888f14a5768f254b97bafe8b9fd29b31e872e\\json-smart-2.4.11.jar;C:\\Users\\1000084\\.gradle\\caches\\modules-2\\files-2.1\\junit\\junit\\4.13.2\\8ac9e16d933b6fb43bc7f576336b8f4d7eb5ba12\\junit-4.13.2.jar;C:\\Users\\1000084\\.gradle\\caches\\modules-2\\files-2.1\\org.hamcrest\\hamcrest-core\\2.2\\3f2bd07716a31c395e2837254f37f21f0f0ab24b\\hamcrest-core-2.2.jar;C:\\Users\\1000084\\.gradle\\caches\\modules-2\\files-2.1\\org.hamcrest\\hamcrest\\2.2\\1820c0968dba3a11a1b30669bb1f01978a91dedc\\hamcrest-2.2.jar;C:\\Users\\1000084\\.gradle\\caches\\modules-2\\files-2.1\\org.skyscreamer\\jsonassert\\1.5.1\\6d842d0faf4cf6725c509a5e5347d319ee0431c3\\jsonassert-1.5.1.jar;C:\\Users\\1000084\\.gradle\\caches\\modules-2\\files-2.1\\org.xmlunit\\xmlunit-core\\2.9.1\\e5833662d9a1279a37da3ef6f62a1da29fcd68c4\\xmlunit-core-2.9.1.jar;C:\\Users\\1000084\\.gradle\\caches\\modules-2\\files-2.1\\org.jetbrains.kotlin\\kotlin-stdlib-common\\1.8.22\\1a8e3601703ae14bb58757ea6b2d8e8e5935a586\\kotlin-stdlib-common-1.8.22.jar;C:\\Users\\1000084\\.gradle\\caches\\modules-2\\files-2.1\\org.rnorth.duct-tape\\duct-tape\\1.0.8\\92edc22a9ab2f3e17c9bf700aaee377d50e8b530\\duct-tape-1.0.8.jar;C:\\Users\\1000084\\.gradle\\caches\\modules-2\\files-2.1\\org.jetbrains\\annotations\\17.0.0\\8ceead41f4e71821919dbdb7a9847608f1a938cb\\annotations-17.0.0.jar;C:\\Users\\1000084\\.gradle\\caches\\modules-2\\files-2.1\\io.netty\\netty-resolver-dns\\4.1.94.Final\\25bbe90e10685ce63c32bd0db56574cffffa28de\\netty-resolver-dns-4.1.94.Final.jar;C:\\Users\\1000084\\.gradle\\caches\\modules-2\\files-2.1\\io.netty\\netty-handler\\4.1.94.Final\\cd9121ce24d6d3f2898946d04b0ef3ec548b00b4\\netty-handler-4.1.94.Final.jar;C:\\Users\\1000084\\.gradle\\caches\\modules-2\\files-2.1\\io.netty\\netty-codec-dns\\4.1.94.Final\\9180660dc8479e1594b60b02fc27404af0ea43a6\\netty-codec-dns-4.1.94.Final.jar;C:\\Users\\1000084\\.gradle\\caches\\modules-2\\files-2.1\\io.netty\\netty-codec\\4.1.94.Final\\c70ef20ca338558147887df60f46341bc47f6900\\netty-codec-4.1.94.Final.jar;C:\\Users\\1000084\\.gradle\\caches\\modules-2\\files-2.1\\io.netty\\netty-transport-native-epoll\\4.1.94.Final\\1f77c54f1877d9ed51f207eb64a5634bdcc7efa1\\netty-transport-native-epoll-4.1.94.Final.jar;C:\\Users\\1000084\\.gradle\\caches\\modules-2\\files-2.1\\io.netty\\netty-transport-classes-epoll\\4.1.94.Final\\240e36cd5c2ffaf655913f8857f2d58b26394679\\netty-transport-classes-epoll-4.1.94.Final.jar;C:\\Users\\1000084\\.gradle\\caches\\modules-2\\files-2.1\\io.netty\\netty-transport-native-unix-common\\4.1.94.Final\\3fa5f9d04b6b782d869d6e0657d896eeadca5866\\netty-transport-native-unix-common-4.1.94.Final.jar;C:\\Users\\1000084\\.gradle\\caches\\modules-2\\files-2.1\\io.netty\\netty-transport\\4.1.94.Final\\ec783a737f96991a87b1d5794e2f9eb2024d708a\\netty-transport-4.1.94.Final.jar;C:\\Users\\1000084\\.gradle\\caches\\modules-2\\files-2.1\\io.netty\\netty-buffer\\4.1.94.Final\\eec248b26f16e888688e5bb37b7eeda76b78d2f7\\netty-buffer-4.1.94.Final.jar;C:\\Users\\1000084\\.gradle\\caches\\modules-2\\files-2.1\\io.netty\\netty-resolver\\4.1.94.Final\\e96f649e8e9dcb29a1f8e95328b99c9eb6cf76c2\\netty-resolver-4.1.94.Final.jar;C:\\Users\\1000084\\.gradle\\caches\\modules-2\\files-2.1\\io.netty\\netty-common\\4.1.94.Final\\ad4ecf779ebc794cd351f57792f56ea01387b868\\netty-common-4.1.94.Final.jar;C:\\Users\\1000084\\.gradle\\caches\\modules-2\\files-2.1\\javax.cache\\cache-api\\1.1.1\\c56fb980eb5208bfee29a9a5b9d951aba076bd91\\cache-api-1.1.1.jar;C:\\Users\\1000084\\.gradle\\caches\\modules-2\\files-2.1\\io.reactivex.rxjava3\\rxjava\\3.1.6\\fd824db2008535f59f2ac0c7bfe8d49fb7193e0\\rxjava-3.1.6.jar;C:\\Users\\1000084\\.gradle\\caches\\modules-2\\files-2.1\\org.reactivestreams\\reactive-streams\\1.0.4\\3864a1320d97d7b045f729a326e1e077661f31b7\\reactive-streams-1.0.4.jar;C:\\Users\\1000084\\.gradle\\caches\\modules-2\\files-2.1\\org.jboss.marshalling\\jboss-marshalling-river\\2.0.11.Final\\d05ee25288b94c93c10e1d8b726305898c4fd5bf\\jboss-marshalling-river-2.0.11.Final.jar;C:\\Users\\1000084\\.gradle\\caches\\modules-2\\files-2.1\\org.jboss.marshalling\\jboss-marshalling\\2.0.11.Final\\d21ac137e4ab8cff5c7b66445bd03e682d865136\\jboss-marshalling-2.0.11.Final.jar;C:\\Users\\1000084\\.gradle\\caches\\modules-2\\files-2.1\\com.esotericsoftware\\kryo\\5.5.0\\29ae74e3929c8e0c8239a490f5d21ca8c97ba379\\kryo-5.5.0.jar;C:\\Users\\1000084\\.gradle\\caches\\modules-2\\files-2.1\\org.jodd\\jodd-bean\\5.1.6\\5cbb398dda5c36908b123e98c373d3c1ef72f717\\jodd-bean-5.1.6.jar;C:\\Users\\1000084\\.gradle\\caches\\modules-2\\files-2.1\\org.apache.commons\\commons-compress\\1.23.0\\4af2060ea9b0c8b74f1854c6cafe4d43cfc161fc\\commons-compress-1.23.0.jar;C:\\Users\\1000084\\.gradle\\caches\\modules-2\\files-2.1\\com.github.luben\\zstd-jni\\1.5.2-1\\fad786abc1d1b81570e8d9a2fc8a1ef479bc27b6\\zstd-jni-1.5.2-1.jar;C:\\Users\\1000084\\.gradle\\caches\\modules-2\\files-2.1\\org.lz4\\lz4-java\\1.8.0\\4b986a99445e49ea5fbf5d149c4b63f6ed6c6780\\lz4-java-1.8.0.jar;C:\\Users\\1000084\\.gradle\\caches\\modules-2\\files-2.1\\org.xerial.snappy\\snappy-java\\1.1.8.4\\66f0d56454509f6e36175f2331572e250e04a6cc\\snappy-java-1.1.8.4.jar;C:\\Users\\1000084\\.gradle\\caches\\modules-2\\files-2.1\\org.springframework\\spring-jcl\\6.0.10\\cba44e98dab40a506c50978a0e5f11ceaa90b3ff\\spring-jcl-6.0.10.jar;C:\\Users\\1000084\\.gradle\\caches\\modules-2\\files-2.1\\io.micrometer\\micrometer-commons\\1.11.1\\45bc0f2aa4d6180f1a783f1930f307a4efbb12e8\\micrometer-commons-1.11.1.jar;C:\\Users\\1000084\\.gradle\\caches\\modules-2\\files-2.1\\org.opentest4j\\opentest4j\\1.2.0\\28c11eb91f9b6d8e200631d46e20a7f407f2a046\\opentest4j-1.2.0.jar;C:\\Users\\1000084\\.gradle\\caches\\modules-2\\files-2.1\\jakarta.activation\\jakarta.activation-api\\2.1.2\\640c0d5aff45dbff1e1a1bc09673ff3a02b1ba12\\jakarta.activation-api-2.1.2.jar;C:\\Users\\1000084\\.gradle\\caches\\modules-2\\files-2.1\\net.minidev\\accessors-smart\\2.4.11\\245ceca7bdf3190fbb977045c852d5f3c8efece1\\accessors-smart-2.4.11.jar;C:\\Users\\1000084\\.gradle\\caches\\modules-2\\files-2.1\\net.bytebuddy\\byte-buddy-agent\\1.14.5\\20f4e9b9d0ffb953657bfa4b92c0cceb27907d58\\byte-buddy-agent-1.14.5.jar;C:\\Users\\1000084\\.gradle\\caches\\modules-2\\files-2.1\\org.objenesis\\objenesis\\3.3\\1049c09f1de4331e8193e579448d0916d75b7631\\objenesis-3.3.jar;C:\\Users\\1000084\\.gradle\\caches\\modules-2\\files-2.1\\com.vaadin.external.google\\android-json\\0.0.20131108.vaadin1\\fa26d351fe62a6a17f5cda1287c1c6110dec413f\\android-json-0.0.20131108.vaadin1.jar;C:\\Users\\1000084\\.gradle\\caches\\modules-2\\files-2.1\\org.apache.zookeeper\\zookeeper-jute\\3.6.4\\873a0acd6a1434bec0e1b5a5ef88b07a20727fb4\\zookeeper-jute-3.6.4.jar;C:\\Users\\1000084\\.gradle\\caches\\modules-2\\files-2.1\\org.apache.yetus\\audience-annotations\\0.13.0\\8ad1147dcd02196e3924013679c6bf4c25d8c351\\audience-annotations-0.13.0.jar;C:\\Users\\1000084\\.gradle\\caches\\modules-2\\files-2.1\\net.sourceforge.argparse4j\\argparse4j\\0.7.0\\6f0621d0c3888de39e0f06d01f37ba53a798e657\\argparse4j-0.7.0.jar;C:\\Users\\1000084\\.gradle\\caches\\modules-2\\files-2.1\\net.sf.jopt-simple\\jopt-simple\\5.0.4\\4fdac2fbe92dfad86aa6e9301736f6b4342a3f5c\\jopt-simple-5.0.4.jar;C:\\Users\\1000084\\.gradle\\caches\\modules-2\\files-2.1\\org.scala-lang.modules\\scala-collection-compat_2.13\\2.10.0\\2464528d14329ff2b44bceff918d6c00300adcf4\\scala-collection-compat_2.13-2.10.0.jar;C:\\Users\\1000084\\.gradle\\caches\\modules-2\\files-2.1\\org.scala-lang.modules\\scala-java8-compat_2.13\\1.0.2\\5b54f60ccf03e41e24c466462a72475ee918c304\\scala-java8-compat_2.13-1.0.2.jar;C:\\Users\\1000084\\.gradle\\caches\\modules-2\\files-2.1\\org.scala-lang\\scala-reflect\\2.13.10\\f19c2a5fc93a63398a5cfc56a14f0abf1d28d27c\\scala-reflect-2.13.10.jar;C:\\Users\\1000084\\.gradle\\caches\\modules-2\\files-2.1\\commons-cli\\commons-cli\\1.4\\c51c00206bb913cd8612b24abd9fa98ae89719b1\\commons-cli-1.4.jar;C:\\Users\\1000084\\.gradle\\caches\\modules-2\\files-2.1\\org.scala-lang\\scala-library\\2.13.10\\67c1afabaea9ba51321159e70a78515647e1b73d\\scala-library-2.13.10.jar;C:\\Users\\1000084\\.gradle\\caches\\modules-2\\files-2.1\\org.hdrhistogram\\HdrHistogram\\2.1.12\\6eb7552156e0d517ae80cc2247be1427c8d90452\\HdrHistogram-2.1.12.jar;C:\\Users\\1000084\\.gradle\\caches\\modules-2\\files-2.1\\org.latencyutils\\LatencyUtils\\2.0.3\\769c0b82cb2421c8256300e907298a9410a2a3d3\\LatencyUtils-2.0.3.jar;C:\\Users\\1000084\\.gradle\\caches\\modules-2\\files-2.1\\com.esotericsoftware\\reflectasm\\1.11.9\\fd51ad1705d5e27d8785550172a4ab0cb9b8ad23\\reflectasm-1.11.9.jar;C:\\Users\\1000084\\.gradle\\caches\\modules-2\\files-2.1\\com.esotericsoftware\\minlog\\1.3.1\\a406e29d3a44d5f020d7b3218aee6d0952db4f73\\minlog-1.3.1.jar;C:\\Users\\1000084\\.gradle\\caches\\modules-2\\files-2.1\\org.jodd\\jodd-core\\5.1.6\\7e3904364d0891b58a958c47336d35518084ddec\\jodd-core-5.1.6.jar;C:\\Users\\1000084\\.gradle\\caches\\modules-2\\files-2.1\\com.github.docker-java\\docker-java-transport\\3.3.0\\5fc0ce9822d09506b36b0925c273f0751ede3df5\\docker-java-transport-3.3.0.jar;C:\\Users\\1000084\\.gradle\\caches\\modules-2\\files-2.1\\net.java.dev.jna\\jna-platform\\5.9.0\\c535a5bda553d7d7690356c825010da74b2671b5\\jna-platform-5.9.0.jar;C:\\Users\\1000084\\.gradle\\caches\\modules-2\\files-2.1\\net.java.dev.jna\\jna\\5.12.1\\b1e93a735caea94f503e95e6fe79bf9cdc1e985d\\jna-5.12.1.jar;C:\\Users\\1000084\\.gradle\\caches\\modules-2\\files-2.1\\ch.qos.logback\\logback-core\\1.4.8\\3fba9c105e0efc5ffdcda701379687917d5286f7\\logback-core-1.4.8.jar;C:\\Users\\1000084\\.gradle\\caches\\modules-2\\files-2.1\\org.apache.logging.log4j\\log4j-api\\2.20.0\\1fe6082e660daf07c689a89c94dc0f49c26b44bb\\log4j-api-2.20.0.jar;C:\\Users\\1000084\\.gradle\\caches\\modules-2\\files-2.1\\org.ow2.asm\\asm\\9.3\\8e6300ef51c1d801a7ed62d07cd221aca3a90640\\asm-9.3.jar;C:\\Users\\1000084\\.gradle\\caches\\modules-2\\files-2.1\\com.thoughtworks.paranamer\\paranamer\\2.8\\619eba74c19ccf1da8ebec97a2d7f8ba05773dd6\\paranamer-2.8.jar;C:\\Users\\1000084\\.gradle\\caches\\modules-2\\files-2.1\\io.github.classgraph\\classgraph\\4.8.157\\6618a0fab91cba321618db59d6b77f79590a80ac\\classgraph-4.8.157.jar;C:\\Users\\1000084\\.gradle\\caches\\modules-2\\files-2.1\\io.github.java-diff-utils\\java-diff-utils\\4.12\\1a712a91324d566eef39817fc5c9980eb10c21db\\java-diff-utils-4.12.jar
13:48:55.390|?[34mINFO ?[0;39m|?[32mTest worker @coroutine#2?[0;39m|?[34m(Environment.java:98)?[0;39m|Server environment:java.library.path=C:\Users\1000084\.jdks\graalvm-ce-java17-22.3.2\bin;C:\windows\Sun\Java\bin;C:\windows\system32;C:\windows;C:\Users\1000084\AppData\Roaming\Python\Python311\Scripts;C:\Program Files\Python311\Scripts\;C:\Program Files\Python311\;C:\windows\Softcamp\SDK;C:\windows\Softcamp\SDS\x64;C:\windows\Softcamp\SDS;C:\windows\system32;C:\windows;C:\windows\System32\Wbem;C:\windows\System32\WindowsPowerShell\v1.0\;C:\windows\System32\OpenSSH\;C:\Program Files\Bandizip\;C:\Program Files (x86)\Pulse Secure\VC142.CRT\X64\;C:\Program Files (x86)\Pulse Secure\VC142.CRT\X86\;C:\Program Files\nodejs\;c:\Users\1000084\.jdks\graalvm-ce-java17-22.3.2\bin;C:\Program Files\Git\cmd;c:\NIDE\bin\apache-maven-3.9.2\bin;C:\Program Files\Docker\Docker\resources\bin;C:\ProgramData\chocolatey\bin;C:\Users\1000084\AppData\Local\Microsoft\WindowsApps;C:\Users\1000084\AppData\Roaming\npm;.
13:48:55.390|?[34mINFO ?[0;39m|?[32mTest worker @coroutine#2?[0;39m|?[34m(Environment.java:98)?[0;39m|Server environment:java.io.tmpdir=C:\Users\1000084\AppData\Local\Temp\
13:48:55.390|?[34mINFO ?[0;39m|?[32mTest worker @coroutine#2?[0;39m|?[34m(Environment.java:98)?[0;39m|Server environment:java.compiler=<NA>
13:48:55.390|?[34mINFO ?[0;39m|?[32mTest worker @coroutine#2?[0;39m|?[34m(Environment.java:98)?[0;39m|Server environment:os.name=Windows 10
13:48:55.390|?[34mINFO ?[0;39m|?[32mTest worker @coroutine#2?[0;39m|?[34m(Environment.java:98)?[0;39m|Server environment:os.arch=amd64
13:48:55.390|?[34mINFO ?[0;39m|?[32mTest worker @coroutine#2?[0;39m|?[34m(Environment.java:98)?[0;39m|Server environment:os.version=10.0
13:48:55.390|?[34mINFO ?[0;39m|?[32mTest worker @coroutine#2?[0;39m|?[34m(Environment.java:98)?[0;39m|Server environment:user.name=1000084
13:48:55.390|?[34mINFO ?[0;39m|?[32mTest worker @coroutine#2?[0;39m|?[34m(Environment.java:98)?[0;39m|Server environment:user.home=C:\Users\1000084
13:48:55.391|?[34mINFO ?[0;39m|?[32mTest worker @coroutine#2?[0;39m|?[34m(Environment.java:98)?[0;39m|Server environment:user.dir=C:\NIDE\workspace\study-spring\kafka\v04.consumer-reactive
13:48:55.392|?[34mINFO ?[0;39m|?[32mTest worker @coroutine#2?[0;39m|?[34m(Environment.java:98)?[0;39m|Server environment:os.memory.free=298MB
13:48:55.393|?[34mINFO ?[0;39m|?[32mTest worker @coroutine#2?[0;39m|?[34m(Environment.java:98)?[0;39m|Server environment:os.memory.max=512MB
13:48:55.393|?[34mINFO ?[0;39m|?[32mTest worker @coroutine#2?[0;39m|?[34m(Environment.java:98)?[0;39m|Server environment:os.memory.total=512MB
13:48:55.393|?[34mINFO ?[0;39m|?[32mTest worker @coroutine#2?[0;39m|?[34m(ZooKeeperServer.java:129)?[0;39m|zookeeper.enableEagerACLCheck = false
13:48:55.395|?[34mINFO ?[0;39m|?[32mTest worker @coroutine#2?[0;39m|?[34m(ZooKeeperServer.java:137)?[0;39m|zookeeper.digest.enabled = true
13:48:55.395|?[34mINFO ?[0;39m|?[32mTest worker @coroutine#2?[0;39m|?[34m(ZooKeeperServer.java:141)?[0;39m|zookeeper.closeSessionTxn.enabled = true
13:48:55.395|?[34mINFO ?[0;39m|?[32mTest worker @coroutine#2?[0;39m|?[34m(ZooKeeperServer.java:1476)?[0;39m|zookeeper.flushDelay=0
13:48:55.395|?[34mINFO ?[0;39m|?[32mTest worker @coroutine#2?[0;39m|?[34m(ZooKeeperServer.java:1485)?[0;39m|zookeeper.maxWriteQueuePollTime=0
13:48:55.395|?[34mINFO ?[0;39m|?[32mTest worker @coroutine#2?[0;39m|?[34m(ZooKeeperServer.java:1494)?[0;39m|zookeeper.maxBatchSize=1000
13:48:55.395|?[34mINFO ?[0;39m|?[32mTest worker @coroutine#2?[0;39m|?[34m(ZooKeeperServer.java:254)?[0;39m|zookeeper.intBufferStartingSizeBytes = 1024
13:48:55.397|?[34mINFO ?[0;39m|?[32mTest worker @coroutine#2?[0;39m|?[34m(FileTxnSnapLog.java:124)?[0;39m|zookeeper.snapshot.trust.empty : false
13:48:55.416|?[34mINFO ?[0;39m|?[32mTest worker @coroutine#2?[0;39m|?[34m(WatchManagerFactory.java:42)?[0;39m|Using org.apache.zookeeper.server.watch.WatchManager as watch manager
13:48:55.416|?[34mINFO ?[0;39m|?[32mTest worker @coroutine#2?[0;39m|?[34m(WatchManagerFactory.java:42)?[0;39m|Using org.apache.zookeeper.server.watch.WatchManager as watch manager
13:48:55.417|?[34mINFO ?[0;39m|?[32mTest worker @coroutine#2?[0;39m|?[34m(ZKDatabase.java:132)?[0;39m|zookeeper.snapshotSizeFactor = 0.33
13:48:55.417|?[34mINFO ?[0;39m|?[32mTest worker @coroutine#2?[0;39m|?[34m(ZKDatabase.java:152)?[0;39m|zookeeper.commitLogCount=500
13:48:55.420|?[34mINFO ?[0;39m|?[32mTest worker @coroutine#2?[0;39m|?[34m(BlueThrottle.java:141)?[0;39m|Weighed connection throttling is disabled
13:48:55.421|?[34mINFO ?[0;39m|?[32mTest worker @coroutine#2?[0;39m|?[34m(ZooKeeperServer.java:1288)?[0;39m|minSessionTimeout set to 1600
13:48:55.422|?[34mINFO ?[0;39m|?[32mTest worker @coroutine#2?[0;39m|?[34m(ZooKeeperServer.java:1297)?[0;39m|maxSessionTimeout set to 16000
13:48:55.422|?[34mINFO ?[0;39m|?[32mTest worker @coroutine#2?[0;39m|?[34m(ResponseCache.java:45)?[0;39m|Response cache size is initialized with value 400.
13:48:55.423|?[34mINFO ?[0;39m|?[32mTest worker @coroutine#2?[0;39m|?[34m(ResponseCache.java:45)?[0;39m|Response cache size is initialized with value 400.
13:48:55.425|?[34mINFO ?[0;39m|?[32mTest worker @coroutine#2?[0;39m|?[34m(RequestPathMetricsCollector.java:109)?[0;39m|zookeeper.pathStats.slotCapacity = 60
13:48:55.425|?[34mINFO ?[0;39m|?[32mTest worker @coroutine#2?[0;39m|?[34m(RequestPathMetricsCollector.java:110)?[0;39m|zookeeper.pathStats.slotDuration = 15
13:48:55.425|?[34mINFO ?[0;39m|?[32mTest worker @coroutine#2?[0;39m|?[34m(RequestPathMetricsCollector.java:111)?[0;39m|zookeeper.pathStats.maxDepth = 6
13:48:55.426|?[34mINFO ?[0;39m|?[32mTest worker @coroutine#2?[0;39m|?[34m(RequestPathMetricsCollector.java:112)?[0;39m|zookeeper.pathStats.initialDelay = 5
13:48:55.426|?[34mINFO ?[0;39m|?[32mTest worker @coroutine#2?[0;39m|?[34m(RequestPathMetricsCollector.java:113)?[0;39m|zookeeper.pathStats.delay = 5
13:48:55.426|?[34mINFO ?[0;39m|?[32mTest worker @coroutine#2?[0;39m|?[34m(RequestPathMetricsCollector.java:114)?[0;39m|zookeeper.pathStats.enabled = false
13:48:55.428|?[34mINFO ?[0;39m|?[32mTest worker @coroutine#2?[0;39m|?[34m(ZooKeeperServer.java:1513)?[0;39m|The max bytes for all large requests are set to 104857600
13:48:55.428|?[34mINFO ?[0;39m|?[32mTest worker @coroutine#2?[0;39m|?[34m(ZooKeeperServer.java:1527)?[0;39m|The large request threshold is set to -1
13:48:55.428|?[34mINFO ?[0;39m|?[32mTest worker @coroutine#2?[0;39m|?[34m(ZooKeeperServer.java:350)?[0;39m|Created server with tickTime 800 minSessionTimeout 1600 maxSessionTimeout 16000 clientPortListenBacklog -1 datadir C:\Users\1000084\AppData\Local\Temp\kafka-13096187186116982389\version-2 snapdir C:\Users\1000084\AppData\Local\Temp\kafka-10882013527237860769\version-2
13:48:55.440|?[31mWARN ?[0;39m|?[32mTest worker @coroutine#2?[0;39m|?[34m(ServerCnxnFactory.java:309)?[0;39m|maxCnxns is not configured, using default value 0.
13:48:55.442|?[34mINFO ?[0;39m|?[32mTest worker @coroutine#2?[0;39m|?[34m(NIOServerCnxnFactory.java:666)?[0;39m|Configuring NIO connection handler with 10s sessionless connection timeout, 3 selector thread(s), 40 worker threads, and 64 kB direct buffers.
13:48:55.448|?[34mINFO ?[0;39m|?[32mTest worker @coroutine#2?[0;39m|?[34m(NIOServerCnxnFactory.java:674)?[0;39m|binding to port /127.0.0.1:0
13:48:55.463|?[34mINFO ?[0;39m|?[32mTest worker @coroutine#2?[0;39m|?[34m(SnapStream.java:61)?[0;39m|zookeeper.snapshot.compression.method = CHECKED
13:48:55.463|?[34mINFO ?[0;39m|?[32mTest worker @coroutine#2?[0;39m|?[34m(FileTxnSnapLog.java:479)?[0;39m|Snapshotting: 0x0 to C:\Users\1000084\AppData\Local\Temp\kafka-10882013527237860769\version-2\snapshot.0
13:48:55.467|?[34mINFO ?[0;39m|?[32mTest worker @coroutine#2?[0;39m|?[34m(ZKDatabase.java:289)?[0;39m|Snapshot loaded in 15 ms, highest zxid is 0x0, digest is 1371985504
13:48:55.468|?[34mINFO ?[0;39m|?[32mTest worker @coroutine#2?[0;39m|?[34m(FileTxnSnapLog.java:479)?[0;39m|Snapshotting: 0x0 to C:\Users\1000084\AppData\Local\Temp\kafka-10882013527237860769\version-2\snapshot.0
13:48:55.469|?[34mINFO ?[0;39m|?[32mTest worker @coroutine#2?[0;39m|?[34m(ZooKeeperServer.java:540)?[0;39m|Snapshot taken in 0 ms
13:48:55.479|?[34mINFO ?[0;39m|?[32mProcessThread(sid:0 cport:7665):?[0;39m|?[34m(PrepRequestProcessor.java:136)?[0;39m|PrepRequestProcessor (sid:0) started, reconfigEnabled=false
13:48:55.479|?[34mINFO ?[0;39m|?[32mTest worker @coroutine#2?[0;39m|?[34m(RequestThrottler.java:74)?[0;39m|zookeeper.request_throttler.shutdownTimeout = 10000
13:48:55.629|?[34mINFO ?[0;39m|?[32mTest worker @coroutine#2?[0;39m|?[34m(AbstractConfig.java:376)?[0;39m|KafkaConfig values: 
	advertised.listeners = null
	alter.config.policy.class.name = null
	alter.log.dirs.replication.quota.window.num = 11
	alter.log.dirs.replication.quota.window.size.seconds = 1
	authorizer.class.name = 
	auto.create.topics.enable = true
	auto.include.jmx.reporter = true
	auto.leader.rebalance.enable = true
	background.threads = 10
	broker.heartbeat.interval.ms = 2000
	broker.id = 0
	broker.id.generation.enable = true
	broker.rack = null
	broker.session.timeout.ms = 9000
	client.quota.callback.class = null
	compression.type = producer
	connection.failed.authentication.delay.ms = 100
	connections.max.idle.ms = 600000
	connections.max.reauth.ms = 0
	control.plane.listener.name = null
	controlled.shutdown.enable = false
	controlled.shutdown.max.retries = 3
	controlled.shutdown.retry.backoff.ms = 100
	controller.listener.names = null
	controller.quorum.append.linger.ms = 25
	controller.quorum.election.backoff.max.ms = 1000
	controller.quorum.election.timeout.ms = 1000
	controller.quorum.fetch.timeout.ms = 2000
	controller.quorum.request.timeout.ms = 2000
	controller.quorum.retry.backoff.ms = 20
	controller.quorum.voters = []
	controller.quota.window.num = 11
	controller.quota.window.size.seconds = 1
	controller.socket.timeout.ms = 1000
	create.topic.policy.class.name = null
	default.replication.factor = 1
	delegation.token.expiry.check.interval.ms = 3600000
	delegation.token.expiry.time.ms = 86400000
	delegation.token.master.key = null
	delegation.token.max.lifetime.ms = 604800000
	delegation.token.secret.key = null
	delete.records.purgatory.purge.interval.requests = 1
	delete.topic.enable = true
	early.start.listeners = null
	fetch.max.bytes = 57671680
	fetch.purgatory.purge.interval.requests = 1000
	group.initial.rebalance.delay.ms = 0
	group.max.session.timeout.ms = 1800000
	group.max.size = 2147483647
	group.min.session.timeout.ms = 6000
	initial.broker.registration.timeout.ms = 60000
	inter.broker.listener.name = null
	inter.broker.protocol.version = 3.4-IV0
	kafka.metrics.polling.interval.secs = 10
	kafka.metrics.reporters = []
	leader.imbalance.check.interval.seconds = 300
	leader.imbalance.per.broker.percentage = 10
	listener.security.protocol.map = PLAINTEXT:PLAINTEXT,SSL:SSL,SASL_PLAINTEXT:SASL_PLAINTEXT,SASL_SSL:SASL_SSL
	listeners = PLAINTEXT://localhost:9092
	log.cleaner.backoff.ms = 15000
	log.cleaner.dedupe.buffer.size = 2097152
	log.cleaner.delete.retention.ms = 86400000
	log.cleaner.enable = true
	log.cleaner.io.buffer.load.factor = 0.9
	log.cleaner.io.buffer.size = 524288
	log.cleaner.io.max.bytes.per.second = 1.7976931348623157E308
	log.cleaner.max.compaction.lag.ms = 9223372036854775807
	log.cleaner.min.cleanable.ratio = 0.5
	log.cleaner.min.compaction.lag.ms = 0
	log.cleaner.threads = 1
	log.cleanup.policy = [delete]
	log.dir = C:\Users\1000084\AppData\Local\Temp\spring.kafka.86a15d02-951d-4ab2-84dc-69e0a835be388078878772364644196
	log.dirs = null
	log.flush.interval.messages = 9223372036854775807
	log.flush.interval.ms = null
	log.flush.offset.checkpoint.interval.ms = 60000
	log.flush.scheduler.interval.ms = 9223372036854775807
	log.flush.start.offset.checkpoint.interval.ms = 60000
	log.index.interval.bytes = 4096
	log.index.size.max.bytes = 10485760
	log.message.downconversion.enable = true
	log.message.format.version = 3.0-IV1
	log.message.timestamp.difference.max.ms = 9223372036854775807
	log.message.timestamp.type = CreateTime
	log.preallocate = false
	log.retention.bytes = -1
	log.retention.check.interval.ms = 300000
	log.retention.hours = 168
	log.retention.minutes = null
	log.retention.ms = null
	log.roll.hours = 168
	log.roll.jitter.hours = 0
	log.roll.jitter.ms = null
	log.roll.ms = null
	log.segment.bytes = 1073741824
	log.segment.delete.delay.ms = 1000
	max.connection.creation.rate = 2147483647
	max.connections = 2147483647
	max.connections.per.ip = 2147483647
	max.connections.per.ip.overrides = 
	max.incremental.fetch.session.cache.slots = 1000
	message.max.bytes = 1048588
	metadata.log.dir = null
	metadata.log.max.record.bytes.between.snapshots = 20971520
	metadata.log.max.snapshot.interval.ms = 3600000
	metadata.log.segment.bytes = 1073741824
	metadata.log.segment.min.bytes = 8388608
	metadata.log.segment.ms = 604800000
	metadata.max.idle.interval.ms = 500
	metadata.max.retention.bytes = 104857600
	metadata.max.retention.ms = 604800000
	metric.reporters = []
	metrics.num.samples = 2
	metrics.recording.level = INFO
	metrics.sample.window.ms = 30000
	min.insync.replicas = 1
	node.id = 0
	num.io.threads = 8
	num.network.threads = 3
	num.partitions = 2
	num.recovery.threads.per.data.dir = 1
	num.replica.alter.log.dirs.threads = null
	num.replica.fetchers = 1
	offset.metadata.max.bytes = 4096
	offsets.commit.required.acks = -1
	offsets.commit.timeout.ms = 5000
	offsets.load.buffer.size = 5242880
	offsets.retention.check.interval.ms = 600000
	offsets.retention.minutes = 10080
	offsets.topic.compression.codec = 0
	offsets.topic.num.partitions = 5
	offsets.topic.replication.factor = 1
	offsets.topic.segment.bytes = 104857600
	password.encoder.cipher.algorithm = AES/CBC/PKCS5Padding
	password.encoder.iterations = 4096
	password.encoder.key.length = 128
	password.encoder.keyfactory.algorithm = null
	password.encoder.old.secret = null
	password.encoder.secret = null
	principal.builder.class = class org.apache.kafka.common.security.authenticator.DefaultKafkaPrincipalBuilder
	process.roles = []
	producer.id.expiration.check.interval.ms = 600000
	producer.id.expiration.ms = 86400000
	producer.purgatory.purge.interval.requests = 1000
	queued.max.request.bytes = -1
	queued.max.requests = 500
	quota.window.num = 11
	quota.window.size.seconds = 1
	remote.log.index.file.cache.total.size.bytes = 1073741824
	remote.log.manager.task.interval.ms = 30000
	remote.log.manager.task.retry.backoff.max.ms = 30000
	remote.log.manager.task.retry.backoff.ms = 500
	remote.log.manager.task.retry.jitter = 0.2
	remote.log.manager.thread.pool.size = 10
	remote.log.metadata.manager.class.name = null
	remote.log.metadata.manager.class.path = null
	remote.log.metadata.manager.impl.prefix = null
	remote.log.metadata.manager.listener.name = null
	remote.log.reader.max.pending.tasks = 100
	remote.log.reader.threads = 10
	remote.log.storage.manager.class.name = null
	remote.log.storage.manager.class.path = null
	remote.log.storage.manager.impl.prefix = null
	remote.log.storage.system.enable = false
	replica.fetch.backoff.ms = 1000
	replica.fetch.max.bytes = 1048576
	replica.fetch.min.bytes = 1
	replica.fetch.response.max.bytes = 10485760
	replica.fetch.wait.max.ms = 500
	replica.high.watermark.checkpoint.interval.ms = 9223372036854775807
	replica.lag.time.max.ms = 30000
	replica.selector.class = null
	replica.socket.receive.buffer.bytes = 65536
	replica.socket.timeout.ms = 1000
	replication.quota.window.num = 11
	replication.quota.window.size.seconds = 1
	request.timeout.ms = 30000
	reserved.broker.max.id = 1000
	sasl.client.callback.handler.class = null
	sasl.enabled.mechanisms = [GSSAPI]
	sasl.jaas.config = null
	sasl.kerberos.kinit.cmd = /usr/bin/kinit
	sasl.kerberos.min.time.before.relogin = 60000
	sasl.kerberos.principal.to.local.rules = [DEFAULT]
	sasl.kerberos.service.name = null
	sasl.kerberos.ticket.renew.jitter = 0.05
	sasl.kerberos.ticket.renew.window.factor = 0.8
	sasl.login.callback.handler.class = null
	sasl.login.class = null
	sasl.login.connect.timeout.ms = null
	sasl.login.read.timeout.ms = null
	sasl.login.refresh.buffer.seconds = 300
	sasl.login.refresh.min.period.seconds = 60
	sasl.login.refresh.window.factor = 0.8
	sasl.login.refresh.window.jitter = 0.05
	sasl.login.retry.backoff.max.ms = 10000
	sasl.login.retry.backoff.ms = 100
	sasl.mechanism.controller.protocol = GSSAPI
	sasl.mechanism.inter.broker.protocol = GSSAPI
	sasl.oauthbearer.clock.skew.seconds = 30
	sasl.oauthbearer.expected.audience = null
	sasl.oauthbearer.expected.issuer = null
	sasl.oauthbearer.jwks.endpoint.refresh.ms = 3600000
	sasl.oauthbearer.jwks.endpoint.retry.backoff.max.ms = 10000
	sasl.oauthbearer.jwks.endpoint.retry.backoff.ms = 100
	sasl.oauthbearer.jwks.endpoint.url = null
	sasl.oauthbearer.scope.claim.name = scope
	sasl.oauthbearer.sub.claim.name = sub
	sasl.oauthbearer.token.endpoint.url = null
	sasl.server.callback.handler.class = null
	sasl.server.max.receive.size = 524288
	security.inter.broker.protocol = PLAINTEXT
	security.providers = null
	socket.connection.setup.timeout.max.ms = 30000
	socket.connection.setup.timeout.ms = 10000
	socket.listen.backlog.size = 50
	socket.receive.buffer.bytes = 102400
	socket.request.max.bytes = 104857600
	socket.send.buffer.bytes = 102400
	ssl.cipher.suites = []
	ssl.client.auth = none
	ssl.enabled.protocols = [TLSv1.2, TLSv1.3]
	ssl.endpoint.identification.algorithm = https
	ssl.engine.factory.class = null
	ssl.key.password = null
	ssl.keymanager.algorithm = SunX509
	ssl.keystore.certificate.chain = null
	ssl.keystore.key = null
	ssl.keystore.location = null
	ssl.keystore.password = null
	ssl.keystore.type = JKS
	ssl.principal.mapping.rules = DEFAULT
	ssl.protocol = TLSv1.3
	ssl.provider = null
	ssl.secure.random.implementation = null
	ssl.trustmanager.algorithm = PKIX
	ssl.truststore.certificates = null
	ssl.truststore.location = null
	ssl.truststore.password = null
	ssl.truststore.type = JKS
	transaction.abort.timed.out.transaction.cleanup.interval.ms = 10000
	transaction.max.timeout.ms = 900000
	transaction.remove.expired.transaction.cleanup.interval.ms = 3600000
	transaction.state.log.load.buffer.size = 5242880
	transaction.state.log.min.isr = 2
	transaction.state.log.num.partitions = 50
	transaction.state.log.replication.factor = 3
	transaction.state.log.segment.bytes = 104857600
	transactional.id.expiration.ms = 604800000
	unclean.leader.election.enable = false
	zookeeper.clientCnxnSocket = null
	zookeeper.connect = 127.0.0.1:7665
	zookeeper.connection.timeout.ms = 10000
	zookeeper.max.in.flight.requests = 10
	zookeeper.metadata.migration.enable = false
	zookeeper.session.timeout.ms = 18000
	zookeeper.set.acl = false
	zookeeper.ssl.cipher.suites = null
	zookeeper.ssl.client.enable = false
	zookeeper.ssl.crl.enable = false
	zookeeper.ssl.enabled.protocols = null
	zookeeper.ssl.endpoint.identification.algorithm = HTTPS
	zookeeper.ssl.keystore.location = null
	zookeeper.ssl.keystore.password = null
	zookeeper.ssl.keystore.type = null
	zookeeper.ssl.ocsp.enable = false
	zookeeper.ssl.protocol = TLSv1.2
	zookeeper.ssl.truststore.location = null
	zookeeper.ssl.truststore.password = null
	zookeeper.ssl.truststore.type = null

13:48:55.652|?[34mINFO ?[0;39m|?[32mTest worker @coroutine#2?[0;39m|?[34m(X509Util.java:77)?[0;39m|Setting -D jdk.tls.rejectClientInitiatedRenegotiation=true to disable client-initiated TLS renegotiation
13:48:55.710|?[34mINFO ?[0;39m|?[32mTest worker @coroutine#2?[0;39m|?[34m(Logging.scala:66)?[0;39m|starting
13:48:55.711|?[34mINFO ?[0;39m|?[32mTest worker @coroutine#2?[0;39m|?[34m(Logging.scala:66)?[0;39m|Connecting to zookeeper on 127.0.0.1:7665
13:48:55.724|?[34mINFO ?[0;39m|?[32mTest worker @coroutine#2?[0;39m|?[34m(Logging.scala:66)?[0;39m|[ZooKeeperClient Kafka server] Initializing a new session to 127.0.0.1:7665.
13:48:55.727|?[34mINFO ?[0;39m|?[32mTest worker @coroutine#2?[0;39m|?[34m(Environment.java:98)?[0;39m|Client environment:zookeeper.version=3.6.4--d65253dcf68e9097c6e95a126463fd5fdeb4521c, built on 12/18/2022 18:10 GMT
13:48:55.727|?[34mINFO ?[0;39m|?[32mTest worker @coroutine#2?[0;39m|?[34m(Environment.java:98)?[0;39m|Client environment:host.name=host.docker.internal
13:48:55.727|?[34mINFO ?[0;39m|?[32mTest worker @coroutine#2?[0;39m|?[34m(Environment.java:98)?[0;39m|Client environment:java.version=17.0.7
13:48:55.727|?[34mINFO ?[0;39m|?[32mTest worker @coroutine#2?[0;39m|?[34m(Environment.java:98)?[0;39m|Client environment:java.vendor=GraalVM Community
13:48:55.727|?[34mINFO ?[0;39m|?[32mTest worker @coroutine#2?[0;39m|?[34m(Environment.java:98)?[0;39m|Client environment:java.home=C:\Users\1000084\.jdks\graalvm-ce-java17-22.3.2
13:48:55.728|?[34mINFO ?[0;39m|?[32mTest worker @coroutine#2?[0;39m|?[34m(Environment.java:98)?[0;39m|Client environment:java.class.path=C:\\Users\\1000084\\.gradle\\caches\\8.1.1\\workerMain\\gradle-worker.jar;C:\\NIDE\\workspace\\study-spring\\kafka\\v04.consumer-reactive\\build\\classes\\kotlin\\test;C:\\NIDE\\workspace\\study-spring\\kafka\\v04.consumer-reactive\\build\\classes\\kotlin\\main;C:\\NIDE\\workspace\\study-spring\\kafka\\v04.consumer-reactive\\build\\resources\\main;C:\\Users\\1000084\\.gradle\\caches\\modules-2\\files-2.1\\io.kotest.extensions\\kotest-extensions-spring\\1.1.3\\d2a5f770931a19134f27197da81be5745d5951dd\\kotest-extensions-spring-1.1.3.jar;C:\\Users\\1000084\\.gradle\\caches\\modules-2\\files-2.1\\org.jetbrains.kotlinx\\kotlinx-coroutines-reactive\\1.6.4\\e35b77a7cb75319cc59d4a174c58739887c4aafc\\kotlinx-coroutines-reactive-1.6.4.jar;C:\\Users\\1000084\\.gradle\\caches\\modules-2\\files-2.1\\io.kotest\\kotest-runner-junit5-jvm\\5.6.1\\4b195280056ed9f65f44711e8847199fc1264109\\kotest-runner-junit5-jvm-5.6.1.jar;C:\\Users\\1000084\\.gradle\\caches\\modules-2\\files-2.1\\io.kotest\\kotest-assertions-core-jvm\\5.6.1\\5a9a77e73ac99fe02764b8352c47be79aa9c1892\\kotest-assertions-core-jvm-5.6.1.jar;C:\\Users\\1000084\\.gradle\\caches\\modules-2\\files-2.1\\io.kotest\\kotest-extensions-jvm\\5.6.1\\6b922bb3dde5b9addb13205c1222e0b2a3114bb0\\kotest-extensions-jvm-5.6.1.jar;C:\\Users\\1000084\\.gradle\\caches\\modules-2\\files-2.1\\io.kotest\\kotest-framework-engine-jvm\\5.6.1\\49a6062333f6f899f629b7d59f9697063dd1c8d3\\kotest-framework-engine-jvm-5.6.1.jar;C:\\Users\\1000084\\.gradle\\caches\\modules-2\\files-2.1\\io.kotest\\kotest-framework-concurrency-jvm\\5.6.1\\76beb9d59d4387e5998738811e63cac95fc34a06\\kotest-framework-concurrency-jvm-5.6.1.jar;C:\\Users\\1000084\\.gradle\\caches\\modules-2\\files-2.1\\io.kotest\\kotest-framework-api-jvm\\5.6.1\\d308da8a76add318f4c003851a20c6ea4d941d23\\kotest-framework-api-jvm-5.6.1.jar;C:\\Users\\1000084\\.gradle\\caches\\modules-2\\files-2.1\\io.kotest\\kotest-assertions-shared-jvm\\5.6.1\\5238bd7d3ae8a0801536602a5c27e1b368abb2d0\\kotest-assertions-shared-jvm-5.6.1.jar;C:\\Users\\1000084\\.gradle\\caches\\modules-2\\files-2.1\\org.jetbrains.kotlinx\\kotlinx-coroutines-jdk8\\1.6.4\\5bc4b0bf6fd90fc190fd2f17e919c74c6274cb71\\kotlinx-coroutines-jdk8-1.6.4.jar;C:\\Users\\1000084\\.gradle\\caches\\modules-2\\files-2.1\\io.kotest\\kotest-framework-discovery-jvm\\5.6.1\\53f53deed06d3e29a9f489a7edb6a3a2ed53bff4\\kotest-framework-discovery-jvm-5.6.1.jar;C:\\Users\\1000084\\.gradle\\caches\\modules-2\\files-2.1\\io.kotest\\kotest-common-jvm\\5.6.1\\22f699f33f633dc58a6aa9372869bca6869dbf88\\kotest-common-jvm-5.6.1.jar;C:\\Users\\1000084\\.gradle\\caches\\modules-2\\files-2.1\\org.jetbrains.kotlinx\\kotlinx-coroutines-debug\\1.6.4\\44285dd6fcec4bad505400d075f2783d18a46a11\\kotlinx-coroutines-debug-1.6.4.jar;C:\\Users\\1000084\\.gradle\\caches\\modules-2\\files-2.1\\org.jetbrains.kotlinx\\kotlinx-coroutines-test-jvm\\1.6.4\\27cee4a22d4149a86095bb1b4f4c5f10fbd3be97\\kotlinx-coroutines-test-jvm-1.6.4.jar;C:\\Users\\1000084\\.gradle\\caches\\modules-2\\files-2.1\\org.jetbrains.kotlinx\\kotlinx-coroutines-core-jvm\\1.6.4\\2c997cd1c0ef33f3e751d3831929aeff1390cb30\\kotlinx-coroutines-core-jvm-1.6.4.jar;C:\\Users\\1000084\\.gradle\\caches\\modules-2\\files-2.1\\org.jetbrains.kotlinx\\kotlinx-coroutines-reactor\\1.7.1\\cc10dad1d920cf09b9c88458bc4a17e26bdb5bf\\kotlinx-coroutines-reactor-1.7.1.jar;C:\\Users\\1000084\\.gradle\\caches\\modules-2\\files-2.1\\io.github.microutils\\kotlin-logging-jvm\\3.0.5\\82f2256aeedccfd9c27ea585274a50bf06517383\\kotlin-logging-jvm-3.0.5.jar;C:\\Users\\1000084\\.gradle\\caches\\modules-2\\files-2.1\\io.kotest\\kotest-assertions-api-jvm\\5.6.1\\38eb14f47f6add08ae2f9927adb1d3af6abb4aad\\kotest-assertions-api-jvm-5.6.1.jar;C:\\Users\\1000084\\.gradle\\caches\\modules-2\\files-2.1\\org.jetbrains.kotlin\\kotlin-stdlib-jdk8\\1.8.22\\b25c86d47d6b962b9cf0f8c3f320c8a10eea3dd1\\kotlin-stdlib-jdk8-1.8.22.jar;C:\\Users\\1000084\\.gradle\\caches\\modules-2\\files-2.1\\org.redisson\\redisson-spring-boot-starter\\3.21.3\\fa818e8f5b67da0f81379f236c6ae0b3800246fe\\redisson-spring-boot-starter-3.21.3.jar;C:\\Users\\1000084\\.gradle\\caches\\modules-2\\files-2.1\\io.projectreactor.addons\\reactor-extra\\3.5.1\\227cd47421ca0571c662f67428903c5c54777ef1\\reactor-extra-3.5.1.jar;C:\\Users\\1000084\\.gradle\\caches\\modules-2\\files-2.1\\org.testcontainers\\kafka\\1.17.6\\1975b93708e99340690690177a9c7bbf5aabc823\\kafka-1.17.6.jar;C:\\Users\\1000084\\.gradle\\caches\\modules-2\\files-2.1\\org.springframework.kafka\\spring-kafka-test\\3.0.8\\2336184ab2cebf24b90fdb82d0d0f0bf74236c4c\\spring-kafka-test-3.0.8.jar;C:\\Users\\1000084\\.gradle\\caches\\modules-2\\files-2.1\\org.apache.kafka\\kafka-streams-test-utils\\3.4.1\\d734d418ea7f354aeb794e4213f2a9ac01c421e6\\kafka-streams-test-utils-3.4.1.jar;C:\\Users\\1000084\\.gradle\\caches\\modules-2\\files-2.1\\org.apache.kafka\\kafka-streams\\3.4.1\\34a015ffb1d600f348ae1c3fd3a64dcbc9314c30\\kafka-streams-3.4.1.jar;C:\\Users\\1000084\\.gradle\\caches\\modules-2\\files-2.1\\org.redisson\\redisson-spring-data-30\\3.21.3\\a1b2e4df4e2fa5836fb7690859255c45e8738569\\redisson-spring-data-30-3.21.3.jar;C:\\Users\\1000084\\.gradle\\caches\\modules-2\\files-2.1\\org.redisson\\redisson\\3.21.3\\46beeaa2114c16fb67f22d6571af677b8bd8d923\\redisson-3.21.3.jar;C:\\Users\\1000084\\.gradle\\caches\\modules-2\\files-2.1\\org.apache.kafka\\kafka_2.13\\3.4.1\\abdaaefcae89fd0dd202be18093e04ddfc53d5b2\\kafka_2.13-3.4.1.jar;C:\\Users\\1000084\\.gradle\\caches\\modules-2\\files-2.1\\org.apache.kafka\\kafka_2.13\\3.4.1\\4a1223ed7bd937076bdeab65c61bb635f6905dc6\\kafka_2.13-3.4.1-test.jar;C:\\Users\\1000084\\.gradle\\caches\\modules-2\\files-2.1\\org.apache.kafka\\kafka-metadata\\3.4.1\\e91063c1fc7e555fbe199d1b6cce340e04f90136\\kafka-metadata-3.4.1.jar;C:\\Users\\1000084\\.gradle\\caches\\modules-2\\files-2.1\\org.springframework.boot\\spring-boot-starter-actuator\\3.1.1\\1493894a71ca54bd1c2ea35292222feeb3195a9f\\spring-boot-starter-actuator-3.1.1.jar;C:\\Users\\1000084\\.gradle\\caches\\modules-2\\files-2.1\\org.springframework.boot\\spring-boot-actuator-autoconfigure\\3.1.1\\f18262b3d9c0d2e11e1318e4761b7a7b26a39728\\spring-boot-actuator-autoconfigure-3.1.1.jar;C:\\Users\\1000084\\.gradle\\caches\\modules-2\\files-2.1\\com.fasterxml.jackson.dataformat\\jackson-dataformat-yaml\\2.15.2\\58194ff9f51915ad6bf6b6f24818232d7566418a\\jackson-dataformat-yaml-2.15.2.jar;C:\\Users\\1000084\\.gradle\\caches\\modules-2\\files-2.1\\org.apache.kafka\\kafka-raft\\3.4.1\\3c8a3290386a7a3be488db0d0507706770c7c4f6\\kafka-raft-3.4.1.jar;C:\\Users\\1000084\\.gradle\\caches\\modules-2\\files-2.1\\org.apache.kafka\\kafka-storage\\3.4.1\\a057dc62339f6b2bc0ebc5bd728d0055c6e2c160\\kafka-storage-3.4.1.jar;C:\\Users\\1000084\\.gradle\\caches\\modules-2\\files-2.1\\com.fasterxml.jackson.datatype\\jackson-datatype-jdk8\\2.15.2\\66a50e089cfd2f93896b9b6f7a734cea7bcf2f31\\jackson-datatype-jdk8-2.15.2.jar;C:\\Users\\1000084\\.gradle\\caches\\modules-2\\files-2.1\\com.fasterxml.jackson.module\\jackson-module-scala_2.13\\2.15.2\\405653902e735adbd95c323f68e6a787f0c55c45\\jackson-module-scala_2.13-2.15.2.jar;C:\\Users\\1000084\\.gradle\\caches\\modules-2\\files-2.1\\com.fasterxml.jackson.dataformat\\jackson-dataformat-csv\\2.15.2\\2de7d1c43f3e99526a5debdf26fc6b1192e811f0\\jackson-dataformat-csv-2.15.2.jar;C:\\Users\\1000084\\.gradle\\caches\\modules-2\\files-2.1\\com.fasterxml.jackson.core\\jackson-databind\\2.15.2\\9353b021f10c307c00328f52090de2bdb4b6ff9c\\jackson-databind-2.15.2.jar;C:\\Users\\1000084\\.gradle\\caches\\modules-2\\files-2.1\\org.testcontainers\\junit-jupiter\\1.17.6\\94e9894bc665909e208959390ea6540309ce231e\\junit-jupiter-1.17.6.jar;C:\\Users\\1000084\\.gradle\\caches\\modules-2\\files-2.1\\org.testcontainers\\testcontainers\\1.18.3\\a82f6258f92d50d278b9c67bdf5eabcaa5c08654\\testcontainers-1.18.3.jar;C:\\Users\\1000084\\.gradle\\caches\\modules-2\\files-2.1\\com.github.docker-java\\docker-java-api\\3.3.0\\67a002d74f20f81c8639317404eb147556caeda7\\docker-java-api-3.3.0.jar;C:\\Users\\1000084\\.gradle\\caches\\modules-2\\files-2.1\\com.fasterxml.jackson.core\\jackson-annotations\\2.15.2\\4724a65ac8e8d156a24898d50fd5dbd3642870b8\\jackson-annotations-2.15.2.jar;C:\\Users\\1000084\\.gradle\\caches\\modules-2\\files-2.1\\com.fasterxml.jackson.core\\jackson-core\\2.15.2\\a6fe1836469a69b3ff66037c324d75fc66ef137c\\jackson-core-2.15.2.jar;C:\\Users\\1000084\\.gradle\\caches\\modules-2\\files-2.1\\com.fasterxml.jackson.datatype\\jackson-datatype-jsr310\\2.15.2\\30d16ec2aef6d8094c5e2dce1d95034ca8b6cb42\\jackson-datatype-jsr310-2.15.2.jar;C:\\Users\\1000084\\.gradle\\caches\\modules-2\\files-2.1\\io.projectreactor.kafka\\reactor-kafka\\1.3.18\\7e9fd9657ac952f32491434bf271fd69d203f35a\\reactor-kafka-1.3.18.jar;C:\\Users\\1000084\\.gradle\\caches\\modules-2\\files-2.1\\org.springframework.boot\\spring-boot-starter-test\\3.1.1\\6e69181686ec1c9af137f038ddf6cd1830a2af19\\spring-boot-starter-test-3.1.1.jar;C:\\Users\\1000084\\.gradle\\caches\\modules-2\\files-2.1\\org.springframework.boot\\spring-boot-starter-data-redis\\3.1.1\\d2caeff2e6af5871f92c51b07e19d66198e86899\\spring-boot-starter-data-redis-3.1.1.jar;C:\\Users\\1000084\\.gradle\\caches\\modules-2\\files-2.1\\org.springframework.boot\\spring-boot-starter\\3.1.1\\cf74eeaef5a265c75dd89fea829391bf08efdb6c\\spring-boot-starter-3.1.1.jar;C:\\Users\\1000084\\.gradle\\caches\\modules-2\\files-2.1\\org.jetbrains.kotlin\\kotlin-reflect\\1.8.22\\b52be44bc57cb6fd2169a29aefa4507c4e49c858\\kotlin-reflect-1.8.22.jar;C:\\Users\\1000084\\.gradle\\caches\\modules-2\\files-2.1\\org.springframework.kafka\\spring-kafka\\3.0.8\\5414e0e12541429e19cb8f120bb7479d0b79f4e9\\spring-kafka-3.0.8.jar;C:\\Users\\1000084\\.gradle\\caches\\modules-2\\files-2.1\\org.jetbrains.kotlin\\kotlin-stdlib-jdk7\\1.8.22\\4dabb8248310d833bb6a8b516024a91fd3d275c\\kotlin-stdlib-jdk7-1.8.22.jar;C:\\Users\\1000084\\.gradle\\caches\\modules-2\\files-2.1\\com.github.ajalt\\mordant\\1.2.1\\6cbab1a74ab6dafbf81b7706733d4c2fbaff2e0b\\mordant-1.2.1.jar;C:\\Users\\1000084\\.gradle\\caches\\modules-2\\files-2.1\\com.github.ajalt\\colormath\\1.2.0\\c62f49b31f34588dbbfb477c08fd56bc3026d202\\colormath-1.2.0.jar;C:\\Users\\1000084\\.gradle\\caches\\modules-2\\files-2.1\\org.jetbrains.kotlin\\kotlin-stdlib\\1.8.22\\636bf8b320e7627482771bbac9ed7246773c02bd\\kotlin-stdlib-1.8.22.jar;C:\\Users\\1000084\\.gradle\\caches\\modules-2\\files-2.1\\io.projectreactor\\reactor-core\\3.5.7\\e6c6027d106da0140c266c72cd41b066a4b84802\\reactor-core-3.5.7.jar;C:\\Users\\1000084\\.gradle\\caches\\modules-2\\files-2.1\\org.apache.kafka\\kafka-group-coordinator\\3.4.1\\efff581581a27ccab79032551a4a14f05c70d937\\kafka-group-coordinator-3.4.1.jar;C:\\Users\\1000084\\.gradle\\caches\\modules-2\\files-2.1\\org.apache.kafka\\kafka-server-common\\3.4.1\\a6053b5de69e61af7c397e71a30f444be41031f0\\kafka-server-common-3.4.1.jar;C:\\Users\\1000084\\.gradle\\caches\\modules-2\\files-2.1\\org.apache.kafka\\kafka-storage-api\\3.4.1\\e79aac2d3d1a5765bcb1e842e35b2eef8e688020\\kafka-storage-api-3.4.1.jar;C:\\Users\\1000084\\.gradle\\caches\\modules-2\\files-2.1\\org.apache.kafka\\kafka-clients\\3.4.1\\a2f55251deb3d31a21903a0cfbd4d1fa6b7463ca\\kafka-clients-3.4.1.jar;C:\\Users\\1000084\\.gradle\\caches\\modules-2\\files-2.1\\org.apache.kafka\\kafka-clients\\3.4.1\\eccad2d7f67d58a9d28b34e6fe63cd78767bb6af\\kafka-clients-3.4.1-test.jar;C:\\Users\\1000084\\.gradle\\caches\\modules-2\\files-2.1\\org.springframework.boot\\spring-boot-test-autoconfigure\\3.1.1\\4d6b05666438577e2fa7a1cbad6f58956bee34d7\\spring-boot-test-autoconfigure-3.1.1.jar;C:\\Users\\1000084\\.gradle\\caches\\modules-2\\files-2.1\\org.springframework.boot\\spring-boot-autoconfigure\\3.1.1\\618ec717eef4ba2ff347c7713150aac8e73fe233\\spring-boot-autoconfigure-3.1.1.jar;C:\\Users\\1000084\\.gradle\\caches\\modules-2\\files-2.1\\org.springframework.boot\\spring-boot-test\\3.1.1\\8481164eedc07955e903cb4442dc23a868eecb8d\\spring-boot-test-3.1.1.jar;C:\\Users\\1000084\\.gradle\\caches\\modules-2\\files-2.1\\org.springframework.boot\\spring-boot-actuator\\3.1.1\\bf97ee56143a4614fbf90a8a845c2b930e71c3fa\\spring-boot-actuator-3.1.1.jar;C:\\Users\\1000084\\.gradle\\caches\\modules-2\\files-2.1\\org.springframework.boot\\spring-boot\\3.1.1\\f8f80c1453c8fe0e08a6235f983d8daf571d3e3\\spring-boot-3.1.1.jar;C:\\Users\\1000084\\.gradle\\caches\\modules-2\\files-2.1\\org.springframework.boot\\spring-boot-starter-logging\\3.1.1\\53bb456e4bf8f751de5a6ce154707b052946fd43\\spring-boot-starter-logging-3.1.1.jar;C:\\Users\\1000084\\.gradle\\caches\\modules-2\\files-2.1\\jakarta.annotation\\jakarta.annotation-api\\2.1.1\\48b9bda22b091b1f48b13af03fe36db3be6e1ae3\\jakarta.annotation-api-2.1.1.jar;C:\\Users\\1000084\\.gradle\\caches\\modules-2\\files-2.1\\org.springframework.data\\spring-data-redis\\3.1.1\\cafb1d24ddf242b30743481636e474e0312d3b1d\\spring-data-redis-3.1.1.jar;C:\\Users\\1000084\\.gradle\\caches\\modules-2\\files-2.1\\org.springframework.data\\spring-data-keyvalue\\3.1.1\\13f235717b82e31f9d62ab8cf0dea07ee735a3\\spring-data-keyvalue-3.1.1.jar;C:\\Users\\1000084\\.gradle\\caches\\modules-2\\files-2.1\\org.springframework\\spring-context-support\\6.0.10\\e17f092cc4d25252a0703e7a5bc8c18af4ce03c2\\spring-context-support-6.0.10.jar;C:\\Users\\1000084\\.gradle\\caches\\modules-2\\files-2.1\\org.springframework\\spring-context\\6.0.10\\e2bd59f05c95647a274b7719d419cf8fde6f25a0\\spring-context-6.0.10.jar;C:\\Users\\1000084\\.gradle\\caches\\modules-2\\files-2.1\\org.springframework\\spring-messaging\\6.0.10\\4854409bad759c2e65456b421604acf97e0237fc\\spring-messaging-6.0.10.jar;C:\\Users\\1000084\\.gradle\\caches\\modules-2\\files-2.1\\org.springframework\\spring-tx\\6.0.10\\459698d22aadc881afe425934cca79cc1f6bce91\\spring-tx-6.0.10.jar;C:\\Users\\1000084\\.gradle\\caches\\modules-2\\files-2.1\\org.springframework\\spring-test\\6.0.10\\8773ebcd0e6822e2e5a816752cbe2419d7b1b4b4\\spring-test-6.0.10.jar;C:\\Users\\1000084\\.gradle\\caches\\modules-2\\files-2.1\\org.springframework\\spring-aop\\6.0.10\\cc309a306fa759018b107dea9a208c758af0297\\spring-aop-6.0.10.jar;C:\\Users\\1000084\\.gradle\\caches\\modules-2\\files-2.1\\org.springframework\\spring-oxm\\6.0.10\\fc055653d017fc692c51df2176694eacf023f42b\\spring-oxm-6.0.10.jar;C:\\Users\\1000084\\.gradle\\caches\\modules-2\\files-2.1\\org.springframework.data\\spring-data-commons\\3.1.1\\cfc10ccc41910b7b6e83cf27debaac73229572e0\\spring-data-commons-3.1.1.jar;C:\\Users\\1000084\\.gradle\\caches\\modules-2\\files-2.1\\org.springframework\\spring-beans\\6.0.10\\8fc0684773cc1598edd810660f57d9e9c8ae6055\\spring-beans-6.0.10.jar;C:\\Users\\1000084\\.gradle\\caches\\modules-2\\files-2.1\\org.springframework\\spring-expression\\6.0.10\\bd8c93e473e713fe9150a772487507a8e600d5f1\\spring-expression-6.0.10.jar;C:\\Users\\1000084\\.gradle\\caches\\modules-2\\files-2.1\\org.springframework\\spring-core\\6.0.10\\889aa214b6607763ddeb6bd391d682cd71681b36\\spring-core-6.0.10.jar;C:\\Users\\1000084\\.gradle\\caches\\modules-2\\files-2.1\\org.yaml\\snakeyaml\\1.33\\2cd0a87ff7df953f810c344bdf2fe3340b954c69\\snakeyaml-1.33.jar;C:\\Users\\1000084\\.gradle\\caches\\modules-2\\files-2.1\\com.jayway.jsonpath\\json-path\\2.8.0\\b4ab3b7a9e425655a0ca65487bbbd6d7ddb75160\\json-path-2.8.0.jar;C:\\Users\\1000084\\.gradle\\caches\\modules-2\\files-2.1\\com.github.docker-java\\docker-java-transport-zerodep\\3.3.0\\fe977c85281b5c779406497d90e2913f51a1e9ea\\docker-java-transport-zerodep-3.3.0.jar;C:\\Users\\1000084\\.gradle\\caches\\modules-2\\files-2.1\\ch.qos.logback\\logback-classic\\1.4.8\\f00ba91d993e4d14301b11968d3cacc3be7ef3e1\\logback-classic-1.4.8.jar;C:\\Users\\1000084\\.gradle\\caches\\modules-2\\files-2.1\\org.apache.logging.log4j\\log4j-to-slf4j\\2.20.0\\d37f81f8978e2672bc32c82712ab4b3f66624adc\\log4j-to-slf4j-2.20.0.jar;C:\\Users\\1000084\\.gradle\\caches\\modules-2\\files-2.1\\org.slf4j\\jul-to-slf4j\\2.0.7\\a48f44aeaa8a5ddc347007298a28173ac1fbbd8b\\jul-to-slf4j-2.0.7.jar;C:\\Users\\1000084\\.gradle\\caches\\modules-2\\files-2.1\\com.yammer.metrics\\metrics-core\\2.2.0\\f82c035cfa786d3cbec362c38c22a5f5b1bc8724\\metrics-core-2.2.0.jar;C:\\Users\\1000084\\.gradle\\caches\\modules-2\\files-2.1\\org.apache.zookeeper\\zookeeper\\3.6.4\\7c035d7130a0dcb55e9566ba304ebda4763b002d\\zookeeper-3.6.4.jar;C:\\Users\\1000084\\.gradle\\caches\\modules-2\\files-2.1\\org.bitbucket.b_c\\jose4j\\0.9.3\\9670e11587194cb6b1b2edcaa688a3fab85b4148\\jose4j-0.9.3.jar;C:\\Users\\1000084\\.gradle\\caches\\modules-2\\files-2.1\\com.typesafe.scala-logging\\scala-logging_2.13\\3.9.4\\e5838ddcf8c1c2b612a7956b9f80423a508675db\\scala-logging_2.13-3.9.4.jar;C:\\Users\\1000084\\.gradle\\caches\\modules-2\\files-2.1\\io.dropwizard.metrics\\metrics-core\\4.2.19\\d32b4c3f3e733bf4cb239ca4204fbed8464973a5\\metrics-core-4.2.19.jar;C:\\Users\\1000084\\.gradle\\caches\\modules-2\\files-2.1\\org.slf4j\\slf4j-api\\2.0.7\\41eb7184ea9d556f23e18b5cb99cad1f8581fc00\\slf4j-api-2.0.7.jar;C:\\Users\\1000084\\.gradle\\caches\\modules-2\\files-2.1\\org.rocksdb\\rocksdbjni\\7.1.2\\ffe87d1c5d5b3a46d065cc4cf5311f18d8233a6b\\rocksdbjni-7.1.2.jar;C:\\Users\\1000084\\.gradle\\caches\\modules-2\\files-2.1\\org.springframework.retry\\spring-retry\\2.0.2\\bd0d8859447e4311c0e0e4bfb5d571d57d9011cf\\spring-retry-2.0.2.jar;C:\\Users\\1000084\\.gradle\\caches\\modules-2\\files-2.1\\io.micrometer\\micrometer-core\\1.11.1\\931e247d08dd2749e8b999e104a1cee6b9ab4026\\micrometer-core-1.11.1.jar;C:\\Users\\1000084\\.gradle\\caches\\modules-2\\files-2.1\\io.micrometer\\micrometer-observation\\1.11.1\\9027a35892c7e08ea8affce87b3662b6ceca122c\\micrometer-observation-1.11.1.jar;C:\\Users\\1000084\\.gradle\\caches\\modules-2\\files-2.1\\com.google.code.findbugs\\jsr305\\3.0.2\\25ea2e8b0c338a877313bd4672d3fe056ea78f0d\\jsr305-3.0.2.jar;C:\\Users\\1000084\\.gradle\\caches\\modules-2\\files-2.1\\org.junit.platform\\junit-platform-launcher\\1.9.3\\485650bfe2a2f39b606a6ca013285afda2eaee79\\junit-platform-launcher-1.9.3.jar;C:\\Users\\1000084\\.gradle\\caches\\modules-2\\files-2.1\\org.junit.jupiter\\junit-jupiter-engine\\5.9.3\\355322b03bf39306a183162cd06626c206f0286b\\junit-jupiter-engine-5.9.3.jar;C:\\Users\\1000084\\.gradle\\caches\\modules-2\\files-2.1\\org.junit.platform\\junit-platform-engine\\1.9.3\\8616734a190f8d307376aeb7353dba0a2c037a09\\junit-platform-engine-1.9.3.jar;C:\\Users\\1000084\\.gradle\\caches\\modules-2\\files-2.1\\org.junit.platform\\junit-platform-suite-api\\1.9.3\\4cabe88369cb7977072701bbb6df2c8db1f0570f\\junit-platform-suite-api-1.9.3.jar;C:\\Users\\1000084\\.gradle\\caches\\modules-2\\files-2.1\\org.junit.platform\\junit-platform-commons\\1.9.3\\36b2e26a90c41603be7f0094bee80e3f8a2cd4d4\\junit-platform-commons-1.9.3.jar;C:\\Users\\1000084\\.gradle\\caches\\modules-2\\files-2.1\\org.junit.jupiter\\junit-jupiter-params\\5.9.3\\9e2a4bf6016a1975f408a73523392875cff7c26f\\junit-jupiter-params-5.9.3.jar;C:\\Users\\1000084\\.gradle\\caches\\modules-2\\files-2.1\\org.junit.jupiter\\junit-jupiter\\5.9.3\\72e840501e1550e9799c9a5cc9483d7d6b29e0ba\\junit-jupiter-5.9.3.jar;C:\\Users\\1000084\\.gradle\\caches\\modules-2\\files-2.1\\org.mockito\\mockito-junit-jupiter\\5.3.1\\d6ac0f6d54addf02def4ba1213f73a15ae6c2308\\mockito-junit-jupiter-5.3.1.jar;C:\\Users\\1000084\\.gradle\\caches\\modules-2\\files-2.1\\org.junit.jupiter\\junit-jupiter-api\\5.9.3\\815818ad6ffcc8d320d8fbdf3d748c753cf83201\\junit-jupiter-api-5.9.3.jar;C:\\Users\\1000084\\.gradle\\caches\\modules-2\\files-2.1\\org.assertj\\assertj-core\\3.24.2\\ebbf338e33f893139459ce5df023115971c2786f\\assertj-core-3.24.2.jar;C:\\Users\\1000084\\.gradle\\caches\\modules-2\\files-2.1\\org.mockito\\mockito-core\\5.3.1\\7cac313592a29ae5e29c52c22b15c3ae5ab561b2\\mockito-core-5.3.1.jar;C:\\Users\\1000084\\.gradle\\caches\\modules-2\\files-2.1\\net.bytebuddy\\byte-buddy\\1.14.5\\28a424c0c4f362568e904d992c239c996cf7adc7\\byte-buddy-1.14.5.jar;C:\\Users\\1000084\\.gradle\\caches\\modules-2\\files-2.1\\jakarta.xml.bind\\jakarta.xml.bind-api\\4.0.0\\bbb399208d288b15ec101fa4fcfc4bd77cedc97a\\jakarta.xml.bind-api-4.0.0.jar;C:\\Users\\1000084\\.gradle\\caches\\modules-2\\files-2.1\\net.minidev\\json-smart\\2.4.11\\cc5888f14a5768f254b97bafe8b9fd29b31e872e\\json-smart-2.4.11.jar;C:\\Users\\1000084\\.gradle\\caches\\modules-2\\files-2.1\\junit\\junit\\4.13.2\\8ac9e16d933b6fb43bc7f576336b8f4d7eb5ba12\\junit-4.13.2.jar;C:\\Users\\1000084\\.gradle\\caches\\modules-2\\files-2.1\\org.hamcrest\\hamcrest-core\\2.2\\3f2bd07716a31c395e2837254f37f21f0f0ab24b\\hamcrest-core-2.2.jar;C:\\Users\\1000084\\.gradle\\caches\\modules-2\\files-2.1\\org.hamcrest\\hamcrest\\2.2\\1820c0968dba3a11a1b30669bb1f01978a91dedc\\hamcrest-2.2.jar;C:\\Users\\1000084\\.gradle\\caches\\modules-2\\files-2.1\\org.skyscreamer\\jsonassert\\1.5.1\\6d842d0faf4cf6725c509a5e5347d319ee0431c3\\jsonassert-1.5.1.jar;C:\\Users\\1000084\\.gradle\\caches\\modules-2\\files-2.1\\org.xmlunit\\xmlunit-core\\2.9.1\\e5833662d9a1279a37da3ef6f62a1da29fcd68c4\\xmlunit-core-2.9.1.jar;C:\\Users\\1000084\\.gradle\\caches\\modules-2\\files-2.1\\org.jetbrains.kotlin\\kotlin-stdlib-common\\1.8.22\\1a8e3601703ae14bb58757ea6b2d8e8e5935a586\\kotlin-stdlib-common-1.8.22.jar;C:\\Users\\1000084\\.gradle\\caches\\modules-2\\files-2.1\\org.rnorth.duct-tape\\duct-tape\\1.0.8\\92edc22a9ab2f3e17c9bf700aaee377d50e8b530\\duct-tape-1.0.8.jar;C:\\Users\\1000084\\.gradle\\caches\\modules-2\\files-2.1\\org.jetbrains\\annotations\\17.0.0\\8ceead41f4e71821919dbdb7a9847608f1a938cb\\annotations-17.0.0.jar;C:\\Users\\1000084\\.gradle\\caches\\modules-2\\files-2.1\\io.netty\\netty-resolver-dns\\4.1.94.Final\\25bbe90e10685ce63c32bd0db56574cffffa28de\\netty-resolver-dns-4.1.94.Final.jar;C:\\Users\\1000084\\.gradle\\caches\\modules-2\\files-2.1\\io.netty\\netty-handler\\4.1.94.Final\\cd9121ce24d6d3f2898946d04b0ef3ec548b00b4\\netty-handler-4.1.94.Final.jar;C:\\Users\\1000084\\.gradle\\caches\\modules-2\\files-2.1\\io.netty\\netty-codec-dns\\4.1.94.Final\\9180660dc8479e1594b60b02fc27404af0ea43a6\\netty-codec-dns-4.1.94.Final.jar;C:\\Users\\1000084\\.gradle\\caches\\modules-2\\files-2.1\\io.netty\\netty-codec\\4.1.94.Final\\c70ef20ca338558147887df60f46341bc47f6900\\netty-codec-4.1.94.Final.jar;C:\\Users\\1000084\\.gradle\\caches\\modules-2\\files-2.1\\io.netty\\netty-transport-native-epoll\\4.1.94.Final\\1f77c54f1877d9ed51f207eb64a5634bdcc7efa1\\netty-transport-native-epoll-4.1.94.Final.jar;C:\\Users\\1000084\\.gradle\\caches\\modules-2\\files-2.1\\io.netty\\netty-transport-classes-epoll\\4.1.94.Final\\240e36cd5c2ffaf655913f8857f2d58b26394679\\netty-transport-classes-epoll-4.1.94.Final.jar;C:\\Users\\1000084\\.gradle\\caches\\modules-2\\files-2.1\\io.netty\\netty-transport-native-unix-common\\4.1.94.Final\\3fa5f9d04b6b782d869d6e0657d896eeadca5866\\netty-transport-native-unix-common-4.1.94.Final.jar;C:\\Users\\1000084\\.gradle\\caches\\modules-2\\files-2.1\\io.netty\\netty-transport\\4.1.94.Final\\ec783a737f96991a87b1d5794e2f9eb2024d708a\\netty-transport-4.1.94.Final.jar;C:\\Users\\1000084\\.gradle\\caches\\modules-2\\files-2.1\\io.netty\\netty-buffer\\4.1.94.Final\\eec248b26f16e888688e5bb37b7eeda76b78d2f7\\netty-buffer-4.1.94.Final.jar;C:\\Users\\1000084\\.gradle\\caches\\modules-2\\files-2.1\\io.netty\\netty-resolver\\4.1.94.Final\\e96f649e8e9dcb29a1f8e95328b99c9eb6cf76c2\\netty-resolver-4.1.94.Final.jar;C:\\Users\\1000084\\.gradle\\caches\\modules-2\\files-2.1\\io.netty\\netty-common\\4.1.94.Final\\ad4ecf779ebc794cd351f57792f56ea01387b868\\netty-common-4.1.94.Final.jar;C:\\Users\\1000084\\.gradle\\caches\\modules-2\\files-2.1\\javax.cache\\cache-api\\1.1.1\\c56fb980eb5208bfee29a9a5b9d951aba076bd91\\cache-api-1.1.1.jar;C:\\Users\\1000084\\.gradle\\caches\\modules-2\\files-2.1\\io.reactivex.rxjava3\\rxjava\\3.1.6\\fd824db2008535f59f2ac0c7bfe8d49fb7193e0\\rxjava-3.1.6.jar;C:\\Users\\1000084\\.gradle\\caches\\modules-2\\files-2.1\\org.reactivestreams\\reactive-streams\\1.0.4\\3864a1320d97d7b045f729a326e1e077661f31b7\\reactive-streams-1.0.4.jar;C:\\Users\\1000084\\.gradle\\caches\\modules-2\\files-2.1\\org.jboss.marshalling\\jboss-marshalling-river\\2.0.11.Final\\d05ee25288b94c93c10e1d8b726305898c4fd5bf\\jboss-marshalling-river-2.0.11.Final.jar;C:\\Users\\1000084\\.gradle\\caches\\modules-2\\files-2.1\\org.jboss.marshalling\\jboss-marshalling\\2.0.11.Final\\d21ac137e4ab8cff5c7b66445bd03e682d865136\\jboss-marshalling-2.0.11.Final.jar;C:\\Users\\1000084\\.gradle\\caches\\modules-2\\files-2.1\\com.esotericsoftware\\kryo\\5.5.0\\29ae74e3929c8e0c8239a490f5d21ca8c97ba379\\kryo-5.5.0.jar;C:\\Users\\1000084\\.gradle\\caches\\modules-2\\files-2.1\\org.jodd\\jodd-bean\\5.1.6\\5cbb398dda5c36908b123e98c373d3c1ef72f717\\jodd-bean-5.1.6.jar;C:\\Users\\1000084\\.gradle\\caches\\modules-2\\files-2.1\\org.apache.commons\\commons-compress\\1.23.0\\4af2060ea9b0c8b74f1854c6cafe4d43cfc161fc\\commons-compress-1.23.0.jar;C:\\Users\\1000084\\.gradle\\caches\\modules-2\\files-2.1\\com.github.luben\\zstd-jni\\1.5.2-1\\fad786abc1d1b81570e8d9a2fc8a1ef479bc27b6\\zstd-jni-1.5.2-1.jar;C:\\Users\\1000084\\.gradle\\caches\\modules-2\\files-2.1\\org.lz4\\lz4-java\\1.8.0\\4b986a99445e49ea5fbf5d149c4b63f6ed6c6780\\lz4-java-1.8.0.jar;C:\\Users\\1000084\\.gradle\\caches\\modules-2\\files-2.1\\org.xerial.snappy\\snappy-java\\1.1.8.4\\66f0d56454509f6e36175f2331572e250e04a6cc\\snappy-java-1.1.8.4.jar;C:\\Users\\1000084\\.gradle\\caches\\modules-2\\files-2.1\\org.springframework\\spring-jcl\\6.0.10\\cba44e98dab40a506c50978a0e5f11ceaa90b3ff\\spring-jcl-6.0.10.jar;C:\\Users\\1000084\\.gradle\\caches\\modules-2\\files-2.1\\io.micrometer\\micrometer-commons\\1.11.1\\45bc0f2aa4d6180f1a783f1930f307a4efbb12e8\\micrometer-commons-1.11.1.jar;C:\\Users\\1000084\\.gradle\\caches\\modules-2\\files-2.1\\org.opentest4j\\opentest4j\\1.2.0\\28c11eb91f9b6d8e200631d46e20a7f407f2a046\\opentest4j-1.2.0.jar;C:\\Users\\1000084\\.gradle\\caches\\modules-2\\files-2.1\\jakarta.activation\\jakarta.activation-api\\2.1.2\\640c0d5aff45dbff1e1a1bc09673ff3a02b1ba12\\jakarta.activation-api-2.1.2.jar;C:\\Users\\1000084\\.gradle\\caches\\modules-2\\files-2.1\\net.minidev\\accessors-smart\\2.4.11\\245ceca7bdf3190fbb977045c852d5f3c8efece1\\accessors-smart-2.4.11.jar;C:\\Users\\1000084\\.gradle\\caches\\modules-2\\files-2.1\\net.bytebuddy\\byte-buddy-agent\\1.14.5\\20f4e9b9d0ffb953657bfa4b92c0cceb27907d58\\byte-buddy-agent-1.14.5.jar;C:\\Users\\1000084\\.gradle\\caches\\modules-2\\files-2.1\\org.objenesis\\objenesis\\3.3\\1049c09f1de4331e8193e579448d0916d75b7631\\objenesis-3.3.jar;C:\\Users\\1000084\\.gradle\\caches\\modules-2\\files-2.1\\com.vaadin.external.google\\android-json\\0.0.20131108.vaadin1\\fa26d351fe62a6a17f5cda1287c1c6110dec413f\\android-json-0.0.20131108.vaadin1.jar;C:\\Users\\1000084\\.gradle\\caches\\modules-2\\files-2.1\\org.apache.zookeeper\\zookeeper-jute\\3.6.4\\873a0acd6a1434bec0e1b5a5ef88b07a20727fb4\\zookeeper-jute-3.6.4.jar;C:\\Users\\1000084\\.gradle\\caches\\modules-2\\files-2.1\\org.apache.yetus\\audience-annotations\\0.13.0\\8ad1147dcd02196e3924013679c6bf4c25d8c351\\audience-annotations-0.13.0.jar;C:\\Users\\1000084\\.gradle\\caches\\modules-2\\files-2.1\\net.sourceforge.argparse4j\\argparse4j\\0.7.0\\6f0621d0c3888de39e0f06d01f37ba53a798e657\\argparse4j-0.7.0.jar;C:\\Users\\1000084\\.gradle\\caches\\modules-2\\files-2.1\\net.sf.jopt-simple\\jopt-simple\\5.0.4\\4fdac2fbe92dfad86aa6e9301736f6b4342a3f5c\\jopt-simple-5.0.4.jar;C:\\Users\\1000084\\.gradle\\caches\\modules-2\\files-2.1\\org.scala-lang.modules\\scala-collection-compat_2.13\\2.10.0\\2464528d14329ff2b44bceff918d6c00300adcf4\\scala-collection-compat_2.13-2.10.0.jar;C:\\Users\\1000084\\.gradle\\caches\\modules-2\\files-2.1\\org.scala-lang.modules\\scala-java8-compat_2.13\\1.0.2\\5b54f60ccf03e41e24c466462a72475ee918c304\\scala-java8-compat_2.13-1.0.2.jar;C:\\Users\\1000084\\.gradle\\caches\\modules-2\\files-2.1\\org.scala-lang\\scala-reflect\\2.13.10\\f19c2a5fc93a63398a5cfc56a14f0abf1d28d27c\\scala-reflect-2.13.10.jar;C:\\Users\\1000084\\.gradle\\caches\\modules-2\\files-2.1\\commons-cli\\commons-cli\\1.4\\c51c00206bb913cd8612b24abd9fa98ae89719b1\\commons-cli-1.4.jar;C:\\Users\\1000084\\.gradle\\caches\\modules-2\\files-2.1\\org.scala-lang\\scala-library\\2.13.10\\67c1afabaea9ba51321159e70a78515647e1b73d\\scala-library-2.13.10.jar;C:\\Users\\1000084\\.gradle\\caches\\modules-2\\files-2.1\\org.hdrhistogram\\HdrHistogram\\2.1.12\\6eb7552156e0d517ae80cc2247be1427c8d90452\\HdrHistogram-2.1.12.jar;C:\\Users\\1000084\\.gradle\\caches\\modules-2\\files-2.1\\org.latencyutils\\LatencyUtils\\2.0.3\\769c0b82cb2421c8256300e907298a9410a2a3d3\\LatencyUtils-2.0.3.jar;C:\\Users\\1000084\\.gradle\\caches\\modules-2\\files-2.1\\com.esotericsoftware\\reflectasm\\1.11.9\\fd51ad1705d5e27d8785550172a4ab0cb9b8ad23\\reflectasm-1.11.9.jar;C:\\Users\\1000084\\.gradle\\caches\\modules-2\\files-2.1\\com.esotericsoftware\\minlog\\1.3.1\\a406e29d3a44d5f020d7b3218aee6d0952db4f73\\minlog-1.3.1.jar;C:\\Users\\1000084\\.gradle\\caches\\modules-2\\files-2.1\\org.jodd\\jodd-core\\5.1.6\\7e3904364d0891b58a958c47336d35518084ddec\\jodd-core-5.1.6.jar;C:\\Users\\1000084\\.gradle\\caches\\modules-2\\files-2.1\\com.github.docker-java\\docker-java-transport\\3.3.0\\5fc0ce9822d09506b36b0925c273f0751ede3df5\\docker-java-transport-3.3.0.jar;C:\\Users\\1000084\\.gradle\\caches\\modules-2\\files-2.1\\net.java.dev.jna\\jna-platform\\5.9.0\\c535a5bda553d7d7690356c825010da74b2671b5\\jna-platform-5.9.0.jar;C:\\Users\\1000084\\.gradle\\caches\\modules-2\\files-2.1\\net.java.dev.jna\\jna\\5.12.1\\b1e93a735caea94f503e95e6fe79bf9cdc1e985d\\jna-5.12.1.jar;C:\\Users\\1000084\\.gradle\\caches\\modules-2\\files-2.1\\ch.qos.logback\\logback-core\\1.4.8\\3fba9c105e0efc5ffdcda701379687917d5286f7\\logback-core-1.4.8.jar;C:\\Users\\1000084\\.gradle\\caches\\modules-2\\files-2.1\\org.apache.logging.log4j\\log4j-api\\2.20.0\\1fe6082e660daf07c689a89c94dc0f49c26b44bb\\log4j-api-2.20.0.jar;C:\\Users\\1000084\\.gradle\\caches\\modules-2\\files-2.1\\org.ow2.asm\\asm\\9.3\\8e6300ef51c1d801a7ed62d07cd221aca3a90640\\asm-9.3.jar;C:\\Users\\1000084\\.gradle\\caches\\modules-2\\files-2.1\\com.thoughtworks.paranamer\\paranamer\\2.8\\619eba74c19ccf1da8ebec97a2d7f8ba05773dd6\\paranamer-2.8.jar;C:\\Users\\1000084\\.gradle\\caches\\modules-2\\files-2.1\\io.github.classgraph\\classgraph\\4.8.157\\6618a0fab91cba321618db59d6b77f79590a80ac\\classgraph-4.8.157.jar;C:\\Users\\1000084\\.gradle\\caches\\modules-2\\files-2.1\\io.github.java-diff-utils\\java-diff-utils\\4.12\\1a712a91324d566eef39817fc5c9980eb10c21db\\java-diff-utils-4.12.jar
13:48:55.728|?[34mINFO ?[0;39m|?[32mTest worker @coroutine#2?[0;39m|?[34m(Environment.java:98)?[0;39m|Client environment:java.library.path=C:\Users\1000084\.jdks\graalvm-ce-java17-22.3.2\bin;C:\windows\Sun\Java\bin;C:\windows\system32;C:\windows;C:\Users\1000084\AppData\Roaming\Python\Python311\Scripts;C:\Program Files\Python311\Scripts\;C:\Program Files\Python311\;C:\windows\Softcamp\SDK;C:\windows\Softcamp\SDS\x64;C:\windows\Softcamp\SDS;C:\windows\system32;C:\windows;C:\windows\System32\Wbem;C:\windows\System32\WindowsPowerShell\v1.0\;C:\windows\System32\OpenSSH\;C:\Program Files\Bandizip\;C:\Program Files (x86)\Pulse Secure\VC142.CRT\X64\;C:\Program Files (x86)\Pulse Secure\VC142.CRT\X86\;C:\Program Files\nodejs\;c:\Users\1000084\.jdks\graalvm-ce-java17-22.3.2\bin;C:\Program Files\Git\cmd;c:\NIDE\bin\apache-maven-3.9.2\bin;C:\Program Files\Docker\Docker\resources\bin;C:\ProgramData\chocolatey\bin;C:\Users\1000084\AppData\Local\Microsoft\WindowsApps;C:\Users\1000084\AppData\Roaming\npm;.
13:48:55.728|?[34mINFO ?[0;39m|?[32mTest worker @coroutine#2?[0;39m|?[34m(Environment.java:98)?[0;39m|Client environment:java.io.tmpdir=C:\Users\1000084\AppData\Local\Temp\
13:48:55.728|?[34mINFO ?[0;39m|?[32mTest worker @coroutine#2?[0;39m|?[34m(Environment.java:98)?[0;39m|Client environment:java.compiler=<NA>
13:48:55.729|?[34mINFO ?[0;39m|?[32mTest worker @coroutine#2?[0;39m|?[34m(Environment.java:98)?[0;39m|Client environment:os.name=Windows 10
13:48:55.729|?[34mINFO ?[0;39m|?[32mTest worker @coroutine#2?[0;39m|?[34m(Environment.java:98)?[0;39m|Client environment:os.arch=amd64
13:48:55.729|?[34mINFO ?[0;39m|?[32mTest worker @coroutine#2?[0;39m|?[34m(Environment.java:98)?[0;39m|Client environment:os.version=10.0
13:48:55.729|?[34mINFO ?[0;39m|?[32mTest worker @coroutine#2?[0;39m|?[34m(Environment.java:98)?[0;39m|Client environment:user.name=1000084
13:48:55.729|?[34mINFO ?[0;39m|?[32mTest worker @coroutine#2?[0;39m|?[34m(Environment.java:98)?[0;39m|Client environment:user.home=C:\Users\1000084
13:48:55.729|?[34mINFO ?[0;39m|?[32mTest worker @coroutine#2?[0;39m|?[34m(Environment.java:98)?[0;39m|Client environment:user.dir=C:\NIDE\workspace\study-spring\kafka\v04.consumer-reactive
13:48:55.729|?[34mINFO ?[0;39m|?[32mTest worker @coroutine#2?[0;39m|?[34m(Environment.java:98)?[0;39m|Client environment:os.memory.free=131MB
13:48:55.729|?[34mINFO ?[0;39m|?[32mTest worker @coroutine#2?[0;39m|?[34m(Environment.java:98)?[0;39m|Client environment:os.memory.max=512MB
13:48:55.730|?[34mINFO ?[0;39m|?[32mTest worker @coroutine#2?[0;39m|?[34m(Environment.java:98)?[0;39m|Client environment:os.memory.total=227MB
13:48:55.735|?[34mINFO ?[0;39m|?[32mTest worker @coroutine#2?[0;39m|?[34m(ZooKeeper.java:1026)?[0;39m|Initiating client connection, connectString=127.0.0.1:7665 sessionTimeout=18000 watcher=kafka.zookeeper.ZooKeeperClient$ZooKeeperClientWatcher$@6e0d16a4
13:48:55.741|?[34mINFO ?[0;39m|?[32mTest worker @coroutine#2?[0;39m|?[34m(ClientCnxnSocket.java:239)?[0;39m|jute.maxbuffer value is 4194304 Bytes
13:48:55.749|?[34mINFO ?[0;39m|?[32mTest worker @coroutine#2?[0;39m|?[34m(ClientCnxn.java:1741)?[0;39m|zookeeper.request.timeout value is 0. feature enabled=false
13:48:55.750|?[34mINFO ?[0;39m|?[32mTest worker @coroutine#2-SendThread(127.0.0.1:7665)?[0;39m|?[34m(ClientCnxn.java:1181)?[0;39m|Opening socket connection to server /127.0.0.1:7665.
13:48:55.750|?[34mINFO ?[0;39m|?[32mTest worker @coroutine#2?[0;39m|?[34m(Logging.scala:66)?[0;39m|[ZooKeeperClient Kafka server] Waiting until connected.
13:48:55.751|?[34mINFO ?[0;39m|?[32mTest worker @coroutine#2-SendThread(127.0.0.1:7665)?[0;39m|?[34m(ClientCnxn.java:1013)?[0;39m|Socket connection established, initiating session, client: /127.0.0.1:7666, server: /127.0.0.1:7665
13:48:55.757|?[34mINFO ?[0;39m|?[32mSyncThread:0?[0;39m|?[34m(FileTxnLog.java:284)?[0;39m|Creating new log file: log.1
13:48:55.763|?[34mINFO ?[0;39m|?[32mSyncThread:0?[0;39m|?[34m(ZKAuditProvider.java:42)?[0;39m|ZooKeeper audit is disabled.
13:48:55.767|?[34mINFO ?[0;39m|?[32mTest worker @coroutine#2-SendThread(127.0.0.1:7665)?[0;39m|?[34m(ClientCnxn.java:1452)?[0;39m|Session establishment complete on server /127.0.0.1:7665, session id = 0x100182ef5d90000, negotiated timeout = 16000
13:48:55.771|?[34mINFO ?[0;39m|?[32mTest worker @coroutine#2?[0;39m|?[34m(Logging.scala:66)?[0;39m|[ZooKeeperClient Kafka server] Connected.
13:48:56.009|?[34mINFO ?[0;39m|?[32mTest worker @coroutine#2?[0;39m|?[34m(Logging.scala:66)?[0;39m|Cluster ID = -cMSVIlDTGeiihGxisBYbQ
13:48:56.012|?[31mWARN ?[0;39m|?[32mTest worker @coroutine#2?[0;39m|?[34m(Logging.scala:70)?[0;39m|No meta.properties file under dir C:\Users\1000084\AppData\Local\Temp\spring.kafka.86a15d02-951d-4ab2-84dc-69e0a835be388078878772364644196\meta.properties
13:48:56.041|?[34mINFO ?[0;39m|?[32mTest worker @coroutine#2?[0;39m|?[34m(AbstractConfig.java:376)?[0;39m|KafkaConfig values: 
	advertised.listeners = null
	alter.config.policy.class.name = null
	alter.log.dirs.replication.quota.window.num = 11
	alter.log.dirs.replication.quota.window.size.seconds = 1
	authorizer.class.name = 
	auto.create.topics.enable = true
	auto.include.jmx.reporter = true
	auto.leader.rebalance.enable = true
	background.threads = 10
	broker.heartbeat.interval.ms = 2000
	broker.id = 0
	broker.id.generation.enable = true
	broker.rack = null
	broker.session.timeout.ms = 9000
	client.quota.callback.class = null
	compression.type = producer
	connection.failed.authentication.delay.ms = 100
	connections.max.idle.ms = 600000
	connections.max.reauth.ms = 0
	control.plane.listener.name = null
	controlled.shutdown.enable = false
	controlled.shutdown.max.retries = 3
	controlled.shutdown.retry.backoff.ms = 100
	controller.listener.names = null
	controller.quorum.append.linger.ms = 25
	controller.quorum.election.backoff.max.ms = 1000
	controller.quorum.election.timeout.ms = 1000
	controller.quorum.fetch.timeout.ms = 2000
	controller.quorum.request.timeout.ms = 2000
	controller.quorum.retry.backoff.ms = 20
	controller.quorum.voters = []
	controller.quota.window.num = 11
	controller.quota.window.size.seconds = 1
	controller.socket.timeout.ms = 1000
	create.topic.policy.class.name = null
	default.replication.factor = 1
	delegation.token.expiry.check.interval.ms = 3600000
	delegation.token.expiry.time.ms = 86400000
	delegation.token.master.key = null
	delegation.token.max.lifetime.ms = 604800000
	delegation.token.secret.key = null
	delete.records.purgatory.purge.interval.requests = 1
	delete.topic.enable = true
	early.start.listeners = null
	fetch.max.bytes = 57671680
	fetch.purgatory.purge.interval.requests = 1000
	group.initial.rebalance.delay.ms = 0
	group.max.session.timeout.ms = 1800000
	group.max.size = 2147483647
	group.min.session.timeout.ms = 6000
	initial.broker.registration.timeout.ms = 60000
	inter.broker.listener.name = null
	inter.broker.protocol.version = 3.4-IV0
	kafka.metrics.polling.interval.secs = 10
	kafka.metrics.reporters = []
	leader.imbalance.check.interval.seconds = 300
	leader.imbalance.per.broker.percentage = 10
	listener.security.protocol.map = PLAINTEXT:PLAINTEXT,SSL:SSL,SASL_PLAINTEXT:SASL_PLAINTEXT,SASL_SSL:SASL_SSL
	listeners = PLAINTEXT://localhost:9092
	log.cleaner.backoff.ms = 15000
	log.cleaner.dedupe.buffer.size = 2097152
	log.cleaner.delete.retention.ms = 86400000
	log.cleaner.enable = true
	log.cleaner.io.buffer.load.factor = 0.9
	log.cleaner.io.buffer.size = 524288
	log.cleaner.io.max.bytes.per.second = 1.7976931348623157E308
	log.cleaner.max.compaction.lag.ms = 9223372036854775807
	log.cleaner.min.cleanable.ratio = 0.5
	log.cleaner.min.compaction.lag.ms = 0
	log.cleaner.threads = 1
	log.cleanup.policy = [delete]
	log.dir = C:\Users\1000084\AppData\Local\Temp\spring.kafka.86a15d02-951d-4ab2-84dc-69e0a835be388078878772364644196
	log.dirs = null
	log.flush.interval.messages = 9223372036854775807
	log.flush.interval.ms = null
	log.flush.offset.checkpoint.interval.ms = 60000
	log.flush.scheduler.interval.ms = 9223372036854775807
	log.flush.start.offset.checkpoint.interval.ms = 60000
	log.index.interval.bytes = 4096
	log.index.size.max.bytes = 10485760
	log.message.downconversion.enable = true
	log.message.format.version = 3.0-IV1
	log.message.timestamp.difference.max.ms = 9223372036854775807
	log.message.timestamp.type = CreateTime
	log.preallocate = false
	log.retention.bytes = -1
	log.retention.check.interval.ms = 300000
	log.retention.hours = 168
	log.retention.minutes = null
	log.retention.ms = null
	log.roll.hours = 168
	log.roll.jitter.hours = 0
	log.roll.jitter.ms = null
	log.roll.ms = null
	log.segment.bytes = 1073741824
	log.segment.delete.delay.ms = 1000
	max.connection.creation.rate = 2147483647
	max.connections = 2147483647
	max.connections.per.ip = 2147483647
	max.connections.per.ip.overrides = 
	max.incremental.fetch.session.cache.slots = 1000
	message.max.bytes = 1048588
	metadata.log.dir = null
	metadata.log.max.record.bytes.between.snapshots = 20971520
	metadata.log.max.snapshot.interval.ms = 3600000
	metadata.log.segment.bytes = 1073741824
	metadata.log.segment.min.bytes = 8388608
	metadata.log.segment.ms = 604800000
	metadata.max.idle.interval.ms = 500
	metadata.max.retention.bytes = 104857600
	metadata.max.retention.ms = 604800000
	metric.reporters = []
	metrics.num.samples = 2
	metrics.recording.level = INFO
	metrics.sample.window.ms = 30000
	min.insync.replicas = 1
	node.id = 0
	num.io.threads = 8
	num.network.threads = 3
	num.partitions = 2
	num.recovery.threads.per.data.dir = 1
	num.replica.alter.log.dirs.threads = null
	num.replica.fetchers = 1
	offset.metadata.max.bytes = 4096
	offsets.commit.required.acks = -1
	offsets.commit.timeout.ms = 5000
	offsets.load.buffer.size = 5242880
	offsets.retention.check.interval.ms = 600000
	offsets.retention.minutes = 10080
	offsets.topic.compression.codec = 0
	offsets.topic.num.partitions = 5
	offsets.topic.replication.factor = 1
	offsets.topic.segment.bytes = 104857600
	password.encoder.cipher.algorithm = AES/CBC/PKCS5Padding
	password.encoder.iterations = 4096
	password.encoder.key.length = 128
	password.encoder.keyfactory.algorithm = null
	password.encoder.old.secret = null
	password.encoder.secret = null
	principal.builder.class = class org.apache.kafka.common.security.authenticator.DefaultKafkaPrincipalBuilder
	process.roles = []
	producer.id.expiration.check.interval.ms = 600000
	producer.id.expiration.ms = 86400000
	producer.purgatory.purge.interval.requests = 1000
	queued.max.request.bytes = -1
	queued.max.requests = 500
	quota.window.num = 11
	quota.window.size.seconds = 1
	remote.log.index.file.cache.total.size.bytes = 1073741824
	remote.log.manager.task.interval.ms = 30000
	remote.log.manager.task.retry.backoff.max.ms = 30000
	remote.log.manager.task.retry.backoff.ms = 500
	remote.log.manager.task.retry.jitter = 0.2
	remote.log.manager.thread.pool.size = 10
	remote.log.metadata.manager.class.name = null
	remote.log.metadata.manager.class.path = null
	remote.log.metadata.manager.impl.prefix = null
	remote.log.metadata.manager.listener.name = null
	remote.log.reader.max.pending.tasks = 100
	remote.log.reader.threads = 10
	remote.log.storage.manager.class.name = null
	remote.log.storage.manager.class.path = null
	remote.log.storage.manager.impl.prefix = null
	remote.log.storage.system.enable = false
	replica.fetch.backoff.ms = 1000
	replica.fetch.max.bytes = 1048576
	replica.fetch.min.bytes = 1
	replica.fetch.response.max.bytes = 10485760
	replica.fetch.wait.max.ms = 500
	replica.high.watermark.checkpoint.interval.ms = 9223372036854775807
	replica.lag.time.max.ms = 30000
	replica.selector.class = null
	replica.socket.receive.buffer.bytes = 65536
	replica.socket.timeout.ms = 1000
	replication.quota.window.num = 11
	replication.quota.window.size.seconds = 1
	request.timeout.ms = 30000
	reserved.broker.max.id = 1000
	sasl.client.callback.handler.class = null
	sasl.enabled.mechanisms = [GSSAPI]
	sasl.jaas.config = null
	sasl.kerberos.kinit.cmd = /usr/bin/kinit
	sasl.kerberos.min.time.before.relogin = 60000
	sasl.kerberos.principal.to.local.rules = [DEFAULT]
	sasl.kerberos.service.name = null
	sasl.kerberos.ticket.renew.jitter = 0.05
	sasl.kerberos.ticket.renew.window.factor = 0.8
	sasl.login.callback.handler.class = null
	sasl.login.class = null
	sasl.login.connect.timeout.ms = null
	sasl.login.read.timeout.ms = null
	sasl.login.refresh.buffer.seconds = 300
	sasl.login.refresh.min.period.seconds = 60
	sasl.login.refresh.window.factor = 0.8
	sasl.login.refresh.window.jitter = 0.05
	sasl.login.retry.backoff.max.ms = 10000
	sasl.login.retry.backoff.ms = 100
	sasl.mechanism.controller.protocol = GSSAPI
	sasl.mechanism.inter.broker.protocol = GSSAPI
	sasl.oauthbearer.clock.skew.seconds = 30
	sasl.oauthbearer.expected.audience = null
	sasl.oauthbearer.expected.issuer = null
	sasl.oauthbearer.jwks.endpoint.refresh.ms = 3600000
	sasl.oauthbearer.jwks.endpoint.retry.backoff.max.ms = 10000
	sasl.oauthbearer.jwks.endpoint.retry.backoff.ms = 100
	sasl.oauthbearer.jwks.endpoint.url = null
	sasl.oauthbearer.scope.claim.name = scope
	sasl.oauthbearer.sub.claim.name = sub
	sasl.oauthbearer.token.endpoint.url = null
	sasl.server.callback.handler.class = null
	sasl.server.max.receive.size = 524288
	security.inter.broker.protocol = PLAINTEXT
	security.providers = null
	socket.connection.setup.timeout.max.ms = 30000
	socket.connection.setup.timeout.ms = 10000
	socket.listen.backlog.size = 50
	socket.receive.buffer.bytes = 102400
	socket.request.max.bytes = 104857600
	socket.send.buffer.bytes = 102400
	ssl.cipher.suites = []
	ssl.client.auth = none
	ssl.enabled.protocols = [TLSv1.2, TLSv1.3]
	ssl.endpoint.identification.algorithm = https
	ssl.engine.factory.class = null
	ssl.key.password = null
	ssl.keymanager.algorithm = SunX509
	ssl.keystore.certificate.chain = null
	ssl.keystore.key = null
	ssl.keystore.location = null
	ssl.keystore.password = null
	ssl.keystore.type = JKS
	ssl.principal.mapping.rules = DEFAULT
	ssl.protocol = TLSv1.3
	ssl.provider = null
	ssl.secure.random.implementation = null
	ssl.trustmanager.algorithm = PKIX
	ssl.truststore.certificates = null
	ssl.truststore.location = null
	ssl.truststore.password = null
	ssl.truststore.type = JKS
	transaction.abort.timed.out.transaction.cleanup.interval.ms = 10000
	transaction.max.timeout.ms = 900000
	transaction.remove.expired.transaction.cleanup.interval.ms = 3600000
	transaction.state.log.load.buffer.size = 5242880
	transaction.state.log.min.isr = 2
	transaction.state.log.num.partitions = 50
	transaction.state.log.replication.factor = 3
	transaction.state.log.segment.bytes = 104857600
	transactional.id.expiration.ms = 604800000
	unclean.leader.election.enable = false
	zookeeper.clientCnxnSocket = null
	zookeeper.connect = 127.0.0.1:7665
	zookeeper.connection.timeout.ms = 10000
	zookeeper.max.in.flight.requests = 10
	zookeeper.metadata.migration.enable = false
	zookeeper.session.timeout.ms = 18000
	zookeeper.set.acl = false
	zookeeper.ssl.cipher.suites = null
	zookeeper.ssl.client.enable = false
	zookeeper.ssl.crl.enable = false
	zookeeper.ssl.enabled.protocols = null
	zookeeper.ssl.endpoint.identification.algorithm = HTTPS
	zookeeper.ssl.keystore.location = null
	zookeeper.ssl.keystore.password = null
	zookeeper.ssl.keystore.type = null
	zookeeper.ssl.ocsp.enable = false
	zookeeper.ssl.protocol = TLSv1.2
	zookeeper.ssl.truststore.location = null
	zookeeper.ssl.truststore.password = null
	zookeeper.ssl.truststore.type = null

13:48:56.076|?[34mINFO ?[0;39m|?[32mThrottledChannelReaper-Fetch?[0;39m|?[34m(Logging.scala:66)?[0;39m|[ThrottledChannelReaper-Fetch]: Starting
13:48:56.077|?[34mINFO ?[0;39m|?[32mThrottledChannelReaper-Produce?[0;39m|?[34m(Logging.scala:66)?[0;39m|[ThrottledChannelReaper-Produce]: Starting
13:48:56.078|?[34mINFO ?[0;39m|?[32mThrottledChannelReaper-Request?[0;39m|?[34m(Logging.scala:66)?[0;39m|[ThrottledChannelReaper-Request]: Starting
13:48:56.081|?[34mINFO ?[0;39m|?[32mThrottledChannelReaper-ControllerMutation?[0;39m|?[34m(Logging.scala:66)?[0;39m|[ThrottledChannelReaper-ControllerMutation]: Starting
13:48:56.104|?[34mINFO ?[0;39m|?[32mTest worker @coroutine#2?[0;39m|?[34m(Logging.scala:66)?[0;39m|Loading logs from log dirs ArraySeq(C:\Users\1000084\AppData\Local\Temp\spring.kafka.86a15d02-951d-4ab2-84dc-69e0a835be388078878772364644196)
13:48:56.106|?[34mINFO ?[0;39m|?[32mTest worker @coroutine#2?[0;39m|?[34m(Logging.scala:66)?[0;39m|Attempting recovery for all logs in C:\Users\1000084\AppData\Local\Temp\spring.kafka.86a15d02-951d-4ab2-84dc-69e0a835be388078878772364644196 since no clean shutdown file was found
13:48:56.114|?[34mINFO ?[0;39m|?[32mTest worker @coroutine#2?[0;39m|?[34m(Logging.scala:66)?[0;39m|Loaded 0 logs in 10ms.
13:48:56.115|?[34mINFO ?[0;39m|?[32mTest worker @coroutine#2?[0;39m|?[34m(Logging.scala:66)?[0;39m|Starting log cleanup with a period of 300000 ms.
13:48:56.117|?[34mINFO ?[0;39m|?[32mTest worker @coroutine#2?[0;39m|?[34m(Logging.scala:66)?[0;39m|Starting log flusher with a default period of 9223372036854775807 ms.
13:48:56.125|?[34mINFO ?[0;39m|?[32mTest worker @coroutine#2?[0;39m|?[34m(Logging.scala:66)?[0;39m|Starting the log cleaner
13:48:56.133|?[34mINFO ?[0;39m|?[32mkafka-log-cleaner-thread-0?[0;39m|?[34m(Logging.scala:66)?[0;39m|[kafka-log-cleaner-thread-0]: Starting
13:48:56.142|?[34mINFO ?[0;39m|?[32mfeature-zk-node-event-process-thread?[0;39m|?[34m(Logging.scala:66)?[0;39m|[feature-zk-node-event-process-thread]: Starting
13:48:56.151|?[34mINFO ?[0;39m|?[32mfeature-zk-node-event-process-thread?[0;39m|?[34m(Logging.scala:66)?[0;39m|Feature ZK node at path: /feature does not exist
13:48:56.174|?[34mINFO ?[0;39m|?[32mBrokerToControllerChannelManager broker=0 name=forwarding?[0;39m|?[34m(Logging.scala:66)?[0;39m|[BrokerToControllerChannelManager broker=0 name=forwarding]: Starting
13:48:56.400|?[34mINFO ?[0;39m|?[32mTest worker @coroutine#2?[0;39m|?[34m(Logging.scala:66)?[0;39m|Updated connection-accept-rate max connection creation rate to 2147483647
13:48:56.405|?[34mINFO ?[0;39m|?[32mTest worker @coroutine#2?[0;39m|?[34m(Logging.scala:66)?[0;39m|Awaiting socket connections on localhost:9092.
13:48:56.425|?[34mINFO ?[0;39m|?[32mTest worker @coroutine#2?[0;39m|?[34m(Logging.scala:66)?[0;39m|[SocketServer listenerType=ZK_BROKER, nodeId=0] Created data-plane acceptor and processors for endpoint : ListenerName(PLAINTEXT)
13:48:56.430|?[34mINFO ?[0;39m|?[32mBrokerToControllerChannelManager broker=0 name=alterPartition?[0;39m|?[34m(Logging.scala:66)?[0;39m|[BrokerToControllerChannelManager broker=0 name=alterPartition]: Starting
13:48:56.442|?[34mINFO ?[0;39m|?[32mExpirationReaper-0-Produce?[0;39m|?[34m(Logging.scala:66)?[0;39m|[ExpirationReaper-0-Produce]: Starting
13:48:56.442|?[34mINFO ?[0;39m|?[32mExpirationReaper-0-Fetch?[0;39m|?[34m(Logging.scala:66)?[0;39m|[ExpirationReaper-0-Fetch]: Starting
13:48:56.443|?[34mINFO ?[0;39m|?[32mExpirationReaper-0-DeleteRecords?[0;39m|?[34m(Logging.scala:66)?[0;39m|[ExpirationReaper-0-DeleteRecords]: Starting
13:48:56.443|?[34mINFO ?[0;39m|?[32mExpirationReaper-0-ElectLeader?[0;39m|?[34m(Logging.scala:66)?[0;39m|[ExpirationReaper-0-ElectLeader]: Starting
13:48:56.456|?[34mINFO ?[0;39m|?[32mLogDirFailureHandler?[0;39m|?[34m(Logging.scala:66)?[0;39m|[LogDirFailureHandler]: Starting
13:48:56.471|?[34mINFO ?[0;39m|?[32mTest worker @coroutine#2?[0;39m|?[34m(Logging.scala:66)?[0;39m|Creating /brokers/ids/0 (is it secure? false)
13:48:56.483|?[34mINFO ?[0;39m|?[32mTest worker @coroutine#2?[0;39m|?[34m(Logging.scala:66)?[0;39m|Stat of the created znode at /brokers/ids/0 is: 25,25,1689137336479,1689137336479,1,0,0,72084184010129408,202,0,25

13:48:56.484|?[34mINFO ?[0;39m|?[32mTest worker @coroutine#2?[0;39m|?[34m(Logging.scala:66)?[0;39m|Registered broker 0 at path /brokers/ids/0 with addresses: PLAINTEXT://localhost:9092, czxid (broker epoch): 25
13:48:56.523|?[34mINFO ?[0;39m|?[32mcontroller-event-thread?[0;39m|?[34m(Logging.scala:66)?[0;39m|[ControllerEventThread controllerId=0] Starting
13:48:56.527|?[34mINFO ?[0;39m|?[32mExpirationReaper-0-topic?[0;39m|?[34m(Logging.scala:66)?[0;39m|[ExpirationReaper-0-topic]: Starting
13:48:56.532|?[34mINFO ?[0;39m|?[32mExpirationReaper-0-Heartbeat?[0;39m|?[34m(Logging.scala:66)?[0;39m|[ExpirationReaper-0-Heartbeat]: Starting
13:48:56.532|?[34mINFO ?[0;39m|?[32mExpirationReaper-0-Rebalance?[0;39m|?[34m(Logging.scala:66)?[0;39m|[ExpirationReaper-0-Rebalance]: Starting
13:48:56.538|?[34mINFO ?[0;39m|?[32mcontroller-event-thread?[0;39m|?[34m(Logging.scala:66)?[0;39m|Successfully created /controller_epoch with initial epoch 0
13:48:56.542|?[34mINFO ?[0;39m|?[32mcontroller-event-thread?[0;39m|?[34m(Logging.scala:66)?[0;39m|[Controller id=0] 0 successfully elected as the controller. Epoch incremented to 1 and epoch zk version is now 1
13:48:56.542|?[34mINFO ?[0;39m|?[32mTest worker @coroutine#2?[0;39m|?[34m(Logging.scala:66)?[0;39m|[GroupCoordinator 0]: Starting up.
13:48:56.545|?[34mINFO ?[0;39m|?[32mcontroller-event-thread?[0;39m|?[34m(Logging.scala:66)?[0;39m|[Controller id=0] Creating FeatureZNode at path: /feature with contents: FeatureZNode(2,Enabled,Map())
13:48:56.545|?[34mINFO ?[0;39m|?[32mTest worker @coroutine#2?[0;39m|?[34m(Logging.scala:66)?[0;39m|[GroupCoordinator 0]: Startup complete.
13:48:56.547|?[34mINFO ?[0;39m|?[32mTest worker @coroutine#2-EventThread?[0;39m|?[34m(Logging.scala:66)?[0;39m|Feature ZK node created at path: /feature
13:48:56.559|?[34mINFO ?[0;39m|?[32mTest worker @coroutine#2?[0;39m|?[34m(Logging.scala:66)?[0;39m|[TransactionCoordinator id=0] Starting up.
13:48:56.561|?[34mINFO ?[0;39m|?[32mTxnMarkerSenderThread-0?[0;39m|?[34m(Logging.scala:66)?[0;39m|[Transaction Marker Channel Manager 0]: Starting
13:48:56.561|?[34mINFO ?[0;39m|?[32mTest worker @coroutine#2?[0;39m|?[34m(Logging.scala:66)?[0;39m|[TransactionCoordinator id=0] Startup complete.
13:48:56.567|?[34mINFO ?[0;39m|?[32mcontroller-event-thread?[0;39m|?[34m(Logging.scala:66)?[0;39m|[Controller id=0] Registering handlers
13:48:56.567|?[34mINFO ?[0;39m|?[32mfeature-zk-node-event-process-thread?[0;39m|?[34m(Logging.scala:66)?[0;39m|[MetadataCache brokerId=0] Updated cache from existing <empty> to latest FinalizedFeaturesAndEpoch(features=Map(), epoch=0).
13:48:56.569|?[34mINFO ?[0;39m|?[32mcontroller-event-thread?[0;39m|?[34m(Logging.scala:66)?[0;39m|[Controller id=0] Deleting log dir event notifications
13:48:56.571|?[34mINFO ?[0;39m|?[32mcontroller-event-thread?[0;39m|?[34m(Logging.scala:66)?[0;39m|[Controller id=0] Deleting isr change notifications
13:48:56.572|?[34mINFO ?[0;39m|?[32mcontroller-event-thread?[0;39m|?[34m(Logging.scala:66)?[0;39m|[Controller id=0] Initializing controller context
13:48:56.585|?[34mINFO ?[0;39m|?[32mExpirationReaper-0-AlterAcls?[0;39m|?[34m(Logging.scala:66)?[0;39m|[ExpirationReaper-0-AlterAcls]: Starting
13:48:56.585|?[34mINFO ?[0;39m|?[32mcontroller-event-thread?[0;39m|?[34m(Logging.scala:66)?[0;39m|[Controller id=0] Initialized broker epochs cache: HashMap(0 -> 25)
13:48:56.601|?[34mINFO ?[0;39m|?[32mController-0-to-broker-0-send-thread?[0;39m|?[34m(Logging.scala:66)?[0;39m|[RequestSendThread controllerId=0] Starting
13:48:56.603|?[34mINFO ?[0;39m|?[32mcontroller-event-thread?[0;39m|?[34m(Logging.scala:66)?[0;39m|[Controller id=0] Currently active brokers in the cluster: Set(0)
13:48:56.603|?[34mINFO ?[0;39m|?[32mcontroller-event-thread?[0;39m|?[34m(Logging.scala:66)?[0;39m|[Controller id=0] Currently shutting brokers in the cluster: HashSet()
13:48:56.603|?[34mINFO ?[0;39m|?[32mcontroller-event-thread?[0;39m|?[34m(Logging.scala:66)?[0;39m|[Controller id=0] Current list of topics in the cluster: HashSet()
13:48:56.604|?[34mINFO ?[0;39m|?[32mcontroller-event-thread?[0;39m|?[34m(Logging.scala:66)?[0;39m|[Controller id=0] Fetching topic deletions in progress
13:48:56.605|?[34mINFO ?[0;39m|?[32mcontroller-event-thread?[0;39m|?[34m(Logging.scala:66)?[0;39m|[Controller id=0] List of topics to be deleted: 
13:48:56.605|?[34mINFO ?[0;39m|?[32mcontroller-event-thread?[0;39m|?[34m(Logging.scala:66)?[0;39m|[Controller id=0] List of topics ineligible for deletion: 
13:48:56.605|?[34mINFO ?[0;39m|?[32mcontroller-event-thread?[0;39m|?[34m(Logging.scala:66)?[0;39m|[Controller id=0] Initializing topic deletion manager
13:48:56.606|?[34mINFO ?[0;39m|?[32mcontroller-event-thread?[0;39m|?[34m(Logging.scala:66)?[0;39m|[Topic Deletion Manager 0] Initializing manager with initial deletions: Set(), initial ineligible deletions: HashSet()
13:48:56.606|?[34mINFO ?[0;39m|?[32m/config/changes-event-process-thread?[0;39m|?[34m(Logging.scala:66)?[0;39m|[/config/changes-event-process-thread]: Starting
13:48:56.607|?[34mINFO ?[0;39m|?[32mcontroller-event-thread?[0;39m|?[34m(Logging.scala:66)?[0;39m|[Controller id=0] Sending update metadata request
13:48:56.609|?[34mINFO ?[0;39m|?[32mcontroller-event-thread?[0;39m|?[34m(Logging.scala:66)?[0;39m|[Controller id=0 epoch=1] Sending UpdateMetadata request to brokers HashSet(0) for 0 partitions
13:48:56.611|?[34mINFO ?[0;39m|?[32mTest worker @coroutine#2?[0;39m|?[34m(Logging.scala:66)?[0;39m|[SocketServer listenerType=ZK_BROKER, nodeId=0] Enabling request processing.
13:48:56.613|?[34mINFO ?[0;39m|?[32mcontroller-event-thread?[0;39m|?[34m(Logging.scala:66)?[0;39m|[ReplicaStateMachine controllerId=0] Initializing replica state
13:48:56.614|?[34mINFO ?[0;39m|?[32mcontroller-event-thread?[0;39m|?[34m(Logging.scala:66)?[0;39m|[ReplicaStateMachine controllerId=0] Triggering online replica state changes
13:48:56.614|?[34mINFO ?[0;39m|?[32mTest worker @coroutine#2?[0;39m|?[34m(AppInfoParser.java:119)?[0;39m|Kafka version: 3.4.1
13:48:56.614|?[34mINFO ?[0;39m|?[32mTest worker @coroutine#2?[0;39m|?[34m(AppInfoParser.java:120)?[0;39m|Kafka commitId: 8a516edc2755df89
13:48:56.614|?[34mINFO ?[0;39m|?[32mTest worker @coroutine#2?[0;39m|?[34m(AppInfoParser.java:121)?[0;39m|Kafka startTimeMs: 1689137336613
13:48:56.616|?[34mINFO ?[0;39m|?[32mTest worker @coroutine#2?[0;39m|?[34m(Logging.scala:66)?[0;39m|[KafkaServer id=0] started
13:48:56.618|?[34mINFO ?[0;39m|?[32mcontroller-event-thread?[0;39m|?[34m(Logging.scala:66)?[0;39m|[ReplicaStateMachine controllerId=0] Triggering offline replica state changes
13:48:56.619|?[34mINFO ?[0;39m|?[32mcontroller-event-thread?[0;39m|?[34m(Logging.scala:66)?[0;39m|[PartitionStateMachine controllerId=0] Initializing partition state
13:48:56.620|?[34mINFO ?[0;39m|?[32mcontroller-event-thread?[0;39m|?[34m(Logging.scala:66)?[0;39m|[PartitionStateMachine controllerId=0] Triggering online partition state changes
13:48:56.623|?[34mINFO ?[0;39m|?[32mController-0-to-broker-0-send-thread?[0;39m|?[34m(Logging.scala:66)?[0;39m|[RequestSendThread controllerId=0] Controller 0 connected to localhost:9092 (id: 0 rack: null) for sending state change requests
13:48:56.626|?[34mINFO ?[0;39m|?[32mcontroller-event-thread?[0;39m|?[34m(Logging.scala:66)?[0;39m|[Controller id=0] Ready to serve as the new controller with epoch 1
13:48:56.626|?[34mINFO ?[0;39m|?[32mTest worker @coroutine#2?[0;39m|?[34m(AbstractConfig.java:376)?[0;39m|AdminClientConfig values: 
	auto.include.jmx.reporter = true
	bootstrap.servers = [127.0.0.1:9092]
	client.dns.lookup = use_all_dns_ips
	client.id = 
	connections.max.idle.ms = 300000
	default.api.timeout.ms = 60000
	metadata.max.age.ms = 300000
	metric.reporters = []
	metrics.num.samples = 2
	metrics.recording.level = INFO
	metrics.sample.window.ms = 30000
	receive.buffer.bytes = 65536
	reconnect.backoff.max.ms = 1000
	reconnect.backoff.ms = 50
	request.timeout.ms = 30000
	retries = 2147483647
	retry.backoff.ms = 100
	sasl.client.callback.handler.class = null
	sasl.jaas.config = null
	sasl.kerberos.kinit.cmd = /usr/bin/kinit
	sasl.kerberos.min.time.before.relogin = 60000
	sasl.kerberos.service.name = null
	sasl.kerberos.ticket.renew.jitter = 0.05
	sasl.kerberos.ticket.renew.window.factor = 0.8
	sasl.login.callback.handler.class = null
	sasl.login.class = null
	sasl.login.connect.timeout.ms = null
	sasl.login.read.timeout.ms = null
	sasl.login.refresh.buffer.seconds = 300
	sasl.login.refresh.min.period.seconds = 60
	sasl.login.refresh.window.factor = 0.8
	sasl.login.refresh.window.jitter = 0.05
	sasl.login.retry.backoff.max.ms = 10000
	sasl.login.retry.backoff.ms = 100
	sasl.mechanism = GSSAPI
	sasl.oauthbearer.clock.skew.seconds = 30
	sasl.oauthbearer.expected.audience = null
	sasl.oauthbearer.expected.issuer = null
	sasl.oauthbearer.jwks.endpoint.refresh.ms = 3600000
	sasl.oauthbearer.jwks.endpoint.retry.backoff.max.ms = 10000
	sasl.oauthbearer.jwks.endpoint.retry.backoff.ms = 100
	sasl.oauthbearer.jwks.endpoint.url = null
	sasl.oauthbearer.scope.claim.name = scope
	sasl.oauthbearer.sub.claim.name = sub
	sasl.oauthbearer.token.endpoint.url = null
	security.protocol = PLAINTEXT
	security.providers = null
	send.buffer.bytes = 131072
	socket.connection.setup.timeout.max.ms = 30000
	socket.connection.setup.timeout.ms = 10000
	ssl.cipher.suites = null
	ssl.enabled.protocols = [TLSv1.2, TLSv1.3]
	ssl.endpoint.identification.algorithm = https
	ssl.engine.factory.class = null
	ssl.key.password = null
	ssl.keymanager.algorithm = SunX509
	ssl.keystore.certificate.chain = null
	ssl.keystore.key = null
	ssl.keystore.location = null
	ssl.keystore.password = null
	ssl.keystore.type = JKS
	ssl.protocol = TLSv1.3
	ssl.provider = null
	ssl.secure.random.implementation = null
	ssl.trustmanager.algorithm = PKIX
	ssl.truststore.certificates = null
	ssl.truststore.location = null
	ssl.truststore.password = null
	ssl.truststore.type = JKS

13:48:56.631|?[34mINFO ?[0;39m|?[32mcontroller-event-thread?[0;39m|?[34m(Logging.scala:66)?[0;39m|[Controller id=0] Partitions undergoing preferred replica election: 
13:48:56.631|?[34mINFO ?[0;39m|?[32mcontroller-event-thread?[0;39m|?[34m(Logging.scala:66)?[0;39m|[Controller id=0] Partitions that completed preferred replica election: 
13:48:56.632|?[34mINFO ?[0;39m|?[32mcontroller-event-thread?[0;39m|?[34m(Logging.scala:66)?[0;39m|[Controller id=0] Skipping preferred replica election for partitions due to topic deletion: 
13:48:56.632|?[34mINFO ?[0;39m|?[32mcontroller-event-thread?[0;39m|?[34m(Logging.scala:66)?[0;39m|[Controller id=0] Resuming preferred replica election for partitions: 
13:48:56.633|?[34mINFO ?[0;39m|?[32mcontroller-event-thread?[0;39m|?[34m(Logging.scala:66)?[0;39m|[Controller id=0] Starting replica leader election (PREFERRED) for partitions  triggered by ZkTriggered
13:48:56.643|?[34mINFO ?[0;39m|?[32mcontroller-event-thread?[0;39m|?[34m(Logging.scala:66)?[0;39m|[Controller id=0] Starting the controller scheduler
13:48:56.657|?[34mINFO ?[0;39m|?[32mTest worker @coroutine#2?[0;39m|?[34m(AppInfoParser.java:119)?[0;39m|Kafka version: 3.4.1
13:48:56.657|?[34mINFO ?[0;39m|?[32mTest worker @coroutine#2?[0;39m|?[34m(AppInfoParser.java:120)?[0;39m|Kafka commitId: 8a516edc2755df89
13:48:56.657|?[34mINFO ?[0;39m|?[32mTest worker @coroutine#2?[0;39m|?[34m(AppInfoParser.java:121)?[0;39m|Kafka startTimeMs: 1689137336657
13:48:56.684|?[34mINFO ?[0;39m|?[32mBrokerToControllerChannelManager broker=0 name=forwarding?[0;39m|?[34m(Logging.scala:66)?[0;39m|[BrokerToControllerChannelManager broker=0 name=forwarding]: Recorded new controller, from now on will use node localhost:9092 (id: 0 rack: null)
13:48:56.710|?[34mINFO ?[0;39m|?[32mdata-plane-kafka-request-handler-3?[0;39m|?[34m(Logging.scala:66)?[0;39m|Creating topic test with configuration {} and initial partition assignment HashMap(0 -> ArrayBuffer(0), 1 -> ArrayBuffer(0))
13:48:56.720|?[34mINFO ?[0;39m|?[32mcontroller-event-thread?[0;39m|?[34m(Logging.scala:66)?[0;39m|[Controller id=0] New topics: [Set(test)], deleted topics: [HashSet()], new partition replica assignment [Set(TopicIdReplicaAssignment(test,Some(VRtpDil9SXCxFzJUU2sJRQ),Map(test-0 -> ReplicaAssignment(replicas=0, addingReplicas=, removingReplicas=), test-1 -> ReplicaAssignment(replicas=0, addingReplicas=, removingReplicas=))))]
13:48:56.721|?[34mINFO ?[0;39m|?[32mcontroller-event-thread?[0;39m|?[34m(Logging.scala:66)?[0;39m|[Controller id=0] New partition creation callback for test-0,test-1
13:48:56.723|?[34mINFO ?[0;39m|?[32mcontroller-event-thread?[0;39m|?[34m(Logging.scala:66)?[0;39m|[Controller id=0 epoch=1] Changed partition test-0 state from NonExistentPartition to NewPartition with assigned replicas 0
13:48:56.723|?[34mINFO ?[0;39m|?[32mcontroller-event-thread?[0;39m|?[34m(Logging.scala:66)?[0;39m|[Controller id=0 epoch=1] Changed partition test-1 state from NonExistentPartition to NewPartition with assigned replicas 0
13:48:56.723|?[34mINFO ?[0;39m|?[32mcontroller-event-thread?[0;39m|?[34m(Logging.scala:66)?[0;39m|[Controller id=0 epoch=1] Sending UpdateMetadata request to brokers HashSet() for 0 partitions
13:48:56.725|?[34mINFO ?[0;39m|?[32mcontroller-event-thread?[0;39m|?[34m(Logging.scala:66)?[0;39m|[Controller id=0 epoch=1] Sending UpdateMetadata request to brokers HashSet() for 0 partitions
13:48:56.733|?[34mINFO ?[0;39m|?[32mBrokerToControllerChannelManager broker=0 name=alterPartition?[0;39m|?[34m(Logging.scala:66)?[0;39m|[BrokerToControllerChannelManager broker=0 name=alterPartition]: Recorded new controller, from now on will use node localhost:9092 (id: 0 rack: null)
13:48:56.738|?[34mINFO ?[0;39m|?[32mcontroller-event-thread?[0;39m|?[34m(Logging.scala:66)?[0;39m|[Controller id=0 epoch=1] Changed partition test-0 from NewPartition to OnlinePartition with state LeaderAndIsr(leader=0, leaderEpoch=0, isr=List(0), leaderRecoveryState=RECOVERED, partitionEpoch=0)
13:48:56.738|?[34mINFO ?[0;39m|?[32mcontroller-event-thread?[0;39m|?[34m(Logging.scala:66)?[0;39m|[Controller id=0 epoch=1] Changed partition test-1 from NewPartition to OnlinePartition with state LeaderAndIsr(leader=0, leaderEpoch=0, isr=List(0), leaderRecoveryState=RECOVERED, partitionEpoch=0)
13:48:56.740|?[34mINFO ?[0;39m|?[32mcontroller-event-thread?[0;39m|?[34m(Logging.scala:66)?[0;39m|[Controller id=0 epoch=1] Sending LeaderAndIsr request to broker 0 with 2 become-leader and 0 become-follower partitions
13:48:56.741|?[34mINFO ?[0;39m|?[32mcontroller-event-thread?[0;39m|?[34m(Logging.scala:66)?[0;39m|[Controller id=0 epoch=1] Sending UpdateMetadata request to brokers HashSet(0) for 2 partitions
13:48:56.741|?[34mINFO ?[0;39m|?[32mcontroller-event-thread?[0;39m|?[34m(Logging.scala:66)?[0;39m|[Controller id=0 epoch=1] Sending UpdateMetadata request to brokers HashSet() for 0 partitions
13:48:56.745|?[34mINFO ?[0;39m|?[32mdata-plane-kafka-request-handler-5?[0;39m|?[34m(Logging.scala:66)?[0;39m|[Broker id=0] Handling LeaderAndIsr request correlationId 1 from controller 0 for 2 partitions
13:48:56.763|?[34mINFO ?[0;39m|?[32mdata-plane-kafka-request-handler-5?[0;39m|?[34m(Logging.scala:66)?[0;39m|[ReplicaFetcherManager on broker 0] Removed fetcher for partitions Set(test-1, test-0)
13:48:56.764|?[34mINFO ?[0;39m|?[32mdata-plane-kafka-request-handler-5?[0;39m|?[34m(Logging.scala:66)?[0;39m|[Broker id=0] Stopped fetchers as part of LeaderAndIsr request correlationId 1 from controller 0 epoch 1 as part of the become-leader transition for 2 partitions
13:48:56.807|?[34mINFO ?[0;39m|?[32mdata-plane-kafka-request-handler-5?[0;39m|?[34m(UnifiedLog.scala:1787)?[0;39m|[LogLoader partition=test-1, dir=C:\Users\1000084\AppData\Local\Temp\spring.kafka.86a15d02-951d-4ab2-84dc-69e0a835be388078878772364644196] Loading producer state till offset 0 with message format version 2
13:48:56.816|?[34mINFO ?[0;39m|?[32mdata-plane-kafka-request-handler-5?[0;39m|?[34m(Logging.scala:66)?[0;39m|Created log for partition test-1 in C:\Users\1000084\AppData\Local\Temp\spring.kafka.86a15d02-951d-4ab2-84dc-69e0a835be388078878772364644196\test-1 with properties {}
13:48:56.817|?[34mINFO ?[0;39m|?[32mdata-plane-kafka-request-handler-5?[0;39m|?[34m(Logging.scala:66)?[0;39m|[Partition test-1 broker=0] No checkpointed highwatermark is found for partition test-1
13:48:56.818|?[34mINFO ?[0;39m|?[32mdata-plane-kafka-request-handler-5?[0;39m|?[34m(Logging.scala:66)?[0;39m|[Partition test-1 broker=0] Log loaded for partition test-1 with initial high watermark 0
13:48:56.820|?[34mINFO ?[0;39m|?[32mdata-plane-kafka-request-handler-5?[0;39m|?[34m(Logging.scala:66)?[0;39m|[Broker id=0] Leader test-1 with topic id Some(VRtpDil9SXCxFzJUU2sJRQ) starts at leader epoch 0 from offset 0 with partition epoch 0, high watermark 0, ISR [0], adding replicas [] and removing replicas []. Previous leader epoch was -1.
13:48:56.833|?[34mINFO ?[0;39m|?[32mdata-plane-kafka-request-handler-5?[0;39m|?[34m(UnifiedLog.scala:1787)?[0;39m|[LogLoader partition=test-0, dir=C:\Users\1000084\AppData\Local\Temp\spring.kafka.86a15d02-951d-4ab2-84dc-69e0a835be388078878772364644196] Loading producer state till offset 0 with message format version 2
13:48:56.834|?[34mINFO ?[0;39m|?[32mdata-plane-kafka-request-handler-5?[0;39m|?[34m(Logging.scala:66)?[0;39m|Created log for partition test-0 in C:\Users\1000084\AppData\Local\Temp\spring.kafka.86a15d02-951d-4ab2-84dc-69e0a835be388078878772364644196\test-0 with properties {}
13:48:56.834|?[34mINFO ?[0;39m|?[32mdata-plane-kafka-request-handler-5?[0;39m|?[34m(Logging.scala:66)?[0;39m|[Partition test-0 broker=0] No checkpointed highwatermark is found for partition test-0
13:48:56.834|?[34mINFO ?[0;39m|?[32mdata-plane-kafka-request-handler-5?[0;39m|?[34m(Logging.scala:66)?[0;39m|[Partition test-0 broker=0] Log loaded for partition test-0 with initial high watermark 0
13:48:56.834|?[34mINFO ?[0;39m|?[32mdata-plane-kafka-request-handler-5?[0;39m|?[34m(Logging.scala:66)?[0;39m|[Broker id=0] Leader test-0 with topic id Some(VRtpDil9SXCxFzJUU2sJRQ) starts at leader epoch 0 from offset 0 with partition epoch 0, high watermark 0, ISR [0], adding replicas [] and removing replicas []. Previous leader epoch was -1.
13:48:56.840|?[34mINFO ?[0;39m|?[32mdata-plane-kafka-request-handler-5?[0;39m|?[34m(Logging.scala:66)?[0;39m|[Broker id=0] Finished LeaderAndIsr request in 98ms correlationId 1 from controller 0 for 2 partitions
13:48:56.845|?[34mINFO ?[0;39m|?[32mdata-plane-kafka-request-handler-6?[0;39m|?[34m(Logging.scala:66)?[0;39m|[Broker id=0] Add 2 partitions and deleted 0 partitions from metadata cache in response to UpdateMetadata request sent by controller 0 epoch 1 with correlation id 2
13:48:56.850|?[34mINFO ?[0;39m|?[32mkafka-admin-client-thread | adminclient-1?[0;39m|?[34m(AppInfoParser.java:83)?[0;39m|App info kafka.admin.client for adminclient-1 unregistered
13:48:56.851|?[34mINFO ?[0;39m|?[32mkafka-admin-client-thread | adminclient-1?[0;39m|?[34m(Metrics.java:693)?[0;39m|Metrics scheduler closed
13:48:56.852|?[34mINFO ?[0;39m|?[32mkafka-admin-client-thread | adminclient-1?[0;39m|?[34m(Metrics.java:697)?[0;39m|Closing reporter org.apache.kafka.common.metrics.JmxReporter
13:48:56.852|?[34mINFO ?[0;39m|?[32mkafka-admin-client-thread | adminclient-1?[0;39m|?[34m(Metrics.java:703)?[0;39m|Metrics reporters closed
13:48:56.864|?[34mINFO ?[0;39m|?[32mTest worker @coroutine#2?[0;39m|?[34m(StartupInfoLogger.java:51)?[0;39m|Starting ReactiveKafkaConsumerTest using Java 17.0.7 with PID 77644 (started by 1000084 in C:\NIDE\workspace\study-spring\kafka\v04.consumer-reactive)
13:48:56.865|?[39mDEBUG?[0;39m|?[32mTest worker @coroutine#2?[0;39m|?[34m(StartupInfoLogger.java:52)?[0;39m|Running with Spring Boot v3.1.1, Spring v6.0.10
13:48:56.865|?[34mINFO ?[0;39m|?[32mTest worker @coroutine#2?[0;39m|?[34m(SpringApplication.java:640)?[0;39m|The following 1 profile is active: "test"
13:48:57.335|?[34mINFO ?[0;39m|?[32mTest worker @coroutine#2?[0;39m|?[34m(RepositoryConfigurationDelegate.java:291)?[0;39m|Multiple Spring Data modules found, entering strict repository configuration mode
13:48:57.338|?[34mINFO ?[0;39m|?[32mTest worker @coroutine#2?[0;39m|?[34m(RepositoryConfigurationDelegate.java:138)?[0;39m|Bootstrapping Spring Data Redis repositories in DEFAULT mode.
13:48:57.368|?[34mINFO ?[0;39m|?[32mTest worker @coroutine#2?[0;39m|?[34m(RepositoryConfigurationDelegate.java:208)?[0;39m|Finished Spring Data repository scanning in 16 ms. Found 0 Redis repository interfaces.
13:48:57.639|?[34mINFO ?[0;39m|?[32mTest worker @coroutine#2?[0;39m|?[34m(Version.java:41)?[0;39m|Redisson 3.21.3
13:48:57.935|?[34mINFO ?[0;39m|?[32mredisson-netty-2-5?[0;39m|?[34m(ConnectionPool.java:140)?[0;39m|1 connections initialized for localhost/127.0.0.1:6379
13:48:57.990|?[34mINFO ?[0;39m|?[32mredisson-netty-2-20?[0;39m|?[34m(ConnectionPool.java:140)?[0;39m|24 connections initialized for localhost/127.0.0.1:6379
13:48:58.111|?[34mINFO ?[0;39m|?[32mTest worker @coroutine#2?[0;39m|?[34m(AbstractConfig.java:376)?[0;39m|AdminClientConfig values: 
	auto.include.jmx.reporter = true
	bootstrap.servers = [127.0.0.1:9092]
	client.dns.lookup = use_all_dns_ips
	client.id = 
	connections.max.idle.ms = 300000
	default.api.timeout.ms = 60000
	metadata.max.age.ms = 300000
	metric.reporters = []
	metrics.num.samples = 2
	metrics.recording.level = INFO
	metrics.sample.window.ms = 30000
	receive.buffer.bytes = 65536
	reconnect.backoff.max.ms = 1000
	reconnect.backoff.ms = 50
	request.timeout.ms = 30000
	retries = 2147483647
	retry.backoff.ms = 100
	sasl.client.callback.handler.class = null
	sasl.jaas.config = null
	sasl.kerberos.kinit.cmd = /usr/bin/kinit
	sasl.kerberos.min.time.before.relogin = 60000
	sasl.kerberos.service.name = null
	sasl.kerberos.ticket.renew.jitter = 0.05
	sasl.kerberos.ticket.renew.window.factor = 0.8
	sasl.login.callback.handler.class = null
	sasl.login.class = null
	sasl.login.connect.timeout.ms = null
	sasl.login.read.timeout.ms = null
	sasl.login.refresh.buffer.seconds = 300
	sasl.login.refresh.min.period.seconds = 60
	sasl.login.refresh.window.factor = 0.8
	sasl.login.refresh.window.jitter = 0.05
	sasl.login.retry.backoff.max.ms = 10000
	sasl.login.retry.backoff.ms = 100
	sasl.mechanism = GSSAPI
	sasl.oauthbearer.clock.skew.seconds = 30
	sasl.oauthbearer.expected.audience = null
	sasl.oauthbearer.expected.issuer = null
	sasl.oauthbearer.jwks.endpoint.refresh.ms = 3600000
	sasl.oauthbearer.jwks.endpoint.retry.backoff.max.ms = 10000
	sasl.oauthbearer.jwks.endpoint.retry.backoff.ms = 100
	sasl.oauthbearer.jwks.endpoint.url = null
	sasl.oauthbearer.scope.claim.name = scope
	sasl.oauthbearer.sub.claim.name = sub
	sasl.oauthbearer.token.endpoint.url = null
	security.protocol = PLAINTEXT
	security.providers = null
	send.buffer.bytes = 131072
	socket.connection.setup.timeout.max.ms = 30000
	socket.connection.setup.timeout.ms = 10000
	ssl.cipher.suites = null
	ssl.enabled.protocols = [TLSv1.2, TLSv1.3]
	ssl.endpoint.identification.algorithm = https
	ssl.engine.factory.class = null
	ssl.key.password = null
	ssl.keymanager.algorithm = SunX509
	ssl.keystore.certificate.chain = null
	ssl.keystore.key = null
	ssl.keystore.location = null
	ssl.keystore.password = null
	ssl.keystore.type = JKS
	ssl.protocol = TLSv1.3
	ssl.provider = null
	ssl.secure.random.implementation = null
	ssl.trustmanager.algorithm = PKIX
	ssl.truststore.certificates = null
	ssl.truststore.location = null
	ssl.truststore.password = null
	ssl.truststore.type = JKS

13:48:58.114|?[31mWARN ?[0;39m|?[32mTest worker @coroutine#2?[0;39m|?[34m(AbstractConfig.java:385)?[0;39m|These configurations '[spring.json.trusted.packages]' were supplied but are not used yet.
13:48:58.114|?[34mINFO ?[0;39m|?[32mTest worker @coroutine#2?[0;39m|?[34m(AppInfoParser.java:119)?[0;39m|Kafka version: 3.4.1
13:48:58.114|?[34mINFO ?[0;39m|?[32mTest worker @coroutine#2?[0;39m|?[34m(AppInfoParser.java:120)?[0;39m|Kafka commitId: 8a516edc2755df89
13:48:58.114|?[34mINFO ?[0;39m|?[32mTest worker @coroutine#2?[0;39m|?[34m(AppInfoParser.java:121)?[0;39m|Kafka startTimeMs: 1689137338114
13:48:58.126|?[34mINFO ?[0;39m|?[32mTest worker @coroutine#2?[0;39m|?[34m(LogAccessor.java:292)?[0;39m|Topic 'test' exists but has a different partition count: 2 not 1
13:48:58.127|?[34mINFO ?[0;39m|?[32mkafka-admin-client-thread | adminclient-2?[0;39m|?[34m(AppInfoParser.java:83)?[0;39m|App info kafka.admin.client for adminclient-2 unregistered
13:48:58.128|?[34mINFO ?[0;39m|?[32mkafka-admin-client-thread | adminclient-2?[0;39m|?[34m(Metrics.java:693)?[0;39m|Metrics scheduler closed
13:48:58.129|?[34mINFO ?[0;39m|?[32mkafka-admin-client-thread | adminclient-2?[0;39m|?[34m(Metrics.java:697)?[0;39m|Closing reporter org.apache.kafka.common.metrics.JmxReporter
13:48:58.129|?[34mINFO ?[0;39m|?[32mkafka-admin-client-thread | adminclient-2?[0;39m|?[34m(Metrics.java:703)?[0;39m|Metrics reporters closed
13:48:58.266|?[34mINFO ?[0;39m|?[32mTest worker @coroutine#2?[0;39m|?[34m(AbstractConfig.java:376)?[0;39m|ConsumerConfig values: 
	allow.auto.create.topics = true
	auto.commit.interval.ms = 5000
	auto.include.jmx.reporter = true
	auto.offset.reset = earliest
	bootstrap.servers = [127.0.0.1:9092]
	check.crcs = true
	client.dns.lookup = use_all_dns_ips
	client.id = consumer-kafka-1
	client.rack = 
	connections.max.idle.ms = 540000
	default.api.timeout.ms = 60000
	enable.auto.commit = false
	exclude.internal.topics = true
	fetch.max.bytes = 52428800
	fetch.max.wait.ms = 5000
	fetch.min.bytes = 1
	group.id = kafka
	group.instance.id = null
	heartbeat.interval.ms = 3000
	interceptor.classes = []
	internal.leave.group.on.close = true
	internal.throw.on.fetch.stable.offset.unsupported = false
	isolation.level = read_uncommitted
	key.deserializer = class org.apache.kafka.common.serialization.StringDeserializer
	max.partition.fetch.bytes = 1048576
	max.poll.interval.ms = 300000
	max.poll.records = 500
	metadata.max.age.ms = 300000
	metric.reporters = []
	metrics.num.samples = 2
	metrics.recording.level = INFO
	metrics.sample.window.ms = 30000
	partition.assignment.strategy = [class org.apache.kafka.clients.consumer.RangeAssignor, class org.apache.kafka.clients.consumer.CooperativeStickyAssignor]
	receive.buffer.bytes = 65536
	reconnect.backoff.max.ms = 1000
	reconnect.backoff.ms = 50
	request.timeout.ms = 30000
	retry.backoff.ms = 100
	sasl.client.callback.handler.class = null
	sasl.jaas.config = null
	sasl.kerberos.kinit.cmd = /usr/bin/kinit
	sasl.kerberos.min.time.before.relogin = 60000
	sasl.kerberos.service.name = null
	sasl.kerberos.ticket.renew.jitter = 0.05
	sasl.kerberos.ticket.renew.window.factor = 0.8
	sasl.login.callback.handler.class = null
	sasl.login.class = null
	sasl.login.connect.timeout.ms = null
	sasl.login.read.timeout.ms = null
	sasl.login.refresh.buffer.seconds = 300
	sasl.login.refresh.min.period.seconds = 60
	sasl.login.refresh.window.factor = 0.8
	sasl.login.refresh.window.jitter = 0.05
	sasl.login.retry.backoff.max.ms = 10000
	sasl.login.retry.backoff.ms = 100
	sasl.mechanism = GSSAPI
	sasl.oauthbearer.clock.skew.seconds = 30
	sasl.oauthbearer.expected.audience = null
	sasl.oauthbearer.expected.issuer = null
	sasl.oauthbearer.jwks.endpoint.refresh.ms = 3600000
	sasl.oauthbearer.jwks.endpoint.retry.backoff.max.ms = 10000
	sasl.oauthbearer.jwks.endpoint.retry.backoff.ms = 100
	sasl.oauthbearer.jwks.endpoint.url = null
	sasl.oauthbearer.scope.claim.name = scope
	sasl.oauthbearer.sub.claim.name = sub
	sasl.oauthbearer.token.endpoint.url = null
	security.protocol = PLAINTEXT
	security.providers = null
	send.buffer.bytes = 131072
	session.timeout.ms = 45000
	socket.connection.setup.timeout.max.ms = 30000
	socket.connection.setup.timeout.ms = 10000
	ssl.cipher.suites = null
	ssl.enabled.protocols = [TLSv1.2, TLSv1.3]
	ssl.endpoint.identification.algorithm = https
	ssl.engine.factory.class = null
	ssl.key.password = null
	ssl.keymanager.algorithm = SunX509
	ssl.keystore.certificate.chain = null
	ssl.keystore.key = null
	ssl.keystore.location = null
	ssl.keystore.password = null
	ssl.keystore.type = JKS
	ssl.protocol = TLSv1.3
	ssl.provider = null
	ssl.secure.random.implementation = null
	ssl.trustmanager.algorithm = PKIX
	ssl.truststore.certificates = null
	ssl.truststore.location = null
	ssl.truststore.password = null
	ssl.truststore.type = JKS
	value.deserializer = class org.springframework.kafka.support.serializer.JsonDeserializer

13:48:58.299|?[34mINFO ?[0;39m|?[32mTest worker @coroutine#2?[0;39m|?[34m(AppInfoParser.java:119)?[0;39m|Kafka version: 3.4.1
13:48:58.300|?[34mINFO ?[0;39m|?[32mTest worker @coroutine#2?[0;39m|?[34m(AppInfoParser.java:120)?[0;39m|Kafka commitId: 8a516edc2755df89
13:48:58.300|?[34mINFO ?[0;39m|?[32mTest worker @coroutine#2?[0;39m|?[34m(AppInfoParser.java:121)?[0;39m|Kafka startTimeMs: 1689137338299
13:48:58.310|?[34mINFO ?[0;39m|?[32mreactive-kafka-kafka-1?[0;39m|?[34m(KafkaConsumer.java:969)?[0;39m|[Consumer clientId=consumer-kafka-1, groupId=kafka] Subscribed to topic(s): test
13:48:58.325|?[39mDEBUG?[0;39m|?[32mTest worker @coroutine#2?[0;39m|?[34m(ReactiveKafkaConsumer.kt:61)?[0;39m|>> ready to consume
13:48:58.329|?[34mINFO ?[0;39m|?[32mreactive-kafka-kafka-1?[0;39m|?[34m(Metadata.java:402)?[0;39m|[Consumer clientId=consumer-kafka-1, groupId=kafka] Resetting the last seen epoch of partition test-0 to 0 since the associated topicId changed from null to VRtpDil9SXCxFzJUU2sJRQ
13:48:58.329|?[34mINFO ?[0;39m|?[32mreactive-kafka-kafka-1?[0;39m|?[34m(Metadata.java:402)?[0;39m|[Consumer clientId=consumer-kafka-1, groupId=kafka] Resetting the last seen epoch of partition test-1 to 0 since the associated topicId changed from null to VRtpDil9SXCxFzJUU2sJRQ
13:48:58.330|?[34mINFO ?[0;39m|?[32mreactive-kafka-kafka-1?[0;39m|?[34m(Metadata.java:287)?[0;39m|[Consumer clientId=consumer-kafka-1, groupId=kafka] Cluster ID: -cMSVIlDTGeiihGxisBYbQ
13:48:58.335|?[34mINFO ?[0;39m|?[32mdata-plane-kafka-request-handler-7?[0;39m|?[34m(Logging.scala:66)?[0;39m|Creating topic __consumer_offsets with configuration {compression.type=producer, cleanup.policy=compact, segment.bytes=104857600} and initial partition assignment HashMap(0 -> ArrayBuffer(0), 1 -> ArrayBuffer(0), 2 -> ArrayBuffer(0), 3 -> ArrayBuffer(0), 4 -> ArrayBuffer(0))
13:48:58.340|?[34mINFO ?[0;39m|?[32mcontroller-event-thread?[0;39m|?[34m(Logging.scala:66)?[0;39m|[Controller id=0] New topics: [Set(__consumer_offsets)], deleted topics: [HashSet()], new partition replica assignment [Set(TopicIdReplicaAssignment(__consumer_offsets,Some(DzcDGdheTNu_jDeYupPVcA),HashMap(__consumer_offsets-4 -> ReplicaAssignment(replicas=0, addingReplicas=, removingReplicas=), __consumer_offsets-3 -> ReplicaAssignment(replicas=0, addingReplicas=, removingReplicas=), __consumer_offsets-2 -> ReplicaAssignment(replicas=0, addingReplicas=, removingReplicas=), __consumer_offsets-0 -> ReplicaAssignment(replicas=0, addingReplicas=, removingReplicas=), __consumer_offsets-1 -> ReplicaAssignment(replicas=0, addingReplicas=, removingReplicas=))))]
13:48:58.340|?[34mINFO ?[0;39m|?[32mcontroller-event-thread?[0;39m|?[34m(Logging.scala:66)?[0;39m|[Controller id=0] New partition creation callback for __consumer_offsets-4,__consumer_offsets-3,__consumer_offsets-2,__consumer_offsets-0,__consumer_offsets-1
13:48:58.340|?[34mINFO ?[0;39m|?[32mcontroller-event-thread?[0;39m|?[34m(Logging.scala:66)?[0;39m|[Controller id=0 epoch=1] Changed partition __consumer_offsets-4 state from NonExistentPartition to NewPartition with assigned replicas 0
13:48:58.340|?[34mINFO ?[0;39m|?[32mcontroller-event-thread?[0;39m|?[34m(Logging.scala:66)?[0;39m|[Controller id=0 epoch=1] Changed partition __consumer_offsets-3 state from NonExistentPartition to NewPartition with assigned replicas 0
13:48:58.340|?[34mINFO ?[0;39m|?[32mcontroller-event-thread?[0;39m|?[34m(Logging.scala:66)?[0;39m|[Controller id=0 epoch=1] Changed partition __consumer_offsets-2 state from NonExistentPartition to NewPartition with assigned replicas 0
13:48:58.340|?[34mINFO ?[0;39m|?[32mcontroller-event-thread?[0;39m|?[34m(Logging.scala:66)?[0;39m|[Controller id=0 epoch=1] Changed partition __consumer_offsets-0 state from NonExistentPartition to NewPartition with assigned replicas 0
13:48:58.340|?[34mINFO ?[0;39m|?[32mcontroller-event-thread?[0;39m|?[34m(Logging.scala:66)?[0;39m|[Controller id=0 epoch=1] Changed partition __consumer_offsets-1 state from NonExistentPartition to NewPartition with assigned replicas 0
13:48:58.340|?[34mINFO ?[0;39m|?[32mcontroller-event-thread?[0;39m|?[34m(Logging.scala:66)?[0;39m|[Controller id=0 epoch=1] Sending UpdateMetadata request to brokers HashSet() for 0 partitions
13:48:58.341|?[34mINFO ?[0;39m|?[32mcontroller-event-thread?[0;39m|?[34m(Logging.scala:66)?[0;39m|[Controller id=0 epoch=1] Sending UpdateMetadata request to brokers HashSet() for 0 partitions
13:48:58.348|?[34mINFO ?[0;39m|?[32mcontroller-event-thread?[0;39m|?[34m(Logging.scala:66)?[0;39m|[Controller id=0 epoch=1] Changed partition __consumer_offsets-4 from NewPartition to OnlinePartition with state LeaderAndIsr(leader=0, leaderEpoch=0, isr=List(0), leaderRecoveryState=RECOVERED, partitionEpoch=0)
13:48:58.348|?[34mINFO ?[0;39m|?[32mcontroller-event-thread?[0;39m|?[34m(Logging.scala:66)?[0;39m|[Controller id=0 epoch=1] Changed partition __consumer_offsets-3 from NewPartition to OnlinePartition with state LeaderAndIsr(leader=0, leaderEpoch=0, isr=List(0), leaderRecoveryState=RECOVERED, partitionEpoch=0)
13:48:58.348|?[34mINFO ?[0;39m|?[32mcontroller-event-thread?[0;39m|?[34m(Logging.scala:66)?[0;39m|[Controller id=0 epoch=1] Changed partition __consumer_offsets-2 from NewPartition to OnlinePartition with state LeaderAndIsr(leader=0, leaderEpoch=0, isr=List(0), leaderRecoveryState=RECOVERED, partitionEpoch=0)
13:48:58.349|?[34mINFO ?[0;39m|?[32mcontroller-event-thread?[0;39m|?[34m(Logging.scala:66)?[0;39m|[Controller id=0 epoch=1] Changed partition __consumer_offsets-0 from NewPartition to OnlinePartition with state LeaderAndIsr(leader=0, leaderEpoch=0, isr=List(0), leaderRecoveryState=RECOVERED, partitionEpoch=0)
13:48:58.349|?[34mINFO ?[0;39m|?[32mcontroller-event-thread?[0;39m|?[34m(Logging.scala:66)?[0;39m|[Controller id=0 epoch=1] Changed partition __consumer_offsets-1 from NewPartition to OnlinePartition with state LeaderAndIsr(leader=0, leaderEpoch=0, isr=List(0), leaderRecoveryState=RECOVERED, partitionEpoch=0)
13:48:58.349|?[34mINFO ?[0;39m|?[32mcontroller-event-thread?[0;39m|?[34m(Logging.scala:66)?[0;39m|[Controller id=0 epoch=1] Sending LeaderAndIsr request to broker 0 with 5 become-leader and 0 become-follower partitions
13:48:58.349|?[34mINFO ?[0;39m|?[32mcontroller-event-thread?[0;39m|?[34m(Logging.scala:66)?[0;39m|[Controller id=0 epoch=1] Sending UpdateMetadata request to brokers HashSet(0) for 5 partitions
13:48:58.350|?[34mINFO ?[0;39m|?[32mcontroller-event-thread?[0;39m|?[34m(Logging.scala:66)?[0;39m|[Controller id=0 epoch=1] Sending UpdateMetadata request to brokers HashSet() for 0 partitions
13:48:58.350|?[34mINFO ?[0;39m|?[32mdata-plane-kafka-request-handler-1?[0;39m|?[34m(Logging.scala:66)?[0;39m|[Broker id=0] Handling LeaderAndIsr request correlationId 3 from controller 0 for 5 partitions
13:48:58.352|?[34mINFO ?[0;39m|?[32mdata-plane-kafka-request-handler-1?[0;39m|?[34m(Logging.scala:66)?[0;39m|[ReplicaFetcherManager on broker 0] Removed fetcher for partitions HashSet(__consumer_offsets-4, __consumer_offsets-3, __consumer_offsets-2, __consumer_offsets-0, __consumer_offsets-1)
13:48:58.353|?[34mINFO ?[0;39m|?[32mdata-plane-kafka-request-handler-1?[0;39m|?[34m(Logging.scala:66)?[0;39m|[Broker id=0] Stopped fetchers as part of LeaderAndIsr request correlationId 3 from controller 0 epoch 1 as part of the become-leader transition for 5 partitions
13:48:58.368|?[34mINFO ?[0;39m|?[32mdata-plane-kafka-request-handler-1?[0;39m|?[34m(UnifiedLog.scala:1787)?[0;39m|[LogLoader partition=__consumer_offsets-3, dir=C:\Users\1000084\AppData\Local\Temp\spring.kafka.86a15d02-951d-4ab2-84dc-69e0a835be388078878772364644196] Loading producer state till offset 0 with message format version 2
13:48:58.369|?[34mINFO ?[0;39m|?[32mdata-plane-kafka-request-handler-1?[0;39m|?[34m(Logging.scala:66)?[0;39m|Created log for partition __consumer_offsets-3 in C:\Users\1000084\AppData\Local\Temp\spring.kafka.86a15d02-951d-4ab2-84dc-69e0a835be388078878772364644196\__consumer_offsets-3 with properties {cleanup.policy=compact, compression.type="producer", segment.bytes=104857600}
13:48:58.370|?[34mINFO ?[0;39m|?[32mdata-plane-kafka-request-handler-1?[0;39m|?[34m(Logging.scala:66)?[0;39m|[Partition __consumer_offsets-3 broker=0] No checkpointed highwatermark is found for partition __consumer_offsets-3
13:48:58.370|?[34mINFO ?[0;39m|?[32mdata-plane-kafka-request-handler-1?[0;39m|?[34m(Logging.scala:66)?[0;39m|[Partition __consumer_offsets-3 broker=0] Log loaded for partition __consumer_offsets-3 with initial high watermark 0
13:48:58.370|?[34mINFO ?[0;39m|?[32mdata-plane-kafka-request-handler-1?[0;39m|?[34m(Logging.scala:66)?[0;39m|[Broker id=0] Leader __consumer_offsets-3 with topic id Some(DzcDGdheTNu_jDeYupPVcA) starts at leader epoch 0 from offset 0 with partition epoch 0, high watermark 0, ISR [0], adding replicas [] and removing replicas []. Previous leader epoch was -1.
13:48:58.384|?[34mINFO ?[0;39m|?[32mdata-plane-kafka-request-handler-1?[0;39m|?[34m(UnifiedLog.scala:1787)?[0;39m|[LogLoader partition=__consumer_offsets-2, dir=C:\Users\1000084\AppData\Local\Temp\spring.kafka.86a15d02-951d-4ab2-84dc-69e0a835be388078878772364644196] Loading producer state till offset 0 with message format version 2
13:48:58.388|?[34mINFO ?[0;39m|?[32mdata-plane-kafka-request-handler-1?[0;39m|?[34m(Logging.scala:66)?[0;39m|Created log for partition __consumer_offsets-2 in C:\Users\1000084\AppData\Local\Temp\spring.kafka.86a15d02-951d-4ab2-84dc-69e0a835be388078878772364644196\__consumer_offsets-2 with properties {cleanup.policy=compact, compression.type="producer", segment.bytes=104857600}
13:48:58.389|?[34mINFO ?[0;39m|?[32mdata-plane-kafka-request-handler-1?[0;39m|?[34m(Logging.scala:66)?[0;39m|[Partition __consumer_offsets-2 broker=0] No checkpointed highwatermark is found for partition __consumer_offsets-2
13:48:58.389|?[34mINFO ?[0;39m|?[32mdata-plane-kafka-request-handler-1?[0;39m|?[34m(Logging.scala:66)?[0;39m|[Partition __consumer_offsets-2 broker=0] Log loaded for partition __consumer_offsets-2 with initial high watermark 0
13:48:58.389|?[34mINFO ?[0;39m|?[32mdata-plane-kafka-request-handler-1?[0;39m|?[34m(Logging.scala:66)?[0;39m|[Broker id=0] Leader __consumer_offsets-2 with topic id Some(DzcDGdheTNu_jDeYupPVcA) starts at leader epoch 0 from offset 0 with partition epoch 0, high watermark 0, ISR [0], adding replicas [] and removing replicas []. Previous leader epoch was -1.
13:48:58.414|?[34mINFO ?[0;39m|?[32mdata-plane-kafka-request-handler-1?[0;39m|?[34m(UnifiedLog.scala:1787)?[0;39m|[LogLoader partition=__consumer_offsets-4, dir=C:\Users\1000084\AppData\Local\Temp\spring.kafka.86a15d02-951d-4ab2-84dc-69e0a835be388078878772364644196] Loading producer state till offset 0 with message format version 2
13:48:58.415|?[34mINFO ?[0;39m|?[32mdata-plane-kafka-request-handler-1?[0;39m|?[34m(Logging.scala:66)?[0;39m|Created log for partition __consumer_offsets-4 in C:\Users\1000084\AppData\Local\Temp\spring.kafka.86a15d02-951d-4ab2-84dc-69e0a835be388078878772364644196\__consumer_offsets-4 with properties {cleanup.policy=compact, compression.type="producer", segment.bytes=104857600}
13:48:58.415|?[34mINFO ?[0;39m|?[32mdata-plane-kafka-request-handler-1?[0;39m|?[34m(Logging.scala:66)?[0;39m|[Partition __consumer_offsets-4 broker=0] No checkpointed highwatermark is found for partition __consumer_offsets-4
13:48:58.415|?[34mINFO ?[0;39m|?[32mdata-plane-kafka-request-handler-1?[0;39m|?[34m(Logging.scala:66)?[0;39m|[Partition __consumer_offsets-4 broker=0] Log loaded for partition __consumer_offsets-4 with initial high watermark 0
13:48:58.415|?[34mINFO ?[0;39m|?[32mdata-plane-kafka-request-handler-1?[0;39m|?[34m(Logging.scala:66)?[0;39m|[Broker id=0] Leader __consumer_offsets-4 with topic id Some(DzcDGdheTNu_jDeYupPVcA) starts at leader epoch 0 from offset 0 with partition epoch 0, high watermark 0, ISR [0], adding replicas [] and removing replicas []. Previous leader epoch was -1.
13:48:58.428|?[34mINFO ?[0;39m|?[32mdata-plane-kafka-request-handler-1?[0;39m|?[34m(UnifiedLog.scala:1787)?[0;39m|[LogLoader partition=__consumer_offsets-1, dir=C:\Users\1000084\AppData\Local\Temp\spring.kafka.86a15d02-951d-4ab2-84dc-69e0a835be388078878772364644196] Loading producer state till offset 0 with message format version 2
13:48:58.428|?[34mINFO ?[0;39m|?[32mdata-plane-kafka-request-handler-1?[0;39m|?[34m(Logging.scala:66)?[0;39m|Created log for partition __consumer_offsets-1 in C:\Users\1000084\AppData\Local\Temp\spring.kafka.86a15d02-951d-4ab2-84dc-69e0a835be388078878772364644196\__consumer_offsets-1 with properties {cleanup.policy=compact, compression.type="producer", segment.bytes=104857600}
13:48:58.429|?[34mINFO ?[0;39m|?[32mdata-plane-kafka-request-handler-1?[0;39m|?[34m(Logging.scala:66)?[0;39m|[Partition __consumer_offsets-1 broker=0] No checkpointed highwatermark is found for partition __consumer_offsets-1
13:48:58.429|?[34mINFO ?[0;39m|?[32mdata-plane-kafka-request-handler-1?[0;39m|?[34m(Logging.scala:66)?[0;39m|[Partition __consumer_offsets-1 broker=0] Log loaded for partition __consumer_offsets-1 with initial high watermark 0
13:48:58.429|?[34mINFO ?[0;39m|?[32mdata-plane-kafka-request-handler-1?[0;39m|?[34m(Logging.scala:66)?[0;39m|[Broker id=0] Leader __consumer_offsets-1 with topic id Some(DzcDGdheTNu_jDeYupPVcA) starts at leader epoch 0 from offset 0 with partition epoch 0, high watermark 0, ISR [0], adding replicas [] and removing replicas []. Previous leader epoch was -1.
13:48:58.441|?[34mINFO ?[0;39m|?[32mdata-plane-kafka-request-handler-1?[0;39m|?[34m(UnifiedLog.scala:1787)?[0;39m|[LogLoader partition=__consumer_offsets-0, dir=C:\Users\1000084\AppData\Local\Temp\spring.kafka.86a15d02-951d-4ab2-84dc-69e0a835be388078878772364644196] Loading producer state till offset 0 with message format version 2
13:48:58.441|?[34mINFO ?[0;39m|?[32mdata-plane-kafka-request-handler-1?[0;39m|?[34m(Logging.scala:66)?[0;39m|Created log for partition __consumer_offsets-0 in C:\Users\1000084\AppData\Local\Temp\spring.kafka.86a15d02-951d-4ab2-84dc-69e0a835be388078878772364644196\__consumer_offsets-0 with properties {cleanup.policy=compact, compression.type="producer", segment.bytes=104857600}
13:48:58.441|?[34mINFO ?[0;39m|?[32mdata-plane-kafka-request-handler-1?[0;39m|?[34m(Logging.scala:66)?[0;39m|[Partition __consumer_offsets-0 broker=0] No checkpointed highwatermark is found for partition __consumer_offsets-0
13:48:58.441|?[34mINFO ?[0;39m|?[32mdata-plane-kafka-request-handler-1?[0;39m|?[34m(Logging.scala:66)?[0;39m|[Partition __consumer_offsets-0 broker=0] Log loaded for partition __consumer_offsets-0 with initial high watermark 0
13:48:58.441|?[34mINFO ?[0;39m|?[32mdata-plane-kafka-request-handler-1?[0;39m|?[34m(Logging.scala:66)?[0;39m|[Broker id=0] Leader __consumer_offsets-0 with topic id Some(DzcDGdheTNu_jDeYupPVcA) starts at leader epoch 0 from offset 0 with partition epoch 0, high watermark 0, ISR [0], adding replicas [] and removing replicas []. Previous leader epoch was -1.
13:48:58.445|?[34mINFO ?[0;39m|?[32mdata-plane-kafka-request-handler-1?[0;39m|?[34m(Logging.scala:66)?[0;39m|[GroupCoordinator 0]: Elected as the group coordinator for partition 3 in epoch 0
13:48:58.446|?[34mINFO ?[0;39m|?[32mdata-plane-kafka-request-handler-1?[0;39m|?[34m(Logging.scala:66)?[0;39m|[GroupMetadataManager brokerId=0] Scheduling loading of offsets and group metadata from __consumer_offsets-3 for epoch 0
13:48:58.447|?[34mINFO ?[0;39m|?[32mdata-plane-kafka-request-handler-1?[0;39m|?[34m(Logging.scala:66)?[0;39m|[GroupCoordinator 0]: Elected as the group coordinator for partition 2 in epoch 0
13:48:58.447|?[34mINFO ?[0;39m|?[32mdata-plane-kafka-request-handler-1?[0;39m|?[34m(Logging.scala:66)?[0;39m|[GroupMetadataManager brokerId=0] Scheduling loading of offsets and group metadata from __consumer_offsets-2 for epoch 0
13:48:58.447|?[34mINFO ?[0;39m|?[32mdata-plane-kafka-request-handler-1?[0;39m|?[34m(Logging.scala:66)?[0;39m|[GroupCoordinator 0]: Elected as the group coordinator for partition 4 in epoch 0
13:48:58.447|?[34mINFO ?[0;39m|?[32mdata-plane-kafka-request-handler-1?[0;39m|?[34m(Logging.scala:66)?[0;39m|[GroupMetadataManager brokerId=0] Scheduling loading of offsets and group metadata from __consumer_offsets-4 for epoch 0
13:48:58.447|?[34mINFO ?[0;39m|?[32mdata-plane-kafka-request-handler-1?[0;39m|?[34m(Logging.scala:66)?[0;39m|[GroupCoordinator 0]: Elected as the group coordinator for partition 1 in epoch 0
13:48:58.447|?[34mINFO ?[0;39m|?[32mdata-plane-kafka-request-handler-1?[0;39m|?[34m(Logging.scala:66)?[0;39m|[GroupMetadataManager brokerId=0] Scheduling loading of offsets and group metadata from __consumer_offsets-1 for epoch 0
13:48:58.447|?[34mINFO ?[0;39m|?[32mdata-plane-kafka-request-handler-1?[0;39m|?[34m(Logging.scala:66)?[0;39m|[GroupCoordinator 0]: Elected as the group coordinator for partition 0 in epoch 0
13:48:58.447|?[34mINFO ?[0;39m|?[32mdata-plane-kafka-request-handler-1?[0;39m|?[34m(Logging.scala:66)?[0;39m|[GroupMetadataManager brokerId=0] Scheduling loading of offsets and group metadata from __consumer_offsets-0 for epoch 0
13:48:58.447|?[34mINFO ?[0;39m|?[32mdata-plane-kafka-request-handler-1?[0;39m|?[34m(Logging.scala:66)?[0;39m|[Broker id=0] Finished LeaderAndIsr request in 97ms correlationId 3 from controller 0 for 5 partitions
13:48:58.448|?[34mINFO ?[0;39m|?[32mdata-plane-kafka-request-handler-0?[0;39m|?[34m(Logging.scala:66)?[0;39m|[Broker id=0] Add 5 partitions and deleted 0 partitions from metadata cache in response to UpdateMetadata request sent by controller 0 epoch 1 with correlation id 4
13:48:58.450|?[34mINFO ?[0;39m|?[32mgroup-metadata-manager-0?[0;39m|?[34m(Logging.scala:66)?[0;39m|[GroupMetadataManager brokerId=0] Finished loading offsets and group metadata from __consumer_offsets-3 in 3 milliseconds for epoch 0, of which 1 milliseconds was spent in the scheduler.
13:48:58.450|?[34mINFO ?[0;39m|?[32mgroup-metadata-manager-0?[0;39m|?[34m(Logging.scala:66)?[0;39m|[GroupMetadataManager brokerId=0] Finished loading offsets and group metadata from __consumer_offsets-2 in 3 milliseconds for epoch 0, of which 3 milliseconds was spent in the scheduler.
13:48:58.450|?[34mINFO ?[0;39m|?[32mgroup-metadata-manager-0?[0;39m|?[34m(Logging.scala:66)?[0;39m|[GroupMetadataManager brokerId=0] Finished loading offsets and group metadata from __consumer_offsets-4 in 3 milliseconds for epoch 0, of which 3 milliseconds was spent in the scheduler.
13:48:58.450|?[34mINFO ?[0;39m|?[32mgroup-metadata-manager-0?[0;39m|?[34m(Logging.scala:66)?[0;39m|[GroupMetadataManager brokerId=0] Finished loading offsets and group metadata from __consumer_offsets-1 in 3 milliseconds for epoch 0, of which 3 milliseconds was spent in the scheduler.
13:48:58.450|?[34mINFO ?[0;39m|?[32mgroup-metadata-manager-0?[0;39m|?[34m(Logging.scala:66)?[0;39m|[GroupMetadataManager brokerId=0] Finished loading offsets and group metadata from __consumer_offsets-0 in 3 milliseconds for epoch 0, of which 3 milliseconds was spent in the scheduler.
13:48:58.526|?[34mINFO ?[0;39m|?[32mreactive-kafka-kafka-1?[0;39m|?[34m(AbstractCoordinator.java:896)?[0;39m|[Consumer clientId=consumer-kafka-1, groupId=kafka] Discovered group coordinator localhost:9092 (id: 2147483647 rack: null)
13:48:58.528|?[34mINFO ?[0;39m|?[32mreactive-kafka-kafka-1?[0;39m|?[34m(AbstractCoordinator.java:566)?[0;39m|[Consumer clientId=consumer-kafka-1, groupId=kafka] (Re-)joining group
13:48:58.546|?[34mINFO ?[0;39m|?[32mdata-plane-kafka-request-handler-5?[0;39m|?[34m(Logging.scala:66)?[0;39m|[GroupCoordinator 0]: Dynamic member with unknown member id joins group kafka in Empty state. Created a new member id consumer-kafka-1-6e11a502-605e-4bb8-9df9-332c80660b67 and request the member to rejoin with this id.
13:48:58.550|?[34mINFO ?[0;39m|?[32mreactive-kafka-kafka-1?[0;39m|?[34m(AbstractCoordinator.java:1062)?[0;39m|[Consumer clientId=consumer-kafka-1, groupId=kafka] Request joining group due to: need to re-join with the given member-id: consumer-kafka-1-6e11a502-605e-4bb8-9df9-332c80660b67
13:48:58.550|?[34mINFO ?[0;39m|?[32mreactive-kafka-kafka-1?[0;39m|?[34m(AbstractCoordinator.java:1062)?[0;39m|[Consumer clientId=consumer-kafka-1, groupId=kafka] Request joining group due to: rebalance failed due to 'The group member needs to have a valid member id before actually entering a consumer group.' (MemberIdRequiredException)
13:48:58.550|?[34mINFO ?[0;39m|?[32mreactive-kafka-kafka-1?[0;39m|?[34m(AbstractCoordinator.java:566)?[0;39m|[Consumer clientId=consumer-kafka-1, groupId=kafka] (Re-)joining group
13:48:58.556|?[34mINFO ?[0;39m|?[32mdata-plane-kafka-request-handler-6?[0;39m|?[34m(Logging.scala:66)?[0;39m|[GroupCoordinator 0]: Preparing to rebalance group kafka in state PreparingRebalance with old generation 0 (__consumer_offsets-0) (reason: Adding new member consumer-kafka-1-6e11a502-605e-4bb8-9df9-332c80660b67 with group instance id None; client reason: rebalance failed due to MemberIdRequiredException)
13:48:58.560|?[34mINFO ?[0;39m|?[32mexecutor-Rebalance?[0;39m|?[34m(Logging.scala:66)?[0;39m|[GroupCoordinator 0]: Stabilized group kafka generation 1 (__consumer_offsets-0) with 1 members
13:48:58.561|?[34mINFO ?[0;39m|?[32mreactive-kafka-kafka-1?[0;39m|?[34m(AbstractCoordinator.java:627)?[0;39m|[Consumer clientId=consumer-kafka-1, groupId=kafka] Successfully joined group with generation Generation{generationId=1, memberId='consumer-kafka-1-6e11a502-605e-4bb8-9df9-332c80660b67', protocol='range'}
13:48:58.563|?[34mINFO ?[0;39m|?[32mreactive-kafka-kafka-1?[0;39m|?[34m(ConsumerCoordinator.java:710)?[0;39m|[Consumer clientId=consumer-kafka-1, groupId=kafka] Finished assignment for group at generation 1: {consumer-kafka-1-6e11a502-605e-4bb8-9df9-332c80660b67=Assignment(partitions=[test-0, test-1])}
13:48:58.568|?[34mINFO ?[0;39m|?[32mdata-plane-kafka-request-handler-7?[0;39m|?[34m(Logging.scala:66)?[0;39m|[GroupCoordinator 0]: Assignment received from leader consumer-kafka-1-6e11a502-605e-4bb8-9df9-332c80660b67 for group kafka for generation 1. The group has 1 members, 0 of which are static.
13:48:58.610|?[34mINFO ?[0;39m|?[32mreactive-kafka-kafka-1?[0;39m|?[34m(AbstractCoordinator.java:802)?[0;39m|[Consumer clientId=consumer-kafka-1, groupId=kafka] Successfully synced group in generation Generation{generationId=1, memberId='consumer-kafka-1-6e11a502-605e-4bb8-9df9-332c80660b67', protocol='range'}
13:48:58.610|?[34mINFO ?[0;39m|?[32mreactive-kafka-kafka-1?[0;39m|?[34m(ConsumerCoordinator.java:305)?[0;39m|[Consumer clientId=consumer-kafka-1, groupId=kafka] Notifying assignor about the new Assignment(partitions=[test-0, test-1])
13:48:58.612|?[34mINFO ?[0;39m|?[32mreactive-kafka-kafka-1?[0;39m|?[34m(ConsumerCoordinator.java:317)?[0;39m|[Consumer clientId=consumer-kafka-1, groupId=kafka] Adding newly assigned partitions: test-0, test-1
13:48:58.621|?[34mINFO ?[0;39m|?[32mreactive-kafka-kafka-1?[0;39m|?[34m(ConsumerCoordinator.java:1543)?[0;39m|[Consumer clientId=consumer-kafka-1, groupId=kafka] Found no committed offset for partition test-1
13:48:58.621|?[34mINFO ?[0;39m|?[32mreactive-kafka-kafka-1?[0;39m|?[34m(ConsumerCoordinator.java:1543)?[0;39m|[Consumer clientId=consumer-kafka-1, groupId=kafka] Found no committed offset for partition test-0
13:48:58.631|?[34mINFO ?[0;39m|?[32mreactive-kafka-kafka-1?[0;39m|?[34m(SubscriptionState.java:399)?[0;39m|[Consumer clientId=consumer-kafka-1, groupId=kafka] Resetting offset for partition test-1 to position FetchPosition{offset=0, offsetEpoch=Optional.empty, currentLeader=LeaderAndEpoch{leader=Optional[localhost:9092 (id: 0 rack: null)], epoch=0}}.
13:48:58.631|?[34mINFO ?[0;39m|?[32mreactive-kafka-kafka-1?[0;39m|?[34m(SubscriptionState.java:399)?[0;39m|[Consumer clientId=consumer-kafka-1, groupId=kafka] Resetting offset for partition test-0 to position FetchPosition{offset=0, offsetEpoch=Optional.empty, currentLeader=LeaderAndEpoch{leader=Optional[localhost:9092 (id: 0 rack: null)], epoch=0}}.
13:48:58.637|?[34mINFO ?[0;39m|?[32mTest worker @coroutine#2?[0;39m|?[34m(StartupInfoLogger.java:57)?[0;39m|Started ReactiveKafkaConsumerTest in 3.666 seconds (process running for 9.457)
13:48:58.727|?[34mINFO ?[0;39m|?[32mpool-1-thread-1 @coroutine#3?[0;39m|?[34m(AbstractConfig.java:376)?[0;39m|ProducerConfig values: 
	acks = -1
	auto.include.jmx.reporter = true
	batch.size = 16384
	bootstrap.servers = [127.0.0.1:9092]
	buffer.memory = 33554432
	client.dns.lookup = use_all_dns_ips
	client.id = producer-1
	compression.type = none
	connections.max.idle.ms = 540000
	delivery.timeout.ms = 120000
	enable.idempotence = true
	interceptor.classes = []
	key.serializer = class org.apache.kafka.common.serialization.StringSerializer
	linger.ms = 0
	max.block.ms = 60000
	max.in.flight.requests.per.connection = 5
	max.request.size = 1048576
	metadata.max.age.ms = 300000
	metadata.max.idle.ms = 300000
	metric.reporters = []
	metrics.num.samples = 2
	metrics.recording.level = INFO
	metrics.sample.window.ms = 30000
	partitioner.adaptive.partitioning.enable = true
	partitioner.availability.timeout.ms = 0
	partitioner.class = null
	partitioner.ignore.keys = false
	receive.buffer.bytes = 32768
	reconnect.backoff.max.ms = 1000
	reconnect.backoff.ms = 50
	request.timeout.ms = 30000
	retries = 2147483647
	retry.backoff.ms = 100
	sasl.client.callback.handler.class = null
	sasl.jaas.config = null
	sasl.kerberos.kinit.cmd = /usr/bin/kinit
	sasl.kerberos.min.time.before.relogin = 60000
	sasl.kerberos.service.name = null
	sasl.kerberos.ticket.renew.jitter = 0.05
	sasl.kerberos.ticket.renew.window.factor = 0.8
	sasl.login.callback.handler.class = null
	sasl.login.class = null
	sasl.login.connect.timeout.ms = null
	sasl.login.read.timeout.ms = null
	sasl.login.refresh.buffer.seconds = 300
	sasl.login.refresh.min.period.seconds = 60
	sasl.login.refresh.window.factor = 0.8
	sasl.login.refresh.window.jitter = 0.05
	sasl.login.retry.backoff.max.ms = 10000
	sasl.login.retry.backoff.ms = 100
	sasl.mechanism = GSSAPI
	sasl.oauthbearer.clock.skew.seconds = 30
	sasl.oauthbearer.expected.audience = null
	sasl.oauthbearer.expected.issuer = null
	sasl.oauthbearer.jwks.endpoint.refresh.ms = 3600000
	sasl.oauthbearer.jwks.endpoint.retry.backoff.max.ms = 10000
	sasl.oauthbearer.jwks.endpoint.retry.backoff.ms = 100
	sasl.oauthbearer.jwks.endpoint.url = null
	sasl.oauthbearer.scope.claim.name = scope
	sasl.oauthbearer.sub.claim.name = sub
	sasl.oauthbearer.token.endpoint.url = null
	security.protocol = PLAINTEXT
	security.providers = null
	send.buffer.bytes = 131072
	socket.connection.setup.timeout.max.ms = 30000
	socket.connection.setup.timeout.ms = 10000
	ssl.cipher.suites = null
	ssl.enabled.protocols = [TLSv1.2, TLSv1.3]
	ssl.endpoint.identification.algorithm = https
	ssl.engine.factory.class = null
	ssl.key.password = null
	ssl.keymanager.algorithm = SunX509
	ssl.keystore.certificate.chain = null
	ssl.keystore.key = null
	ssl.keystore.location = null
	ssl.keystore.password = null
	ssl.keystore.type = JKS
	ssl.protocol = TLSv1.3
	ssl.provider = null
	ssl.secure.random.implementation = null
	ssl.trustmanager.algorithm = PKIX
	ssl.truststore.certificates = null
	ssl.truststore.location = null
	ssl.truststore.password = null
	ssl.truststore.type = JKS
	transaction.timeout.ms = 60000
	transactional.id = null
	value.serializer = class org.springframework.kafka.support.serializer.JsonSerializer

13:48:58.735|?[34mINFO ?[0;39m|?[32mpool-1-thread-1 @coroutine#3?[0;39m|?[34m(KafkaProducer.java:596)?[0;39m|[Producer clientId=producer-1] Instantiated an idempotent producer.
13:48:58.746|?[31mWARN ?[0;39m|?[32mpool-1-thread-1 @coroutine#3?[0;39m|?[34m(AbstractConfig.java:385)?[0;39m|These configurations '[spring.json.trusted.packages]' were supplied but are not used yet.
13:48:58.747|?[34mINFO ?[0;39m|?[32mpool-1-thread-1 @coroutine#3?[0;39m|?[34m(AppInfoParser.java:119)?[0;39m|Kafka version: 3.4.1
13:48:58.747|?[34mINFO ?[0;39m|?[32mpool-1-thread-1 @coroutine#3?[0;39m|?[34m(AppInfoParser.java:120)?[0;39m|Kafka commitId: 8a516edc2755df89
13:48:58.747|?[34mINFO ?[0;39m|?[32mpool-1-thread-1 @coroutine#3?[0;39m|?[34m(AppInfoParser.java:121)?[0;39m|Kafka startTimeMs: 1689137338747
13:48:58.751|?[34mINFO ?[0;39m|?[32mkafka-producer-network-thread | producer-1?[0;39m|?[34m(Metadata.java:287)?[0;39m|[Producer clientId=producer-1] Cluster ID: -cMSVIlDTGeiihGxisBYbQ
13:48:58.754|?[34mINFO ?[0;39m|?[32mkafka-producer-network-thread | producer-1?[0;39m|?[34m(Metadata.java:402)?[0;39m|[Producer clientId=producer-1] Resetting the last seen epoch of partition test-0 to 0 since the associated topicId changed from null to VRtpDil9SXCxFzJUU2sJRQ
13:48:58.754|?[34mINFO ?[0;39m|?[32mkafka-producer-network-thread | producer-1?[0;39m|?[34m(Metadata.java:402)?[0;39m|[Producer clientId=producer-1] Resetting the last seen epoch of partition test-1 to 0 since the associated topicId changed from null to VRtpDil9SXCxFzJUU2sJRQ
13:48:58.761|?[34mINFO ?[0;39m|?[32mcontroller-event-thread?[0;39m|?[34m(Logging.scala:66)?[0;39m|[Controller id=0] Acquired new producerId block ProducerIdsBlock(assignedBrokerId=0, firstProducerId=0, size=1000) by writing to Zk with path version 1
13:48:58.763|?[34mINFO ?[0;39m|?[32mkafka-producer-network-thread | producer-1?[0;39m|?[34m(TransactionManager.java:440)?[0;39m|[Producer clientId=producer-1] ProducerId set to 0 with epoch 0
13:48:58.799|?[39mDEBUG?[0;39m|?[32mpool-1-thread-1 @coroutine#3?[0;39m|?[34m(ReactiveKafkaConsumerTest.kt:37)?[0;39m|>> send : 0
13:48:58.805|?[39mDEBUG?[0;39m|?[32mpool-1-thread-1 @coroutine#3?[0;39m|?[34m(ReactiveKafkaConsumerTest.kt:37)?[0;39m|>> send : 1
13:48:58.808|?[39mDEBUG?[0;39m|?[32mpool-1-thread-1 @coroutine#3?[0;39m|?[34m(ReactiveKafkaConsumerTest.kt:37)?[0;39m|>> send : 2
13:48:58.812|?[39mDEBUG?[0;39m|?[32mpool-1-thread-1 @coroutine#3?[0;39m|?[34m(ReactiveKafkaConsumerTest.kt:37)?[0;39m|>> send : 3
13:48:58.814|?[39mDEBUG?[0;39m|?[32mpool-1-thread-1 @coroutine#3?[0;39m|?[34m(ReactiveKafkaConsumerTest.kt:37)?[0;39m|>> send : 4
13:48:58.817|?[39mDEBUG?[0;39m|?[32mpool-1-thread-1 @coroutine#3?[0;39m|?[34m(ReactiveKafkaConsumerTest.kt:37)?[0;39m|>> send : 5
13:48:58.821|?[39mDEBUG?[0;39m|?[32mpool-1-thread-1 @coroutine#3?[0;39m|?[34m(ReactiveKafkaConsumerTest.kt:37)?[0;39m|>> send : 6
13:48:58.823|?[39mDEBUG?[0;39m|?[32mpool-1-thread-1 @coroutine#3?[0;39m|?[34m(ReactiveKafkaConsumerTest.kt:37)?[0;39m|>> send : 7
13:48:58.826|?[39mDEBUG?[0;39m|?[32mpool-1-thread-1 @coroutine#3?[0;39m|?[34m(ReactiveKafkaConsumerTest.kt:37)?[0;39m|>> send : 8
13:48:58.828|?[39mDEBUG?[0;39m|?[32mpool-1-thread-1 @coroutine#3?[0;39m|?[34m(ReactiveKafkaConsumerTest.kt:37)?[0;39m|>> send : 9
13:48:58.881|?[39mDEBUG?[0;39m|?[32mDefaultDispatcher-worker-1 @coroutine#5?[0;39m|?[34m(ReactiveKafkaConsumer.kt:67)?[0;39m|> topic=test, partition=1 offset=0
13:48:58.881|?[39mDEBUG?[0;39m|?[32mDefaultDispatcher-worker-9 @coroutine#13?[0;39m|?[34m(ReactiveKafkaConsumer.kt:67)?[0;39m|> topic=test, partition=1 offset=8
13:48:58.881|?[39mDEBUG?[0;39m|?[32mDefaultDispatcher-worker-7 @coroutine#11?[0;39m|?[34m(ReactiveKafkaConsumer.kt:67)?[0;39m|> topic=test, partition=1 offset=6
13:48:58.881|?[39mDEBUG?[0;39m|?[32mDefaultDispatcher-worker-5 @coroutine#9?[0;39m|?[34m(ReactiveKafkaConsumer.kt:67)?[0;39m|> topic=test, partition=1 offset=4
13:48:58.881|?[39mDEBUG?[0;39m|?[32mDefaultDispatcher-worker-8 @coroutine#12?[0;39m|?[34m(ReactiveKafkaConsumer.kt:67)?[0;39m|> topic=test, partition=1 offset=7
13:48:58.882|?[39mDEBUG?[0;39m|?[32mDefaultDispatcher-worker-10 @coroutine#14?[0;39m|?[34m(ReactiveKafkaConsumer.kt:67)?[0;39m|> topic=test, partition=1 offset=9
13:48:58.881|?[39mDEBUG?[0;39m|?[32mDefaultDispatcher-worker-2 @coroutine#6?[0;39m|?[34m(ReactiveKafkaConsumer.kt:67)?[0;39m|> topic=test, partition=1 offset=1
13:48:58.881|?[39mDEBUG?[0;39m|?[32mDefaultDispatcher-worker-4 @coroutine#8?[0;39m|?[34m(ReactiveKafkaConsumer.kt:67)?[0;39m|> topic=test, partition=1 offset=3
13:48:58.882|?[39mDEBUG?[0;39m|?[32mDefaultDispatcher-worker-6 @coroutine#10?[0;39m|?[34m(ReactiveKafkaConsumer.kt:67)?[0;39m|> topic=test, partition=1 offset=5
13:48:58.882|?[39mDEBUG?[0;39m|?[32mDefaultDispatcher-worker-3 @coroutine#7?[0;39m|?[34m(ReactiveKafkaConsumer.kt:67)?[0;39m|> topic=test, partition=1 offset=2
13:48:58.892|?[39mDEBUG?[0;39m|?[32mDefaultDispatcher-worker-7 @coroutine#11?[0;39m|?[34m(ReactiveKafkaConsumer.kt:91)?[0;39m|success : Person(id=6, name=John, age=31, birthDay=1992-07-12) (topic=test, partition=1 offset=6)
13:48:58.892|?[39mDEBUG?[0;39m|?[32mDefaultDispatcher-worker-5 @coroutine#9?[0;39m|?[34m(ReactiveKafkaConsumer.kt:91)?[0;39m|success : Person(id=4, name=John, age=31, birthDay=1992-07-12) (topic=test, partition=1 offset=4)
13:48:58.892|?[39mDEBUG?[0;39m|?[32mDefaultDispatcher-worker-4 @coroutine#8?[0;39m|?[34m(ReactiveKafkaConsumer.kt:91)?[0;39m|success : Person(id=3, name=John, age=31, birthDay=1992-07-12) (topic=test, partition=1 offset=3)
13:48:58.892|?[39mDEBUG?[0;39m|?[32mDefaultDispatcher-worker-9 @coroutine#13?[0;39m|?[34m(ReactiveKafkaConsumer.kt:91)?[0;39m|success : Person(id=8, name=John, age=31, birthDay=1992-07-12) (topic=test, partition=1 offset=8)
13:48:58.892|?[39mDEBUG?[0;39m|?[32mDefaultDispatcher-worker-3 @coroutine#7?[0;39m|?[34m(ReactiveKafkaConsumer.kt:91)?[0;39m|success : Person(id=2, name=John, age=31, birthDay=1992-07-12) (topic=test, partition=1 offset=2)
13:48:58.892|?[39mDEBUG?[0;39m|?[32mDefaultDispatcher-worker-1 @coroutine#5?[0;39m|?[34m(ReactiveKafkaConsumer.kt:91)?[0;39m|success : Person(id=0, name=John, age=31, birthDay=1992-07-12) (topic=test, partition=1 offset=0)
13:48:58.892|?[39mDEBUG?[0;39m|?[32mDefaultDispatcher-worker-6 @coroutine#10?[0;39m|?[34m(ReactiveKafkaConsumer.kt:91)?[0;39m|success : Person(id=5, name=John, age=31, birthDay=1992-07-12) (topic=test, partition=1 offset=5)
13:48:58.893|?[39mDEBUG?[0;39m|?[32mDefaultDispatcher-worker-8 @coroutine#12?[0;39m|?[34m(ReactiveKafkaConsumer.kt:91)?[0;39m|success : Person(id=7, name=John, age=31, birthDay=1992-07-12) (topic=test, partition=1 offset=7)
13:48:58.892|?[39mDEBUG?[0;39m|?[32mDefaultDispatcher-worker-2 @coroutine#6?[0;39m|?[34m(ReactiveKafkaConsumer.kt:91)?[0;39m|success : Person(id=1, name=John, age=31, birthDay=1992-07-12) (topic=test, partition=1 offset=1)
13:48:58.893|?[39mDEBUG?[0;39m|?[32mDefaultDispatcher-worker-10 @coroutine#14?[0;39m|?[34m(ReactiveKafkaConsumer.kt:91)?[0;39m|success : Person(id=9, name=John, age=31, birthDay=1992-07-12) (topic=test, partition=1 offset=9)
]]></system-out>
  <system-err><![CDATA[]]></system-err>
</testsuite>
